[1.802s] Invoking command in '/home/nb_adm/SWARMz4/ros2_ws/src/px4_pkgs/px4_controllers/offboard_control_py': PYTHONPATH=/home/nb_adm/SWARMz4/ros2_ws/build/offboard_control_py/prefix_override:/usr/lib/python3/dist-packages/colcon_core/task/python/colcon_distutils_commands:/home/nb_adm/SWARMz4/ros2_ws/install/offboard_control_py/lib/python3.10/site-packages:${PYTHONPATH} /usr/bin/python3 -W ignore:setup.py install is deprecated -W ignore:easy_install command is deprecated setup.py egg_info --egg-base ../../../../build/offboard_control_py build --build-base /home/nb_adm/SWARMz4/ros2_ws/build/offboard_control_py/build install --record /home/nb_adm/SWARMz4/ros2_ws/build/offboard_control_py/install.log --single-version-externally-managed install_data
[2.027s] running egg_info
[2.028s] creating ../../../../build/offboard_control_py/offboard_control_py.egg-info
[2.028s] writing ../../../../build/offboard_control_py/offboard_control_py.egg-info/PKG-INFO
[2.029s] writing dependency_links to ../../../../build/offboard_control_py/offboard_control_py.egg-info/dependency_links.txt
[2.029s] writing entry points to ../../../../build/offboard_control_py/offboard_control_py.egg-info/entry_points.txt
[2.029s] writing requirements to ../../../../build/offboard_control_py/offboard_control_py.egg-info/requires.txt
[2.029s] writing top-level names to ../../../../build/offboard_control_py/offboard_control_py.egg-info/top_level.txt
[2.029s] writing manifest file '../../../../build/offboard_control_py/offboard_control_py.egg-info/SOURCES.txt'
[2.031s] reading manifest file '../../../../build/offboard_control_py/offboard_control_py.egg-info/SOURCES.txt'
[2.032s] writing manifest file '../../../../build/offboard_control_py/offboard_control_py.egg-info/SOURCES.txt'
[2.032s] running build
[2.032s] running build_py
[2.033s] creating /home/nb_adm/SWARMz4/ros2_ws/build/offboard_control_py/build
[2.033s] creating /home/nb_adm/SWARMz4/ros2_ws/build/offboard_control_py/build/lib
[2.033s] creating /home/nb_adm/SWARMz4/ros2_ws/build/offboard_control_py/build/lib/offboard_control_py
[2.033s] copying offboard_control_py/offboard_control_goto.py -> /home/nb_adm/SWARMz4/ros2_ws/build/offboard_control_py/build/lib/offboard_control_py
[2.033s] copying offboard_control_py/offboard_control.py -> /home/nb_adm/SWARMz4/ros2_ws/build/offboard_control_py/build/lib/offboard_control_py
[2.033s] copying offboard_control_py/__init__.py -> /home/nb_adm/SWARMz4/ros2_ws/build/offboard_control_py/build/lib/offboard_control_py
[2.033s] copying offboard_control_py/simu_processes.py -> /home/nb_adm/SWARMz4/ros2_ws/build/offboard_control_py/build/lib/offboard_control_py
[2.034s] copying offboard_control_py/tight_circle.py -> /home/nb_adm/SWARMz4/ros2_ws/build/offboard_control_py/build/lib/offboard_control_py
[2.034s] copying offboard_control_py/mission_control.py -> /home/nb_adm/SWARMz4/ros2_ws/build/offboard_control_py/build/lib/offboard_control_py
[2.034s] copying offboard_control_py/simu_circle.py -> /home/nb_adm/SWARMz4/ros2_ws/build/offboard_control_py/build/lib/offboard_control_py
[2.034s] running install
[2.034s] running install_lib
[2.035s] creating /home/nb_adm/SWARMz4/ros2_ws/install/offboard_control_py/lib/python3.10/site-packages/offboard_control_py
[2.035s] copying /home/nb_adm/SWARMz4/ros2_ws/build/offboard_control_py/build/lib/offboard_control_py/offboard_control_goto.py -> /home/nb_adm/SWARMz4/ros2_ws/install/offboard_control_py/lib/python3.10/site-packages/offboard_control_py
[2.035s] copying /home/nb_adm/SWARMz4/ros2_ws/build/offboard_control_py/build/lib/offboard_control_py/offboard_control.py -> /home/nb_adm/SWARMz4/ros2_ws/install/offboard_control_py/lib/python3.10/site-packages/offboard_control_py
[2.036s] copying /home/nb_adm/SWARMz4/ros2_ws/build/offboard_control_py/build/lib/offboard_control_py/__init__.py -> /home/nb_adm/SWARMz4/ros2_ws/install/offboard_control_py/lib/python3.10/site-packages/offboard_control_py
[2.036s] copying /home/nb_adm/SWARMz4/ros2_ws/build/offboard_control_py/build/lib/offboard_control_py/simu_processes.py -> /home/nb_adm/SWARMz4/ros2_ws/install/offboard_control_py/lib/python3.10/site-packages/offboard_control_py
[2.036s] copying /home/nb_adm/SWARMz4/ros2_ws/build/offboard_control_py/build/lib/offboard_control_py/tight_circle.py -> /home/nb_adm/SWARMz4/ros2_ws/install/offboard_control_py/lib/python3.10/site-packages/offboard_control_py
[2.036s] copying /home/nb_adm/SWARMz4/ros2_ws/build/offboard_control_py/build/lib/offboard_control_py/mission_control.py -> /home/nb_adm/SWARMz4/ros2_ws/install/offboard_control_py/lib/python3.10/site-packages/offboard_control_py
[2.036s] copying /home/nb_adm/SWARMz4/ros2_ws/build/offboard_control_py/build/lib/offboard_control_py/simu_circle.py -> /home/nb_adm/SWARMz4/ros2_ws/install/offboard_control_py/lib/python3.10/site-packages/offboard_control_py
[2.037s] byte-compiling /home/nb_adm/SWARMz4/ros2_ws/install/offboard_control_py/lib/python3.10/site-packages/offboard_control_py/offboard_control_goto.py to offboard_control_goto.cpython-310.pyc
[2.039s] byte-compiling /home/nb_adm/SWARMz4/ros2_ws/install/offboard_control_py/lib/python3.10/site-packages/offboard_control_py/offboard_control.py to offboard_control.cpython-310.pyc
[2.040s] byte-compiling /home/nb_adm/SWARMz4/ros2_ws/install/offboard_control_py/lib/python3.10/site-packages/offboard_control_py/__init__.py to __init__.cpython-310.pyc
[2.040s] byte-compiling /home/nb_adm/SWARMz4/ros2_ws/install/offboard_control_py/lib/python3.10/site-packages/offboard_control_py/simu_processes.py to simu_processes.cpython-310.pyc
[2.040s] byte-compiling /home/nb_adm/SWARMz4/ros2_ws/install/offboard_control_py/lib/python3.10/site-packages/offboard_control_py/tight_circle.py to tight_circle.cpython-310.pyc
[2.041s] byte-compiling /home/nb_adm/SWARMz4/ros2_ws/install/offboard_control_py/lib/python3.10/site-packages/offboard_control_py/mission_control.py to mission_control.cpython-310.pyc
[2.043s] byte-compiling /home/nb_adm/SWARMz4/ros2_ws/install/offboard_control_py/lib/python3.10/site-packages/offboard_control_py/simu_circle.py to simu_circle.cpython-310.pyc
[2.044s] running install_data
[2.044s] creating /home/nb_adm/SWARMz4/ros2_ws/install/offboard_control_py/share/ament_index
[2.044s] creating /home/nb_adm/SWARMz4/ros2_ws/install/offboard_control_py/share/ament_index/resource_index
[2.045s] creating /home/nb_adm/SWARMz4/ros2_ws/install/offboard_control_py/share/ament_index/resource_index/packages
[2.045s] copying resource/offboard_control_py -> /home/nb_adm/SWARMz4/ros2_ws/install/offboard_control_py/share/ament_index/resource_index/packages
[2.045s] copying package.xml -> /home/nb_adm/SWARMz4/ros2_ws/install/offboard_control_py/share/offboard_control_py
[2.045s] creating /home/nb_adm/SWARMz4/ros2_ws/install/offboard_control_py/share/offboard_control_py/launch
[2.045s] copying launch/SwarmZ_simu_cpp.launch.py -> /home/nb_adm/SWARMz4/ros2_ws/install/offboard_control_py/share/offboard_control_py/launch
[2.045s] copying launch/SwarmZ_mission.launch.py -> /home/nb_adm/SWARMz4/ros2_ws/install/offboard_control_py/share/offboard_control_py/launch
[2.045s] copying launch/SwarmZ_simu.launch.py -> /home/nb_adm/SWARMz4/ros2_ws/install/offboard_control_py/share/offboard_control_py/launch
[2.045s] copying launch/offboard_control_goto.launch.py -> /home/nb_adm/SWARMz4/ros2_ws/install/offboard_control_py/share/offboard_control_py/launch
[2.045s] copying launch/new_mission_launch.py -> /home/nb_adm/SWARMz4/ros2_ws/install/offboard_control_py/share/offboard_control_py/launch
[2.045s] running install_egg_info
[2.047s] Copying ../../../../build/offboard_control_py/offboard_control_py.egg-info to /home/nb_adm/SWARMz4/ros2_ws/install/offboard_control_py/lib/python3.10/site-packages/offboard_control_py-0.0.0-py3.10.egg-info
[2.048s] running install_scripts
[2.071s] Installing mission_control script to /home/nb_adm/SWARMz4/ros2_ws/install/offboard_control_py/lib/offboard_control_py
[2.071s] Installing offboard_control script to /home/nb_adm/SWARMz4/ros2_ws/install/offboard_control_py/lib/offboard_control_py
[2.071s] Installing offboard_control_goto script to /home/nb_adm/SWARMz4/ros2_ws/install/offboard_control_py/lib/offboard_control_py
[2.071s] Installing simu_circle script to /home/nb_adm/SWARMz4/ros2_ws/install/offboard_control_py/lib/offboard_control_py
[2.071s] Installing simu_processes script to /home/nb_adm/SWARMz4/ros2_ws/install/offboard_control_py/lib/offboard_control_py
[2.071s] Installing tight_circle script to /home/nb_adm/SWARMz4/ros2_ws/install/offboard_control_py/lib/offboard_control_py
[2.072s] writing list of installed files to '/home/nb_adm/SWARMz4/ros2_ws/build/offboard_control_py/install.log'
[2.105s] Invoked command in '/home/nb_adm/SWARMz4/ros2_ws/src/px4_pkgs/px4_controllers/offboard_control_py' returned '0': PYTHONPATH=/home/nb_adm/SWARMz4/ros2_ws/build/offboard_control_py/prefix_override:/usr/lib/python3/dist-packages/colcon_core/task/python/colcon_distutils_commands:/home/nb_adm/SWARMz4/ros2_ws/install/offboard_control_py/lib/python3.10/site-packages:${PYTHONPATH} /usr/bin/python3 -W ignore:setup.py install is deprecated -W ignore:easy_install command is deprecated setup.py egg_info --egg-base ../../../../build/offboard_control_py build --build-base /home/nb_adm/SWARMz4/ros2_ws/build/offboard_control_py/build install --record /home/nb_adm/SWARMz4/ros2_ws/build/offboard_control_py/install.log --single-version-externally-managed install_data
