[1.379s] Invoking command in '/home/nb_adm/SWARMz4/ros2_ws/build/swarmz_interfaces': CMAKE_PREFIX_PATH=${CMAKE_PREFIX_PATH}:/home/nb_adm/SWARMz4/ros2_ws/install/px4_offboard_velocity:/home/nb_adm/SWARMz4/ros2_ws/install/px4_offboard_position:/home/nb_adm/SWARMz4/ros2_ws/install/px4_gz_bridge:/home/nb_adm/SWARMz4/ros2_ws/install/offboard_control_py:/home/nb_adm/SWARMz4/ros2_ws/install/game_master:/home/nb_adm/SWARMz4/ros2_ws/install/flag_ship:/opt/ros/humble /usr/bin/cmake --build /home/nb_adm/SWARMz4/ros2_ws/build/swarmz_interfaces -- -j24 -l24
[1.414s] [35m[1mConsolidate compiler generated dependencies of target swarmz_interfaces__rosidl_generator_c[0m
[1.420s] [  1%] Built target swarmz_interfaces__cpp
[1.426s] [ 12%] Built target swarmz_interfaces__rosidl_generator_c
[1.429s] [35m[1mConsolidate compiler generated dependencies of target swarmz_interfaces__rosidl_typesupport_cpp[0m
[1.429s] [35m[1mConsolidate compiler generated dependencies of target swarmz_interfaces__rosidl_typesupport_fastrtps_cpp[0m
[1.439s] [35m[1mConsolidate compiler generated dependencies of target swarmz_interfaces__rosidl_typesupport_introspection_cpp[0m
[1.441s] [ 12%] Built target ament_cmake_python_copy_swarmz_interfaces
[1.445s] [35m[1mConsolidate compiler generated dependencies of target swarmz_interfaces__rosidl_typesupport_c[0m
[1.452s] [ 23%] Built target swarmz_interfaces__rosidl_typesupport_fastrtps_cpp
[1.452s] [35m[1mConsolidate compiler generated dependencies of target swarmz_interfaces__rosidl_typesupport_fastrtps_c[0m
[1.452s] [35m[1mConsolidate compiler generated dependencies of target swarmz_interfaces__rosidl_typesupport_introspection_c[0m
[1.452s] [ 34%] Built target swarmz_interfaces__rosidl_typesupport_cpp
[1.461s] [ 46%] Built target swarmz_interfaces__rosidl_typesupport_introspection_cpp
[1.464s] [ 57%] Built target swarmz_interfaces__rosidl_typesupport_c
[1.475s] [ 79%] Built target swarmz_interfaces__rosidl_typesupport_introspection_c
[1.476s] [ 79%] Built target swarmz_interfaces__rosidl_typesupport_fastrtps_c
[1.508s] [ 79%] Built target swarmz_interfaces
[1.538s] [ 80%] Built target swarmz_interfaces__py
[1.552s] [35m[1mConsolidate compiler generated dependencies of target swarmz_interfaces__rosidl_generator_py[0m
[1.563s] [ 90%] Built target swarmz_interfaces__rosidl_generator_py
[1.563s] [35m[1mConsolidate compiler generated dependencies of target swarmz_interfaces__rosidl_typesupport_introspection_c__pyext[0m
[1.564s] [35m[1mConsolidate compiler generated dependencies of target swarmz_interfaces__rosidl_typesupport_fastrtps_c__pyext[0m
[1.564s] [35m[1mConsolidate compiler generated dependencies of target swarmz_interfaces__rosidl_typesupport_c__pyext[0m
[1.564s] [ 93%] Built target swarmz_interfaces__rosidl_typesupport_c__pyext
[1.564s] [100%] Built target swarmz_interfaces__rosidl_typesupport_fastrtps_c__pyext
[1.564s] [100%] Built target swarmz_interfaces__rosidl_typesupport_introspection_c__pyext
[1.815s] running egg_info
[1.816s] writing swarmz_interfaces.egg-info/PKG-INFO
[1.816s] writing dependency_links to swarmz_interfaces.egg-info/dependency_links.txt
[1.816s] writing top-level names to swarmz_interfaces.egg-info/top_level.txt
[1.819s] reading manifest file 'swarmz_interfaces.egg-info/SOURCES.txt'
[1.820s] writing manifest file 'swarmz_interfaces.egg-info/SOURCES.txt'
[1.845s] [100%] Built target ament_cmake_python_build_swarmz_interfaces_egg
[2.305s] Invoked command in '/home/nb_adm/SWARMz4/ros2_ws/build/swarmz_interfaces' returned '0': CMAKE_PREFIX_PATH=${CMAKE_PREFIX_PATH}:/home/nb_adm/SWARMz4/ros2_ws/install/px4_offboard_velocity:/home/nb_adm/SWARMz4/ros2_ws/install/px4_offboard_position:/home/nb_adm/SWARMz4/ros2_ws/install/px4_gz_bridge:/home/nb_adm/SWARMz4/ros2_ws/install/offboard_control_py:/home/nb_adm/SWARMz4/ros2_ws/install/game_master:/home/nb_adm/SWARMz4/ros2_ws/install/flag_ship:/opt/ros/humble /usr/bin/cmake --build /home/nb_adm/SWARMz4/ros2_ws/build/swarmz_interfaces -- -j24 -l24
[2.310s] Invoking command in '/home/nb_adm/SWARMz4/ros2_ws/build/swarmz_interfaces': CMAKE_PREFIX_PATH=${CMAKE_PREFIX_PATH}:/home/nb_adm/SWARMz4/ros2_ws/install/px4_offboard_velocity:/home/nb_adm/SWARMz4/ros2_ws/install/px4_offboard_position:/home/nb_adm/SWARMz4/ros2_ws/install/px4_gz_bridge:/home/nb_adm/SWARMz4/ros2_ws/install/offboard_control_py:/home/nb_adm/SWARMz4/ros2_ws/install/game_master:/home/nb_adm/SWARMz4/ros2_ws/install/flag_ship:/opt/ros/humble /usr/bin/cmake --install /home/nb_adm/SWARMz4/ros2_ws/build/swarmz_interfaces
[2.331s] -- Install configuration: ""
[2.331s] -- Up-to-date: /home/nb_adm/SWARMz4/ros2_ws/install/swarmz_interfaces/share/ament_index/resource_index/rosidl_interfaces/swarmz_interfaces
[2.331s] -- Up-to-date: /home/nb_adm/SWARMz4/ros2_ws/install/swarmz_interfaces/include/swarmz_interfaces/swarmz_interfaces
[2.331s] -- Up-to-date: /home/nb_adm/SWARMz4/ros2_ws/install/swarmz_interfaces/include/swarmz_interfaces/swarmz_interfaces/srv
[2.331s] -- Up-to-date: /home/nb_adm/SWARMz4/ros2_ws/install/swarmz_interfaces/include/swarmz_interfaces/swarmz_interfaces/srv/missile.h
[2.331s] -- Up-to-date: /home/nb_adm/SWARMz4/ros2_ws/install/swarmz_interfaces/include/swarmz_interfaces/swarmz_interfaces/srv/kamikaze.h
[2.331s] -- Up-to-date: /home/nb_adm/SWARMz4/ros2_ws/install/swarmz_interfaces/include/swarmz_interfaces/swarmz_interfaces/srv/update_health.h
[2.331s] -- Up-to-date: /home/nb_adm/SWARMz4/ros2_ws/install/swarmz_interfaces/include/swarmz_interfaces/swarmz_interfaces/srv/detail
[2.331s] -- Up-to-date: /home/nb_adm/SWARMz4/ros2_ws/install/swarmz_interfaces/include/swarmz_interfaces/swarmz_interfaces/srv/detail/missile__functions.h
[2.331s] -- Up-to-date: /home/nb_adm/SWARMz4/ros2_ws/install/swarmz_interfaces/include/swarmz_interfaces/swarmz_interfaces/srv/detail/update_health__struct.h
[2.331s] -- Up-to-date: /home/nb_adm/SWARMz4/ros2_ws/install/swarmz_interfaces/include/swarmz_interfaces/swarmz_interfaces/srv/detail/missile__functions.c
[2.331s] -- Up-to-date: /home/nb_adm/SWARMz4/ros2_ws/install/swarmz_interfaces/include/swarmz_interfaces/swarmz_interfaces/srv/detail/kamikaze__struct.h
[2.331s] -- Up-to-date: /home/nb_adm/SWARMz4/ros2_ws/install/swarmz_interfaces/include/swarmz_interfaces/swarmz_interfaces/srv/detail/kamikaze__functions.h
[2.331s] -- Up-to-date: /home/nb_adm/SWARMz4/ros2_ws/install/swarmz_interfaces/include/swarmz_interfaces/swarmz_interfaces/srv/detail/missile__struct.h
[2.331s] -- Up-to-date: /home/nb_adm/SWARMz4/ros2_ws/install/swarmz_interfaces/include/swarmz_interfaces/swarmz_interfaces/srv/detail/kamikaze__type_support.h
[2.331s] -- Up-to-date: /home/nb_adm/SWARMz4/ros2_ws/install/swarmz_interfaces/include/swarmz_interfaces/swarmz_interfaces/srv/detail/kamikaze__functions.c
[2.331s] -- Up-to-date: /home/nb_adm/SWARMz4/ros2_ws/install/swarmz_interfaces/include/swarmz_interfaces/swarmz_interfaces/srv/detail/missile__type_support.h
[2.332s] -- Up-to-date: /home/nb_adm/SWARMz4/ros2_ws/install/swarmz_interfaces/include/swarmz_interfaces/swarmz_interfaces/srv/detail/update_health__type_support.h
[2.332s] -- Up-to-date: /home/nb_adm/SWARMz4/ros2_ws/install/swarmz_interfaces/include/swarmz_interfaces/swarmz_interfaces/srv/detail/update_health__functions.c
[2.332s] -- Up-to-date: /home/nb_adm/SWARMz4/ros2_ws/install/swarmz_interfaces/include/swarmz_interfaces/swarmz_interfaces/srv/detail/update_health__functions.h
[2.332s] -- Up-to-date: /home/nb_adm/SWARMz4/ros2_ws/install/swarmz_interfaces/include/swarmz_interfaces/swarmz_interfaces/msg
[2.332s] -- Up-to-date: /home/nb_adm/SWARMz4/ros2_ws/install/swarmz_interfaces/include/swarmz_interfaces/swarmz_interfaces/msg/detections.h
[2.332s] -- Up-to-date: /home/nb_adm/SWARMz4/ros2_ws/install/swarmz_interfaces/include/swarmz_interfaces/swarmz_interfaces/msg/detection.h
[2.332s] -- Up-to-date: /home/nb_adm/SWARMz4/ros2_ws/install/swarmz_interfaces/include/swarmz_interfaces/swarmz_interfaces/msg/detail
[2.332s] -- Up-to-date: /home/nb_adm/SWARMz4/ros2_ws/install/swarmz_interfaces/include/swarmz_interfaces/swarmz_interfaces/msg/detail/detections__struct.h
[2.332s] -- Up-to-date: /home/nb_adm/SWARMz4/ros2_ws/install/swarmz_interfaces/include/swarmz_interfaces/swarmz_interfaces/msg/detail/detection__struct.h
[2.332s] -- Up-to-date: /home/nb_adm/SWARMz4/ros2_ws/install/swarmz_interfaces/include/swarmz_interfaces/swarmz_interfaces/msg/detail/detections__functions.c
[2.332s] -- Up-to-date: /home/nb_adm/SWARMz4/ros2_ws/install/swarmz_interfaces/include/swarmz_interfaces/swarmz_interfaces/msg/detail/detection__functions.c
[2.332s] -- Up-to-date: /home/nb_adm/SWARMz4/ros2_ws/install/swarmz_interfaces/include/swarmz_interfaces/swarmz_interfaces/msg/detail/detection__type_support.h
[2.332s] -- Up-to-date: /home/nb_adm/SWARMz4/ros2_ws/install/swarmz_interfaces/include/swarmz_interfaces/swarmz_interfaces/msg/detail/detections__functions.h
[2.332s] -- Up-to-date: /home/nb_adm/SWARMz4/ros2_ws/install/swarmz_interfaces/include/swarmz_interfaces/swarmz_interfaces/msg/detail/detection__functions.h
[2.332s] -- Up-to-date: /home/nb_adm/SWARMz4/ros2_ws/install/swarmz_interfaces/include/swarmz_interfaces/swarmz_interfaces/msg/detail/detections__type_support.h
[2.332s] -- Up-to-date: /home/nb_adm/SWARMz4/ros2_ws/install/swarmz_interfaces/include/swarmz_interfaces/swarmz_interfaces/msg/rosidl_generator_c__visibility_control.h
[2.332s] -- Up-to-date: /home/nb_adm/SWARMz4/ros2_ws/install/swarmz_interfaces/share/swarmz_interfaces/environment/library_path.sh
[2.332s] -- Up-to-date: /home/nb_adm/SWARMz4/ros2_ws/install/swarmz_interfaces/share/swarmz_interfaces/environment/library_path.dsv
[2.332s] -- Up-to-date: /home/nb_adm/SWARMz4/ros2_ws/install/swarmz_interfaces/lib/libswarmz_interfaces__rosidl_generator_c.so
[2.332s] -- Up-to-date: /home/nb_adm/SWARMz4/ros2_ws/install/swarmz_interfaces/include/swarmz_interfaces/swarmz_interfaces
[2.332s] -- Up-to-date: /home/nb_adm/SWARMz4/ros2_ws/install/swarmz_interfaces/include/swarmz_interfaces/swarmz_interfaces/srv
[2.332s] -- Up-to-date: /home/nb_adm/SWARMz4/ros2_ws/install/swarmz_interfaces/include/swarmz_interfaces/swarmz_interfaces/srv/detail
[2.332s] -- Up-to-date: /home/nb_adm/SWARMz4/ros2_ws/install/swarmz_interfaces/include/swarmz_interfaces/swarmz_interfaces/srv/detail/update_health__rosidl_typesupport_fastrtps_c.h
[2.332s] -- Up-to-date: /home/nb_adm/SWARMz4/ros2_ws/install/swarmz_interfaces/include/swarmz_interfaces/swarmz_interfaces/srv/detail/missile__rosidl_typesupport_fastrtps_c.h
[2.332s] -- Up-to-date: /home/nb_adm/SWARMz4/ros2_ws/install/swarmz_interfaces/include/swarmz_interfaces/swarmz_interfaces/srv/detail/kamikaze__rosidl_typesupport_fastrtps_c.h
[2.332s] -- Up-to-date: /home/nb_adm/SWARMz4/ros2_ws/install/swarmz_interfaces/include/swarmz_interfaces/swarmz_interfaces/msg
[2.332s] -- Up-to-date: /home/nb_adm/SWARMz4/ros2_ws/install/swarmz_interfaces/include/swarmz_interfaces/swarmz_interfaces/msg/rosidl_typesupport_fastrtps_c__visibility_control.h
[2.332s] -- Up-to-date: /home/nb_adm/SWARMz4/ros2_ws/install/swarmz_interfaces/include/swarmz_interfaces/swarmz_interfaces/msg/detail
[2.332s] -- Up-to-date: /home/nb_adm/SWARMz4/ros2_ws/install/swarmz_interfaces/include/swarmz_interfaces/swarmz_interfaces/msg/detail/detection__rosidl_typesupport_fastrtps_c.h
[2.332s] -- Up-to-date: /home/nb_adm/SWARMz4/ros2_ws/install/swarmz_interfaces/include/swarmz_interfaces/swarmz_interfaces/msg/detail/detections__rosidl_typesupport_fastrtps_c.h
[2.332s] -- Up-to-date: /home/nb_adm/SWARMz4/ros2_ws/install/swarmz_interfaces/lib/libswarmz_interfaces__rosidl_typesupport_fastrtps_c.so
[2.332s] -- Up-to-date: /home/nb_adm/SWARMz4/ros2_ws/install/swarmz_interfaces/include/swarmz_interfaces/swarmz_interfaces
[2.332s] -- Up-to-date: /home/nb_adm/SWARMz4/ros2_ws/install/swarmz_interfaces/include/swarmz_interfaces/swarmz_interfaces/srv
[2.332s] -- Up-to-date: /home/nb_adm/SWARMz4/ros2_ws/install/swarmz_interfaces/include/swarmz_interfaces/swarmz_interfaces/srv/detail
[2.332s] -- Up-to-date: /home/nb_adm/SWARMz4/ros2_ws/install/swarmz_interfaces/include/swarmz_interfaces/swarmz_interfaces/srv/detail/update_health__type_support.c
[2.332s] -- Up-to-date: /home/nb_adm/SWARMz4/ros2_ws/install/swarmz_interfaces/include/swarmz_interfaces/swarmz_interfaces/srv/detail/kamikaze__type_support.c
[2.333s] -- Up-to-date: /home/nb_adm/SWARMz4/ros2_ws/install/swarmz_interfaces/include/swarmz_interfaces/swarmz_interfaces/srv/detail/update_health__rosidl_typesupport_introspection_c.h
[2.333s] -- Up-to-date: /home/nb_adm/SWARMz4/ros2_ws/install/swarmz_interfaces/include/swarmz_interfaces/swarmz_interfaces/srv/detail/missile__rosidl_typesupport_introspection_c.h
[2.333s] -- Up-to-date: /home/nb_adm/SWARMz4/ros2_ws/install/swarmz_interfaces/include/swarmz_interfaces/swarmz_interfaces/srv/detail/kamikaze__rosidl_typesupport_introspection_c.h
[2.333s] -- Up-to-date: /home/nb_adm/SWARMz4/ros2_ws/install/swarmz_interfaces/include/swarmz_interfaces/swarmz_interfaces/srv/detail/missile__type_support.c
[2.333s] -- Up-to-date: /home/nb_adm/SWARMz4/ros2_ws/install/swarmz_interfaces/include/swarmz_interfaces/swarmz_interfaces/msg
[2.334s] -- Up-to-date: /home/nb_adm/SWARMz4/ros2_ws/install/swarmz_interfaces/include/swarmz_interfaces/swarmz_interfaces/msg/detail
[2.334s] -- Up-to-date: /home/nb_adm/SWARMz4/ros2_ws/install/swarmz_interfaces/include/swarmz_interfaces/swarmz_interfaces/msg/detail/detections__rosidl_typesupport_introspection_c.h
[2.334s] -- Up-to-date: /home/nb_adm/SWARMz4/ros2_ws/install/swarmz_interfaces/include/swarmz_interfaces/swarmz_interfaces/msg/detail/detection__rosidl_typesupport_introspection_c.h
[2.334s] -- Up-to-date: /home/nb_adm/SWARMz4/ros2_ws/install/swarmz_interfaces/include/swarmz_interfaces/swarmz_interfaces/msg/detail/detection__type_support.c
[2.334s] -- Up-to-date: /home/nb_adm/SWARMz4/ros2_ws/install/swarmz_interfaces/include/swarmz_interfaces/swarmz_interfaces/msg/detail/detections__type_support.c
[2.334s] -- Up-to-date: /home/nb_adm/SWARMz4/ros2_ws/install/swarmz_interfaces/include/swarmz_interfaces/swarmz_interfaces/msg/rosidl_typesupport_introspection_c__visibility_control.h
[2.334s] -- Up-to-date: /home/nb_adm/SWARMz4/ros2_ws/install/swarmz_interfaces/lib/libswarmz_interfaces__rosidl_typesupport_introspection_c.so
[2.334s] -- Up-to-date: /home/nb_adm/SWARMz4/ros2_ws/install/swarmz_interfaces/lib/libswarmz_interfaces__rosidl_typesupport_c.so
[2.334s] -- Up-to-date: /home/nb_adm/SWARMz4/ros2_ws/install/swarmz_interfaces/include/swarmz_interfaces/swarmz_interfaces
[2.334s] -- Up-to-date: /home/nb_adm/SWARMz4/ros2_ws/install/swarmz_interfaces/include/swarmz_interfaces/swarmz_interfaces/srv
[2.335s] -- Up-to-date: /home/nb_adm/SWARMz4/ros2_ws/install/swarmz_interfaces/include/swarmz_interfaces/swarmz_interfaces/srv/update_health.hpp
[2.335s] -- Up-to-date: /home/nb_adm/SWARMz4/ros2_ws/install/swarmz_interfaces/include/swarmz_interfaces/swarmz_interfaces/srv/detail
[2.335s] -- Up-to-date: /home/nb_adm/SWARMz4/ros2_ws/install/swarmz_interfaces/include/swarmz_interfaces/swarmz_interfaces/srv/detail/kamikaze__traits.hpp
[2.335s] -- Up-to-date: /home/nb_adm/SWARMz4/ros2_ws/install/swarmz_interfaces/include/swarmz_interfaces/swarmz_interfaces/srv/detail/missile__struct.hpp
[2.335s] -- Up-to-date: /home/nb_adm/SWARMz4/ros2_ws/install/swarmz_interfaces/include/swarmz_interfaces/swarmz_interfaces/srv/detail/kamikaze__type_support.hpp
[2.335s] -- Up-to-date: /home/nb_adm/SWARMz4/ros2_ws/install/swarmz_interfaces/include/swarmz_interfaces/swarmz_interfaces/srv/detail/missile__type_support.hpp
[2.335s] -- Up-to-date: /home/nb_adm/SWARMz4/ros2_ws/install/swarmz_interfaces/include/swarmz_interfaces/swarmz_interfaces/srv/detail/missile__builder.hpp
[2.335s] -- Up-to-date: /home/nb_adm/SWARMz4/ros2_ws/install/swarmz_interfaces/include/swarmz_interfaces/swarmz_interfaces/srv/detail/update_health__traits.hpp
[2.335s] -- Up-to-date: /home/nb_adm/SWARMz4/ros2_ws/install/swarmz_interfaces/include/swarmz_interfaces/swarmz_interfaces/srv/detail/kamikaze__struct.hpp
[2.335s] -- Up-to-date: /home/nb_adm/SWARMz4/ros2_ws/install/swarmz_interfaces/include/swarmz_interfaces/swarmz_interfaces/srv/detail/missile__traits.hpp
[2.335s] -- Up-to-date: /home/nb_adm/SWARMz4/ros2_ws/install/swarmz_interfaces/include/swarmz_interfaces/swarmz_interfaces/srv/detail/update_health__builder.hpp
[2.335s] -- Up-to-date: /home/nb_adm/SWARMz4/ros2_ws/install/swarmz_interfaces/include/swarmz_interfaces/swarmz_interfaces/srv/detail/kamikaze__builder.hpp
[2.335s] -- Up-to-date: /home/nb_adm/SWARMz4/ros2_ws/install/swarmz_interfaces/include/swarmz_interfaces/swarmz_interfaces/srv/detail/update_health__struct.hpp
[2.335s] -- Up-to-date: /home/nb_adm/SWARMz4/ros2_ws/install/swarmz_interfaces/include/swarmz_interfaces/swarmz_interfaces/srv/detail/update_health__type_support.hpp
[2.335s] -- Up-to-date: /home/nb_adm/SWARMz4/ros2_ws/install/swarmz_interfaces/include/swarmz_interfaces/swarmz_interfaces/srv/kamikaze.hpp
[2.335s] -- Up-to-date: /home/nb_adm/SWARMz4/ros2_ws/install/swarmz_interfaces/include/swarmz_interfaces/swarmz_interfaces/srv/missile.hpp
[2.335s] -- Up-to-date: /home/nb_adm/SWARMz4/ros2_ws/install/swarmz_interfaces/include/swarmz_interfaces/swarmz_interfaces/msg
[2.335s] -- Up-to-date: /home/nb_adm/SWARMz4/ros2_ws/install/swarmz_interfaces/include/swarmz_interfaces/swarmz_interfaces/msg/detection.hpp
[2.335s] -- Up-to-date: /home/nb_adm/SWARMz4/ros2_ws/install/swarmz_interfaces/include/swarmz_interfaces/swarmz_interfaces/msg/detections.hpp
[2.335s] -- Up-to-date: /home/nb_adm/SWARMz4/ros2_ws/install/swarmz_interfaces/include/swarmz_interfaces/swarmz_interfaces/msg/detail
[2.335s] -- Up-to-date: /home/nb_adm/SWARMz4/ros2_ws/install/swarmz_interfaces/include/swarmz_interfaces/swarmz_interfaces/msg/detail/detection__builder.hpp
[2.335s] -- Up-to-date: /home/nb_adm/SWARMz4/ros2_ws/install/swarmz_interfaces/include/swarmz_interfaces/swarmz_interfaces/msg/detail/detection__type_support.hpp
[2.335s] -- Up-to-date: /home/nb_adm/SWARMz4/ros2_ws/install/swarmz_interfaces/include/swarmz_interfaces/swarmz_interfaces/msg/detail/detection__traits.hpp
[2.335s] -- Up-to-date: /home/nb_adm/SWARMz4/ros2_ws/install/swarmz_interfaces/include/swarmz_interfaces/swarmz_interfaces/msg/detail/detections__struct.hpp
[2.335s] -- Up-to-date: /home/nb_adm/SWARMz4/ros2_ws/install/swarmz_interfaces/include/swarmz_interfaces/swarmz_interfaces/msg/detail/detections__type_support.hpp
[2.336s] -- Up-to-date: /home/nb_adm/SWARMz4/ros2_ws/install/swarmz_interfaces/include/swarmz_interfaces/swarmz_interfaces/msg/detail/detections__builder.hpp
[2.336s] -- Up-to-date: /home/nb_adm/SWARMz4/ros2_ws/install/swarmz_interfaces/include/swarmz_interfaces/swarmz_interfaces/msg/detail/detections__traits.hpp
[2.336s] -- Up-to-date: /home/nb_adm/SWARMz4/ros2_ws/install/swarmz_interfaces/include/swarmz_interfaces/swarmz_interfaces/msg/detail/detection__struct.hpp
[2.336s] -- Up-to-date: /home/nb_adm/SWARMz4/ros2_ws/install/swarmz_interfaces/include/swarmz_interfaces/swarmz_interfaces/msg/rosidl_generator_cpp__visibility_control.hpp
[2.336s] -- Up-to-date: /home/nb_adm/SWARMz4/ros2_ws/install/swarmz_interfaces/include/swarmz_interfaces/swarmz_interfaces
[2.336s] -- Up-to-date: /home/nb_adm/SWARMz4/ros2_ws/install/swarmz_interfaces/include/swarmz_interfaces/swarmz_interfaces/srv
[2.336s] -- Up-to-date: /home/nb_adm/SWARMz4/ros2_ws/install/swarmz_interfaces/include/swarmz_interfaces/swarmz_interfaces/srv/detail
[2.336s] -- Up-to-date: /home/nb_adm/SWARMz4/ros2_ws/install/swarmz_interfaces/include/swarmz_interfaces/swarmz_interfaces/srv/detail/dds_fastrtps
[2.336s] -- Up-to-date: /home/nb_adm/SWARMz4/ros2_ws/install/swarmz_interfaces/include/swarmz_interfaces/swarmz_interfaces/srv/detail/update_health__rosidl_typesupport_fastrtps_cpp.hpp
[2.336s] -- Up-to-date: /home/nb_adm/SWARMz4/ros2_ws/install/swarmz_interfaces/include/swarmz_interfaces/swarmz_interfaces/srv/detail/missile__rosidl_typesupport_fastrtps_cpp.hpp
[2.336s] -- Up-to-date: /home/nb_adm/SWARMz4/ros2_ws/install/swarmz_interfaces/include/swarmz_interfaces/swarmz_interfaces/srv/detail/kamikaze__rosidl_typesupport_fastrtps_cpp.hpp
[2.336s] -- Up-to-date: /home/nb_adm/SWARMz4/ros2_ws/install/swarmz_interfaces/include/swarmz_interfaces/swarmz_interfaces/msg
[2.337s] -- Up-to-date: /home/nb_adm/SWARMz4/ros2_ws/install/swarmz_interfaces/include/swarmz_interfaces/swarmz_interfaces/msg/rosidl_typesupport_fastrtps_cpp__visibility_control.h
[2.337s] -- Up-to-date: /home/nb_adm/SWARMz4/ros2_ws/install/swarmz_interfaces/include/swarmz_interfaces/swarmz_interfaces/msg/detail
[2.337s] -- Up-to-date: /home/nb_adm/SWARMz4/ros2_ws/install/swarmz_interfaces/include/swarmz_interfaces/swarmz_interfaces/msg/detail/detections__rosidl_typesupport_fastrtps_cpp.hpp
[2.337s] -- Up-to-date: /home/nb_adm/SWARMz4/ros2_ws/install/swarmz_interfaces/include/swarmz_interfaces/swarmz_interfaces/msg/detail/detection__rosidl_typesupport_fastrtps_cpp.hpp
[2.337s] -- Up-to-date: /home/nb_adm/SWARMz4/ros2_ws/install/swarmz_interfaces/include/swarmz_interfaces/swarmz_interfaces/msg/detail/dds_fastrtps
[2.337s] -- Up-to-date: /home/nb_adm/SWARMz4/ros2_ws/install/swarmz_interfaces/lib/libswarmz_interfaces__rosidl_typesupport_fastrtps_cpp.so
[2.337s] -- Up-to-date: /home/nb_adm/SWARMz4/ros2_ws/install/swarmz_interfaces/include/swarmz_interfaces/swarmz_interfaces
[2.337s] -- Up-to-date: /home/nb_adm/SWARMz4/ros2_ws/install/swarmz_interfaces/include/swarmz_interfaces/swarmz_interfaces/srv
[2.337s] -- Up-to-date: /home/nb_adm/SWARMz4/ros2_ws/install/swarmz_interfaces/include/swarmz_interfaces/swarmz_interfaces/srv/detail
[2.337s] -- Up-to-date: /home/nb_adm/SWARMz4/ros2_ws/install/swarmz_interfaces/include/swarmz_interfaces/swarmz_interfaces/srv/detail/missile__rosidl_typesupport_introspection_cpp.hpp
[2.337s] -- Up-to-date: /home/nb_adm/SWARMz4/ros2_ws/install/swarmz_interfaces/include/swarmz_interfaces/swarmz_interfaces/srv/detail/update_health__type_support.cpp
[2.337s] -- Up-to-date: /home/nb_adm/SWARMz4/ros2_ws/install/swarmz_interfaces/include/swarmz_interfaces/swarmz_interfaces/srv/detail/kamikaze__rosidl_typesupport_introspection_cpp.hpp
[2.337s] -- Up-to-date: /home/nb_adm/SWARMz4/ros2_ws/install/swarmz_interfaces/include/swarmz_interfaces/swarmz_interfaces/srv/detail/kamikaze__type_support.cpp
[2.337s] -- Up-to-date: /home/nb_adm/SWARMz4/ros2_ws/install/swarmz_interfaces/include/swarmz_interfaces/swarmz_interfaces/srv/detail/missile__type_support.cpp
[2.337s] -- Up-to-date: /home/nb_adm/SWARMz4/ros2_ws/install/swarmz_interfaces/include/swarmz_interfaces/swarmz_interfaces/srv/detail/update_health__rosidl_typesupport_introspection_cpp.hpp
[2.337s] -- Up-to-date: /home/nb_adm/SWARMz4/ros2_ws/install/swarmz_interfaces/include/swarmz_interfaces/swarmz_interfaces/msg
[2.337s] -- Up-to-date: /home/nb_adm/SWARMz4/ros2_ws/install/swarmz_interfaces/include/swarmz_interfaces/swarmz_interfaces/msg/detail
[2.337s] -- Up-to-date: /home/nb_adm/SWARMz4/ros2_ws/install/swarmz_interfaces/include/swarmz_interfaces/swarmz_interfaces/msg/detail/detections__type_support.cpp
[2.337s] -- Up-to-date: /home/nb_adm/SWARMz4/ros2_ws/install/swarmz_interfaces/include/swarmz_interfaces/swarmz_interfaces/msg/detail/detection__rosidl_typesupport_introspection_cpp.hpp
[2.337s] -- Up-to-date: /home/nb_adm/SWARMz4/ros2_ws/install/swarmz_interfaces/include/swarmz_interfaces/swarmz_interfaces/msg/detail/detections__rosidl_typesupport_introspection_cpp.hpp
[2.337s] -- Up-to-date: /home/nb_adm/SWARMz4/ros2_ws/install/swarmz_interfaces/include/swarmz_interfaces/swarmz_interfaces/msg/detail/detection__type_support.cpp
[2.337s] -- Up-to-date: /home/nb_adm/SWARMz4/ros2_ws/install/swarmz_interfaces/lib/libswarmz_interfaces__rosidl_typesupport_introspection_cpp.so
[2.337s] -- Up-to-date: /home/nb_adm/SWARMz4/ros2_ws/install/swarmz_interfaces/lib/libswarmz_interfaces__rosidl_typesupport_cpp.so
[2.337s] -- Up-to-date: /home/nb_adm/SWARMz4/ros2_ws/install/swarmz_interfaces/share/swarmz_interfaces/environment/pythonpath.sh
[2.338s] -- Up-to-date: /home/nb_adm/SWARMz4/ros2_ws/install/swarmz_interfaces/share/swarmz_interfaces/environment/pythonpath.dsv
[2.338s] -- Up-to-date: /home/nb_adm/SWARMz4/ros2_ws/install/swarmz_interfaces/local/lib/python3.10/dist-packages/swarmz_interfaces-0.0.0-py3.10.egg-info
[2.338s] -- Installing: /home/nb_adm/SWARMz4/ros2_ws/install/swarmz_interfaces/local/lib/python3.10/dist-packages/swarmz_interfaces-0.0.0-py3.10.egg-info/dependency_links.txt
[2.338s] -- Installing: /home/nb_adm/SWARMz4/ros2_ws/install/swarmz_interfaces/local/lib/python3.10/dist-packages/swarmz_interfaces-0.0.0-py3.10.egg-info/PKG-INFO
[2.339s] -- Installing: /home/nb_adm/SWARMz4/ros2_ws/install/swarmz_interfaces/local/lib/python3.10/dist-packages/swarmz_interfaces-0.0.0-py3.10.egg-info/SOURCES.txt
[2.339s] -- Installing: /home/nb_adm/SWARMz4/ros2_ws/install/swarmz_interfaces/local/lib/python3.10/dist-packages/swarmz_interfaces-0.0.0-py3.10.egg-info/top_level.txt
[2.339s] -- Up-to-date: /home/nb_adm/SWARMz4/ros2_ws/install/swarmz_interfaces/local/lib/python3.10/dist-packages/swarmz_interfaces
[2.339s] -- Up-to-date: /home/nb_adm/SWARMz4/ros2_ws/install/swarmz_interfaces/local/lib/python3.10/dist-packages/swarmz_interfaces/_swarmz_interfaces_s.ep.rosidl_typesupport_introspection_c.c
[2.339s] -- Up-to-date: /home/nb_adm/SWARMz4/ros2_ws/install/swarmz_interfaces/local/lib/python3.10/dist-packages/swarmz_interfaces/_swarmz_interfaces_s.ep.rosidl_typesupport_fastrtps_c.c
[2.339s] -- Up-to-date: /home/nb_adm/SWARMz4/ros2_ws/install/swarmz_interfaces/local/lib/python3.10/dist-packages/swarmz_interfaces/swarmz_interfaces_s__rosidl_typesupport_c.cpython-310-x86_64-linux-gnu.so
[2.339s] -- Up-to-date: /home/nb_adm/SWARMz4/ros2_ws/install/swarmz_interfaces/local/lib/python3.10/dist-packages/swarmz_interfaces/__init__.py
[2.339s] -- Up-to-date: /home/nb_adm/SWARMz4/ros2_ws/install/swarmz_interfaces/local/lib/python3.10/dist-packages/swarmz_interfaces/srv
[2.339s] -- Up-to-date: /home/nb_adm/SWARMz4/ros2_ws/install/swarmz_interfaces/local/lib/python3.10/dist-packages/swarmz_interfaces/srv/_missile_s.c
[2.339s] -- Up-to-date: /home/nb_adm/SWARMz4/ros2_ws/install/swarmz_interfaces/local/lib/python3.10/dist-packages/swarmz_interfaces/srv/_update_health_s.c
[2.339s] -- Up-to-date: /home/nb_adm/SWARMz4/ros2_ws/install/swarmz_interfaces/local/lib/python3.10/dist-packages/swarmz_interfaces/srv/_kamikaze.py
[2.339s] -- Up-to-date: /home/nb_adm/SWARMz4/ros2_ws/install/swarmz_interfaces/local/lib/python3.10/dist-packages/swarmz_interfaces/srv/__init__.py
[2.339s] -- Up-to-date: /home/nb_adm/SWARMz4/ros2_ws/install/swarmz_interfaces/local/lib/python3.10/dist-packages/swarmz_interfaces/srv/_missile.py
[2.339s] -- Up-to-date: /home/nb_adm/SWARMz4/ros2_ws/install/swarmz_interfaces/local/lib/python3.10/dist-packages/swarmz_interfaces/srv/_update_health.py
[2.339s] -- Up-to-date: /home/nb_adm/SWARMz4/ros2_ws/install/swarmz_interfaces/local/lib/python3.10/dist-packages/swarmz_interfaces/srv/_kamikaze_s.c
[2.339s] -- Up-to-date: /home/nb_adm/SWARMz4/ros2_ws/install/swarmz_interfaces/local/lib/python3.10/dist-packages/swarmz_interfaces/_swarmz_interfaces_s.ep.rosidl_typesupport_c.c
[2.340s] -- Up-to-date: /home/nb_adm/SWARMz4/ros2_ws/install/swarmz_interfaces/local/lib/python3.10/dist-packages/swarmz_interfaces/swarmz_interfaces_s__rosidl_typesupport_fastrtps_c.cpython-310-x86_64-linux-gnu.so
[2.341s] -- Up-to-date: /home/nb_adm/SWARMz4/ros2_ws/install/swarmz_interfaces/local/lib/python3.10/dist-packages/swarmz_interfaces/swarmz_interfaces_s__rosidl_typesupport_introspection_c.cpython-310-x86_64-linux-gnu.so
[2.341s] -- Up-to-date: /home/nb_adm/SWARMz4/ros2_ws/install/swarmz_interfaces/local/lib/python3.10/dist-packages/swarmz_interfaces/msg
[2.341s] -- Up-to-date: /home/nb_adm/SWARMz4/ros2_ws/install/swarmz_interfaces/local/lib/python3.10/dist-packages/swarmz_interfaces/msg/_detection.py
[2.341s] -- Up-to-date: /home/nb_adm/SWARMz4/ros2_ws/install/swarmz_interfaces/local/lib/python3.10/dist-packages/swarmz_interfaces/msg/_detections_s.c
[2.341s] -- Up-to-date: /home/nb_adm/SWARMz4/ros2_ws/install/swarmz_interfaces/local/lib/python3.10/dist-packages/swarmz_interfaces/msg/__init__.py
[2.341s] -- Up-to-date: /home/nb_adm/SWARMz4/ros2_ws/install/swarmz_interfaces/local/lib/python3.10/dist-packages/swarmz_interfaces/msg/_detection_s.c
[2.341s] -- Up-to-date: /home/nb_adm/SWARMz4/ros2_ws/install/swarmz_interfaces/local/lib/python3.10/dist-packages/swarmz_interfaces/msg/_detections.py
[2.341s] -- Up-to-date: /home/nb_adm/SWARMz4/ros2_ws/install/swarmz_interfaces/local/lib/python3.10/dist-packages/swarmz_interfaces/libswarmz_interfaces__rosidl_generator_py.so
[2.373s] Listing '/home/nb_adm/SWARMz4/ros2_ws/install/swarmz_interfaces/local/lib/python3.10/dist-packages/swarmz_interfaces'...
[2.373s] Listing '/home/nb_adm/SWARMz4/ros2_ws/install/swarmz_interfaces/local/lib/python3.10/dist-packages/swarmz_interfaces/msg'...
[2.373s] Listing '/home/nb_adm/SWARMz4/ros2_ws/install/swarmz_interfaces/local/lib/python3.10/dist-packages/swarmz_interfaces/srv'...
[2.379s] -- Up-to-date: /home/nb_adm/SWARMz4/ros2_ws/install/swarmz_interfaces/local/lib/python3.10/dist-packages/swarmz_interfaces/swarmz_interfaces_s__rosidl_typesupport_fastrtps_c.cpython-310-x86_64-linux-gnu.so
[2.379s] -- Up-to-date: /home/nb_adm/SWARMz4/ros2_ws/install/swarmz_interfaces/local/lib/python3.10/dist-packages/swarmz_interfaces/swarmz_interfaces_s__rosidl_typesupport_introspection_c.cpython-310-x86_64-linux-gnu.so
[2.380s] -- Up-to-date: /home/nb_adm/SWARMz4/ros2_ws/install/swarmz_interfaces/local/lib/python3.10/dist-packages/swarmz_interfaces/swarmz_interfaces_s__rosidl_typesupport_c.cpython-310-x86_64-linux-gnu.so
[2.380s] -- Up-to-date: /home/nb_adm/SWARMz4/ros2_ws/install/swarmz_interfaces/lib/libswarmz_interfaces__rosidl_generator_py.so
[2.380s] -- Up-to-date: /home/nb_adm/SWARMz4/ros2_ws/install/swarmz_interfaces/share/swarmz_interfaces/msg/Detection.idl
[2.380s] -- Up-to-date: /home/nb_adm/SWARMz4/ros2_ws/install/swarmz_interfaces/share/swarmz_interfaces/msg/Detections.idl
[2.380s] -- Up-to-date: /home/nb_adm/SWARMz4/ros2_ws/install/swarmz_interfaces/share/swarmz_interfaces/srv/Kamikaze.idl
[2.381s] -- Up-to-date: /home/nb_adm/SWARMz4/ros2_ws/install/swarmz_interfaces/share/swarmz_interfaces/srv/Missile.idl
[2.381s] -- Up-to-date: /home/nb_adm/SWARMz4/ros2_ws/install/swarmz_interfaces/share/swarmz_interfaces/srv/UpdateHealth.idl
[2.381s] -- Up-to-date: /home/nb_adm/SWARMz4/ros2_ws/install/swarmz_interfaces/share/swarmz_interfaces/msg/Detection.msg
[2.381s] -- Up-to-date: /home/nb_adm/SWARMz4/ros2_ws/install/swarmz_interfaces/share/swarmz_interfaces/msg/Detections.msg
[2.381s] -- Up-to-date: /home/nb_adm/SWARMz4/ros2_ws/install/swarmz_interfaces/share/swarmz_interfaces/srv/Kamikaze.srv
[2.381s] -- Up-to-date: /home/nb_adm/SWARMz4/ros2_ws/install/swarmz_interfaces/share/swarmz_interfaces/srv/Kamikaze_Request.msg
[2.381s] -- Up-to-date: /home/nb_adm/SWARMz4/ros2_ws/install/swarmz_interfaces/share/swarmz_interfaces/srv/Kamikaze_Response.msg
[2.381s] -- Up-to-date: /home/nb_adm/SWARMz4/ros2_ws/install/swarmz_interfaces/share/swarmz_interfaces/srv/Missile.srv
[2.381s] -- Up-to-date: /home/nb_adm/SWARMz4/ros2_ws/install/swarmz_interfaces/share/swarmz_interfaces/srv/Missile_Request.msg
[2.381s] -- Up-to-date: /home/nb_adm/SWARMz4/ros2_ws/install/swarmz_interfaces/share/swarmz_interfaces/srv/Missile_Response.msg
[2.382s] -- Up-to-date: /home/nb_adm/SWARMz4/ros2_ws/install/swarmz_interfaces/share/swarmz_interfaces/srv/UpdateHealth.srv
[2.382s] -- Up-to-date: /home/nb_adm/SWARMz4/ros2_ws/install/swarmz_interfaces/share/swarmz_interfaces/srv/UpdateHealth_Request.msg
[2.382s] -- Up-to-date: /home/nb_adm/SWARMz4/ros2_ws/install/swarmz_interfaces/share/swarmz_interfaces/srv/UpdateHealth_Response.msg
[2.382s] -- Up-to-date: /home/nb_adm/SWARMz4/ros2_ws/install/swarmz_interfaces/share/ament_index/resource_index/package_run_dependencies/swarmz_interfaces
[2.382s] -- Up-to-date: /home/nb_adm/SWARMz4/ros2_ws/install/swarmz_interfaces/share/ament_index/resource_index/parent_prefix_path/swarmz_interfaces
[2.382s] -- Up-to-date: /home/nb_adm/SWARMz4/ros2_ws/install/swarmz_interfaces/share/swarmz_interfaces/environment/ament_prefix_path.sh
[2.383s] -- Up-to-date: /home/nb_adm/SWARMz4/ros2_ws/install/swarmz_interfaces/share/swarmz_interfaces/environment/ament_prefix_path.dsv
[2.383s] -- Up-to-date: /home/nb_adm/SWARMz4/ros2_ws/install/swarmz_interfaces/share/swarmz_interfaces/environment/path.sh
[2.384s] -- Up-to-date: /home/nb_adm/SWARMz4/ros2_ws/install/swarmz_interfaces/share/swarmz_interfaces/environment/path.dsv
[2.384s] -- Up-to-date: /home/nb_adm/SWARMz4/ros2_ws/install/swarmz_interfaces/share/swarmz_interfaces/local_setup.bash
[2.384s] -- Up-to-date: /home/nb_adm/SWARMz4/ros2_ws/install/swarmz_interfaces/share/swarmz_interfaces/local_setup.sh
[2.384s] -- Up-to-date: /home/nb_adm/SWARMz4/ros2_ws/install/swarmz_interfaces/share/swarmz_interfaces/local_setup.zsh
[2.384s] -- Up-to-date: /home/nb_adm/SWARMz4/ros2_ws/install/swarmz_interfaces/share/swarmz_interfaces/local_setup.dsv
[2.384s] -- Installing: /home/nb_adm/SWARMz4/ros2_ws/install/swarmz_interfaces/share/swarmz_interfaces/package.dsv
[2.384s] -- Up-to-date: /home/nb_adm/SWARMz4/ros2_ws/install/swarmz_interfaces/share/ament_index/resource_index/packages/swarmz_interfaces
[2.384s] -- Up-to-date: /home/nb_adm/SWARMz4/ros2_ws/install/swarmz_interfaces/share/swarmz_interfaces/cmake/export_swarmz_interfaces__rosidl_generator_cExport.cmake
[2.384s] -- Up-to-date: /home/nb_adm/SWARMz4/ros2_ws/install/swarmz_interfaces/share/swarmz_interfaces/cmake/export_swarmz_interfaces__rosidl_generator_cExport-noconfig.cmake
[2.384s] -- Up-to-date: /home/nb_adm/SWARMz4/ros2_ws/install/swarmz_interfaces/share/swarmz_interfaces/cmake/export_swarmz_interfaces__rosidl_typesupport_fastrtps_cExport.cmake
[2.384s] -- Up-to-date: /home/nb_adm/SWARMz4/ros2_ws/install/swarmz_interfaces/share/swarmz_interfaces/cmake/export_swarmz_interfaces__rosidl_typesupport_fastrtps_cExport-noconfig.cmake
[2.384s] -- Up-to-date: /home/nb_adm/SWARMz4/ros2_ws/install/swarmz_interfaces/share/swarmz_interfaces/cmake/swarmz_interfaces__rosidl_typesupport_introspection_cExport.cmake
[2.384s] -- Up-to-date: /home/nb_adm/SWARMz4/ros2_ws/install/swarmz_interfaces/share/swarmz_interfaces/cmake/swarmz_interfaces__rosidl_typesupport_introspection_cExport-noconfig.cmake
[2.384s] -- Up-to-date: /home/nb_adm/SWARMz4/ros2_ws/install/swarmz_interfaces/share/swarmz_interfaces/cmake/swarmz_interfaces__rosidl_typesupport_cExport.cmake
[2.384s] -- Up-to-date: /home/nb_adm/SWARMz4/ros2_ws/install/swarmz_interfaces/share/swarmz_interfaces/cmake/swarmz_interfaces__rosidl_typesupport_cExport-noconfig.cmake
[2.384s] -- Up-to-date: /home/nb_adm/SWARMz4/ros2_ws/install/swarmz_interfaces/share/swarmz_interfaces/cmake/export_swarmz_interfaces__rosidl_generator_cppExport.cmake
[2.384s] -- Up-to-date: /home/nb_adm/SWARMz4/ros2_ws/install/swarmz_interfaces/share/swarmz_interfaces/cmake/export_swarmz_interfaces__rosidl_typesupport_fastrtps_cppExport.cmake
[2.384s] -- Up-to-date: /home/nb_adm/SWARMz4/ros2_ws/install/swarmz_interfaces/share/swarmz_interfaces/cmake/export_swarmz_interfaces__rosidl_typesupport_fastrtps_cppExport-noconfig.cmake
[2.384s] -- Up-to-date: /home/nb_adm/SWARMz4/ros2_ws/install/swarmz_interfaces/share/swarmz_interfaces/cmake/swarmz_interfaces__rosidl_typesupport_introspection_cppExport.cmake
[2.384s] -- Up-to-date: /home/nb_adm/SWARMz4/ros2_ws/install/swarmz_interfaces/share/swarmz_interfaces/cmake/swarmz_interfaces__rosidl_typesupport_introspection_cppExport-noconfig.cmake
[2.384s] -- Up-to-date: /home/nb_adm/SWARMz4/ros2_ws/install/swarmz_interfaces/share/swarmz_interfaces/cmake/swarmz_interfaces__rosidl_typesupport_cppExport.cmake
[2.384s] -- Up-to-date: /home/nb_adm/SWARMz4/ros2_ws/install/swarmz_interfaces/share/swarmz_interfaces/cmake/swarmz_interfaces__rosidl_typesupport_cppExport-noconfig.cmake
[2.384s] -- Up-to-date: /home/nb_adm/SWARMz4/ros2_ws/install/swarmz_interfaces/share/swarmz_interfaces/cmake/export_swarmz_interfaces__rosidl_generator_pyExport.cmake
[2.384s] -- Up-to-date: /home/nb_adm/SWARMz4/ros2_ws/install/swarmz_interfaces/share/swarmz_interfaces/cmake/export_swarmz_interfaces__rosidl_generator_pyExport-noconfig.cmake
[2.384s] -- Up-to-date: /home/nb_adm/SWARMz4/ros2_ws/install/swarmz_interfaces/share/swarmz_interfaces/cmake/rosidl_cmake-extras.cmake
[2.384s] -- Up-to-date: /home/nb_adm/SWARMz4/ros2_ws/install/swarmz_interfaces/share/swarmz_interfaces/cmake/ament_cmake_export_dependencies-extras.cmake
[2.384s] -- Up-to-date: /home/nb_adm/SWARMz4/ros2_ws/install/swarmz_interfaces/share/swarmz_interfaces/cmake/ament_cmake_export_include_directories-extras.cmake
[2.385s] -- Up-to-date: /home/nb_adm/SWARMz4/ros2_ws/install/swarmz_interfaces/share/swarmz_interfaces/cmake/ament_cmake_export_libraries-extras.cmake
[2.385s] -- Up-to-date: /home/nb_adm/SWARMz4/ros2_ws/install/swarmz_interfaces/share/swarmz_interfaces/cmake/ament_cmake_export_targets-extras.cmake
[2.385s] -- Up-to-date: /home/nb_adm/SWARMz4/ros2_ws/install/swarmz_interfaces/share/swarmz_interfaces/cmake/rosidl_cmake_export_typesupport_targets-extras.cmake
[2.385s] -- Up-to-date: /home/nb_adm/SWARMz4/ros2_ws/install/swarmz_interfaces/share/swarmz_interfaces/cmake/rosidl_cmake_export_typesupport_libraries-extras.cmake
[2.385s] -- Up-to-date: /home/nb_adm/SWARMz4/ros2_ws/install/swarmz_interfaces/share/swarmz_interfaces/cmake/swarmz_interfacesConfig.cmake
[2.385s] -- Up-to-date: /home/nb_adm/SWARMz4/ros2_ws/install/swarmz_interfaces/share/swarmz_interfaces/cmake/swarmz_interfacesConfig-version.cmake
[2.385s] -- Up-to-date: /home/nb_adm/SWARMz4/ros2_ws/install/swarmz_interfaces/share/swarmz_interfaces/package.xml
[2.402s] Invoked command in '/home/nb_adm/SWARMz4/ros2_ws/build/swarmz_interfaces' returned '0': CMAKE_PREFIX_PATH=${CMAKE_PREFIX_PATH}:/home/nb_adm/SWARMz4/ros2_ws/install/px4_offboard_velocity:/home/nb_adm/SWARMz4/ros2_ws/install/px4_offboard_position:/home/nb_adm/SWARMz4/ros2_ws/install/px4_gz_bridge:/home/nb_adm/SWARMz4/ros2_ws/install/offboard_control_py:/home/nb_adm/SWARMz4/ros2_ws/install/game_master:/home/nb_adm/SWARMz4/ros2_ws/install/flag_ship:/opt/ros/humble /usr/bin/cmake --install /home/nb_adm/SWARMz4/ros2_ws/build/swarmz_interfaces
