running egg_info
creating ../../../../build/px4_offboard_velocity/px4_offboard_velocity.egg-info
writing ../../../../build/px4_offboard_velocity/px4_offboard_velocity.egg-info/PKG-INFO
writing dependency_links to ../../../../build/px4_offboard_velocity/px4_offboard_velocity.egg-info/dependency_links.txt
writing entry points to ../../../../build/px4_offboard_velocity/px4_offboard_velocity.egg-info/entry_points.txt
writing requirements to ../../../../build/px4_offboard_velocity/px4_offboard_velocity.egg-info/requires.txt
writing top-level names to ../../../../build/px4_offboard_velocity/px4_offboard_velocity.egg-info/top_level.txt
writing manifest file '../../../../build/px4_offboard_velocity/px4_offboard_velocity.egg-info/SOURCES.txt'
reading manifest file '../../../../build/px4_offboard_velocity/px4_offboard_velocity.egg-info/SOURCES.txt'
writing manifest file '../../../../build/px4_offboard_velocity/px4_offboard_velocity.egg-info/SOURCES.txt'
running build
running build_py
creating /home/nb_adm/SWARMz4/ros2_ws/build/px4_offboard_velocity/build
creating /home/nb_adm/SWARMz4/ros2_ws/build/px4_offboard_velocity/build/lib
creating /home/nb_adm/SWARMz4/ros2_ws/build/px4_offboard_velocity/build/lib/px4_offboard_velocity
copying px4_offboard_velocity/velocity_control.py -> /home/nb_adm/SWARMz4/ros2_ws/build/px4_offboard_velocity/build/lib/px4_offboard_velocity
copying px4_offboard_velocity/__init__.py -> /home/nb_adm/SWARMz4/ros2_ws/build/px4_offboard_velocity/build/lib/px4_offboard_velocity
copying px4_offboard_velocity/control.py -> /home/nb_adm/SWARMz4/ros2_ws/build/px4_offboard_velocity/build/lib/px4_offboard_velocity
copying px4_offboard_velocity/processes.py -> /home/nb_adm/SWARMz4/ros2_ws/build/px4_offboard_velocity/build/lib/px4_offboard_velocity
copying px4_offboard_velocity/visualizer.py -> /home/nb_adm/SWARMz4/ros2_ws/build/px4_offboard_velocity/build/lib/px4_offboard_velocity
running install
running install_lib
creating /home/nb_adm/SWARMz4/ros2_ws/install/px4_offboard_velocity/lib/python3.10/site-packages/px4_offboard_velocity
copying /home/nb_adm/SWARMz4/ros2_ws/build/px4_offboard_velocity/build/lib/px4_offboard_velocity/velocity_control.py -> /home/nb_adm/SWARMz4/ros2_ws/install/px4_offboard_velocity/lib/python3.10/site-packages/px4_offboard_velocity
copying /home/nb_adm/SWARMz4/ros2_ws/build/px4_offboard_velocity/build/lib/px4_offboard_velocity/__init__.py -> /home/nb_adm/SWARMz4/ros2_ws/install/px4_offboard_velocity/lib/python3.10/site-packages/px4_offboard_velocity
copying /home/nb_adm/SWARMz4/ros2_ws/build/px4_offboard_velocity/build/lib/px4_offboard_velocity/control.py -> /home/nb_adm/SWARMz4/ros2_ws/install/px4_offboard_velocity/lib/python3.10/site-packages/px4_offboard_velocity
copying /home/nb_adm/SWARMz4/ros2_ws/build/px4_offboard_velocity/build/lib/px4_offboard_velocity/processes.py -> /home/nb_adm/SWARMz4/ros2_ws/install/px4_offboard_velocity/lib/python3.10/site-packages/px4_offboard_velocity
copying /home/nb_adm/SWARMz4/ros2_ws/build/px4_offboard_velocity/build/lib/px4_offboard_velocity/visualizer.py -> /home/nb_adm/SWARMz4/ros2_ws/install/px4_offboard_velocity/lib/python3.10/site-packages/px4_offboard_velocity
byte-compiling /home/nb_adm/SWARMz4/ros2_ws/install/px4_offboard_velocity/lib/python3.10/site-packages/px4_offboard_velocity/velocity_control.py to velocity_control.cpython-310.pyc
byte-compiling /home/nb_adm/SWARMz4/ros2_ws/install/px4_offboard_velocity/lib/python3.10/site-packages/px4_offboard_velocity/__init__.py to __init__.cpython-310.pyc
byte-compiling /home/nb_adm/SWARMz4/ros2_ws/install/px4_offboard_velocity/lib/python3.10/site-packages/px4_offboard_velocity/control.py to control.cpython-310.pyc
byte-compiling /home/nb_adm/SWARMz4/ros2_ws/install/px4_offboard_velocity/lib/python3.10/site-packages/px4_offboard_velocity/processes.py to processes.cpython-310.pyc
byte-compiling /home/nb_adm/SWARMz4/ros2_ws/install/px4_offboard_velocity/lib/python3.10/site-packages/px4_offboard_velocity/visualizer.py to visualizer.cpython-310.pyc
running install_data
creating /home/nb_adm/SWARMz4/ros2_ws/install/px4_offboard_velocity/share/ament_index
creating /home/nb_adm/SWARMz4/ros2_ws/install/px4_offboard_velocity/share/ament_index/resource_index
creating /home/nb_adm/SWARMz4/ros2_ws/install/px4_offboard_velocity/share/ament_index/resource_index/packages
copying resource/px4_offboard_velocity -> /home/nb_adm/SWARMz4/ros2_ws/install/px4_offboard_velocity/share/ament_index/resource_index/packages
copying resource/visualize.rviz -> /home/nb_adm/SWARMz4/ros2_ws/install/px4_offboard_velocity/share/ament_index/resource_index/packages
copying package.xml -> /home/nb_adm/SWARMz4/ros2_ws/install/px4_offboard_velocity/share/px4_offboard_velocity
copying launch/offboard_velocity_control.launch.py -> /home/nb_adm/SWARMz4/ros2_ws/install/px4_offboard_velocity/share/px4_offboard_velocity
copying resource/visualize.rviz -> /home/nb_adm/SWARMz4/ros2_ws/install/px4_offboard_velocity/share/px4_offboard_velocity
running install_egg_info
Copying ../../../../build/px4_offboard_velocity/px4_offboard_velocity.egg-info to /home/nb_adm/SWARMz4/ros2_ws/install/px4_offboard_velocity/lib/python3.10/site-packages/px4_offboard_velocity-0.0.0-py3.10.egg-info
running install_scripts
Installing control script to /home/nb_adm/SWARMz4/ros2_ws/install/px4_offboard_velocity/lib/px4_offboard_velocity
Installing offboard_control script to /home/nb_adm/SWARMz4/ros2_ws/install/px4_offboard_velocity/lib/px4_offboard_velocity
Installing processes script to /home/nb_adm/SWARMz4/ros2_ws/install/px4_offboard_velocity/lib/px4_offboard_velocity
Installing velocity_control script to /home/nb_adm/SWARMz4/ros2_ws/install/px4_offboard_velocity/lib/px4_offboard_velocity
Installing visualizer script to /home/nb_adm/SWARMz4/ros2_ws/install/px4_offboard_velocity/lib/px4_offboard_velocity
writing list of installed files to '/home/nb_adm/SWARMz4/ros2_ws/build/px4_offboard_velocity/install.log'
