[0.956s] Invoking command in '/home/nb_adm/SWARMz4/ros2_ws/src/px4_pkgs/px4_controllers/px4_offboard_velocity': CMAKE_PREFIX_PATH=/home/nb_adm/SWARMz4/ros2_ws/install/px4_msgs:/home/nb_adm/SWARMz4/ros2_ws/install/swarmz_interfaces:/home/nb_adm/SWARMz4/ros2_ws/install/px4_ros_com:/home/nb_adm/SWARMz4/ros2_ws/install/example_mode_with_executor_cpp:/home/nb_adm/SWARMz4/ros2_ws/install/example_mode_rtl_replacement_cpp:/home/nb_adm/SWARMz4/ros2_ws/install/example_mode_manual_cpp:/home/nb_adm/SWARMz4/ros2_ws/install/example_mode_goto_global_cpp:/home/nb_adm/SWARMz4/ros2_ws/install/example_mode_goto_cpp:/home/nb_adm/SWARMz4/ros2_ws/install/example_mode_fw_attitude_cpp:/home/nb_adm/SWARMz4/ros2_ws/install/example_local_navigation_cpp:/home/nb_adm/SWARMz4/ros2_ws/install/example_global_navigation_cpp:/home/nb_adm/SWARMz4/ros2_ws/install/px4_ros2_cpp:/home/nb_adm/SWARMz4/ros2_ws/install/offboard_control_cpp LD_LIBRARY_PATH=/home/nb_adm/SWARMz4/ros2_ws/install/px4_msgs/lib:/home/nb_adm/SWARMz4/ros2_ws/install/swarmz_interfaces/lib:/home/nb_adm/SWARMz4/ros2_ws/install/px4_ros_com/lib:/home/nb_adm/SWARMz4/ros2_ws/install/px4_ros2_cpp/lib:/opt/ros/humble/opt/rviz_ogre_vendor/lib:/opt/ros/humble/lib/x86_64-linux-gnu:/opt/ros/humble/lib PYTHONPATH=/home/nb_adm/SWARMz4/ros2_ws/build/px4_offboard_velocity/prefix_override:/usr/lib/python3/dist-packages/colcon_core/task/python/colcon_distutils_commands:/home/nb_adm/SWARMz4/ros2_ws/install/px4_offboard_velocity/lib/python3.10/site-packages:${PYTHONPATH} /usr/bin/python3 -W ignore:setup.py install is deprecated -W ignore:easy_install command is deprecated setup.py egg_info --egg-base ../../../../build/px4_offboard_velocity build --build-base /home/nb_adm/SWARMz4/ros2_ws/build/px4_offboard_velocity/build install --record /home/nb_adm/SWARMz4/ros2_ws/build/px4_offboard_velocity/install.log --single-version-externally-managed install_data
[1.319s] running egg_info
[1.319s] creating ../../../../build/px4_offboard_velocity/px4_offboard_velocity.egg-info
[1.320s] writing ../../../../build/px4_offboard_velocity/px4_offboard_velocity.egg-info/PKG-INFO
[1.320s] writing dependency_links to ../../../../build/px4_offboard_velocity/px4_offboard_velocity.egg-info/dependency_links.txt
[1.320s] writing entry points to ../../../../build/px4_offboard_velocity/px4_offboard_velocity.egg-info/entry_points.txt
[1.320s] writing requirements to ../../../../build/px4_offboard_velocity/px4_offboard_velocity.egg-info/requires.txt
[1.320s] writing top-level names to ../../../../build/px4_offboard_velocity/px4_offboard_velocity.egg-info/top_level.txt
[1.320s] writing manifest file '../../../../build/px4_offboard_velocity/px4_offboard_velocity.egg-info/SOURCES.txt'
[1.322s] reading manifest file '../../../../build/px4_offboard_velocity/px4_offboard_velocity.egg-info/SOURCES.txt'
[1.323s] writing manifest file '../../../../build/px4_offboard_velocity/px4_offboard_velocity.egg-info/SOURCES.txt'
[1.323s] running build
[1.323s] running build_py
[1.324s] creating /home/nb_adm/SWARMz4/ros2_ws/build/px4_offboard_velocity/build
[1.324s] creating /home/nb_adm/SWARMz4/ros2_ws/build/px4_offboard_velocity/build/lib
[1.324s] creating /home/nb_adm/SWARMz4/ros2_ws/build/px4_offboard_velocity/build/lib/px4_offboard_velocity
[1.324s] copying px4_offboard_velocity/velocity_control.py -> /home/nb_adm/SWARMz4/ros2_ws/build/px4_offboard_velocity/build/lib/px4_offboard_velocity
[1.324s] copying px4_offboard_velocity/__init__.py -> /home/nb_adm/SWARMz4/ros2_ws/build/px4_offboard_velocity/build/lib/px4_offboard_velocity
[1.324s] copying px4_offboard_velocity/control.py -> /home/nb_adm/SWARMz4/ros2_ws/build/px4_offboard_velocity/build/lib/px4_offboard_velocity
[1.324s] copying px4_offboard_velocity/processes.py -> /home/nb_adm/SWARMz4/ros2_ws/build/px4_offboard_velocity/build/lib/px4_offboard_velocity
[1.324s] copying px4_offboard_velocity/visualizer.py -> /home/nb_adm/SWARMz4/ros2_ws/build/px4_offboard_velocity/build/lib/px4_offboard_velocity
[1.325s] running install
[1.325s] running install_lib
[1.326s] creating /home/nb_adm/SWARMz4/ros2_ws/install/px4_offboard_velocity/lib/python3.10/site-packages/px4_offboard_velocity
[1.326s] copying /home/nb_adm/SWARMz4/ros2_ws/build/px4_offboard_velocity/build/lib/px4_offboard_velocity/velocity_control.py -> /home/nb_adm/SWARMz4/ros2_ws/install/px4_offboard_velocity/lib/python3.10/site-packages/px4_offboard_velocity
[1.327s] copying /home/nb_adm/SWARMz4/ros2_ws/build/px4_offboard_velocity/build/lib/px4_offboard_velocity/__init__.py -> /home/nb_adm/SWARMz4/ros2_ws/install/px4_offboard_velocity/lib/python3.10/site-packages/px4_offboard_velocity
[1.327s] copying /home/nb_adm/SWARMz4/ros2_ws/build/px4_offboard_velocity/build/lib/px4_offboard_velocity/control.py -> /home/nb_adm/SWARMz4/ros2_ws/install/px4_offboard_velocity/lib/python3.10/site-packages/px4_offboard_velocity
[1.327s] copying /home/nb_adm/SWARMz4/ros2_ws/build/px4_offboard_velocity/build/lib/px4_offboard_velocity/processes.py -> /home/nb_adm/SWARMz4/ros2_ws/install/px4_offboard_velocity/lib/python3.10/site-packages/px4_offboard_velocity
[1.327s] copying /home/nb_adm/SWARMz4/ros2_ws/build/px4_offboard_velocity/build/lib/px4_offboard_velocity/visualizer.py -> /home/nb_adm/SWARMz4/ros2_ws/install/px4_offboard_velocity/lib/python3.10/site-packages/px4_offboard_velocity
[1.328s] byte-compiling /home/nb_adm/SWARMz4/ros2_ws/install/px4_offboard_velocity/lib/python3.10/site-packages/px4_offboard_velocity/velocity_control.py to velocity_control.cpython-310.pyc
[1.330s] byte-compiling /home/nb_adm/SWARMz4/ros2_ws/install/px4_offboard_velocity/lib/python3.10/site-packages/px4_offboard_velocity/__init__.py to __init__.cpython-310.pyc
[1.330s] byte-compiling /home/nb_adm/SWARMz4/ros2_ws/install/px4_offboard_velocity/lib/python3.10/site-packages/px4_offboard_velocity/control.py to control.cpython-310.pyc
[1.331s] byte-compiling /home/nb_adm/SWARMz4/ros2_ws/install/px4_offboard_velocity/lib/python3.10/site-packages/px4_offboard_velocity/processes.py to processes.cpython-310.pyc
[1.331s] byte-compiling /home/nb_adm/SWARMz4/ros2_ws/install/px4_offboard_velocity/lib/python3.10/site-packages/px4_offboard_velocity/visualizer.py to visualizer.cpython-310.pyc
[1.332s] running install_data
[1.332s] creating /home/nb_adm/SWARMz4/ros2_ws/install/px4_offboard_velocity/share/ament_index
[1.333s] creating /home/nb_adm/SWARMz4/ros2_ws/install/px4_offboard_velocity/share/ament_index/resource_index
[1.333s] creating /home/nb_adm/SWARMz4/ros2_ws/install/px4_offboard_velocity/share/ament_index/resource_index/packages
[1.333s] copying resource/px4_offboard_velocity -> /home/nb_adm/SWARMz4/ros2_ws/install/px4_offboard_velocity/share/ament_index/resource_index/packages
[1.333s] copying resource/visualize.rviz -> /home/nb_adm/SWARMz4/ros2_ws/install/px4_offboard_velocity/share/ament_index/resource_index/packages
[1.333s] copying package.xml -> /home/nb_adm/SWARMz4/ros2_ws/install/px4_offboard_velocity/share/px4_offboard_velocity
[1.333s] copying launch/offboard_velocity_control.launch.py -> /home/nb_adm/SWARMz4/ros2_ws/install/px4_offboard_velocity/share/px4_offboard_velocity
[1.334s] copying resource/visualize.rviz -> /home/nb_adm/SWARMz4/ros2_ws/install/px4_offboard_velocity/share/px4_offboard_velocity
[1.334s] running install_egg_info
[1.335s] Copying ../../../../build/px4_offboard_velocity/px4_offboard_velocity.egg-info to /home/nb_adm/SWARMz4/ros2_ws/install/px4_offboard_velocity/lib/python3.10/site-packages/px4_offboard_velocity-0.0.0-py3.10.egg-info
[1.336s] running install_scripts
[1.359s] Installing control script to /home/nb_adm/SWARMz4/ros2_ws/install/px4_offboard_velocity/lib/px4_offboard_velocity
[1.359s] Installing offboard_control script to /home/nb_adm/SWARMz4/ros2_ws/install/px4_offboard_velocity/lib/px4_offboard_velocity
[1.359s] Installing processes script to /home/nb_adm/SWARMz4/ros2_ws/install/px4_offboard_velocity/lib/px4_offboard_velocity
[1.359s] Installing velocity_control script to /home/nb_adm/SWARMz4/ros2_ws/install/px4_offboard_velocity/lib/px4_offboard_velocity
[1.359s] Installing visualizer script to /home/nb_adm/SWARMz4/ros2_ws/install/px4_offboard_velocity/lib/px4_offboard_velocity
[1.360s] writing list of installed files to '/home/nb_adm/SWARMz4/ros2_ws/build/px4_offboard_velocity/install.log'
[1.390s] Invoked command in '/home/nb_adm/SWARMz4/ros2_ws/src/px4_pkgs/px4_controllers/px4_offboard_velocity' returned '0': CMAKE_PREFIX_PATH=/home/nb_adm/SWARMz4/ros2_ws/install/px4_msgs:/home/nb_adm/SWARMz4/ros2_ws/install/swarmz_interfaces:/home/nb_adm/SWARMz4/ros2_ws/install/px4_ros_com:/home/nb_adm/SWARMz4/ros2_ws/install/example_mode_with_executor_cpp:/home/nb_adm/SWARMz4/ros2_ws/install/example_mode_rtl_replacement_cpp:/home/nb_adm/SWARMz4/ros2_ws/install/example_mode_manual_cpp:/home/nb_adm/SWARMz4/ros2_ws/install/example_mode_goto_global_cpp:/home/nb_adm/SWARMz4/ros2_ws/install/example_mode_goto_cpp:/home/nb_adm/SWARMz4/ros2_ws/install/example_mode_fw_attitude_cpp:/home/nb_adm/SWARMz4/ros2_ws/install/example_local_navigation_cpp:/home/nb_adm/SWARMz4/ros2_ws/install/example_global_navigation_cpp:/home/nb_adm/SWARMz4/ros2_ws/install/px4_ros2_cpp:/home/nb_adm/SWARMz4/ros2_ws/install/offboard_control_cpp LD_LIBRARY_PATH=/home/nb_adm/SWARMz4/ros2_ws/install/px4_msgs/lib:/home/nb_adm/SWARMz4/ros2_ws/install/swarmz_interfaces/lib:/home/nb_adm/SWARMz4/ros2_ws/install/px4_ros_com/lib:/home/nb_adm/SWARMz4/ros2_ws/install/px4_ros2_cpp/lib:/opt/ros/humble/opt/rviz_ogre_vendor/lib:/opt/ros/humble/lib/x86_64-linux-gnu:/opt/ros/humble/lib PYTHONPATH=/home/nb_adm/SWARMz4/ros2_ws/build/px4_offboard_velocity/prefix_override:/usr/lib/python3/dist-packages/colcon_core/task/python/colcon_distutils_commands:/home/nb_adm/SWARMz4/ros2_ws/install/px4_offboard_velocity/lib/python3.10/site-packages:${PYTHONPATH} /usr/bin/python3 -W ignore:setup.py install is deprecated -W ignore:easy_install command is deprecated setup.py egg_info --egg-base ../../../../build/px4_offboard_velocity build --build-base /home/nb_adm/SWARMz4/ros2_ws/build/px4_offboard_velocity/build install --record /home/nb_adm/SWARMz4/ros2_ws/build/px4_offboard_velocity/install.log --single-version-externally-managed install_data
