running egg_info
creating ../../../../build/px4_offboard_position/px4_offboard_position.egg-info
writing ../../../../build/px4_offboard_position/px4_offboard_position.egg-info/PKG-INFO
writing dependency_links to ../../../../build/px4_offboard_position/px4_offboard_position.egg-info/dependency_links.txt
writing entry points to ../../../../build/px4_offboard_position/px4_offboard_position.egg-info/entry_points.txt
writing requirements to ../../../../build/px4_offboard_position/px4_offboard_position.egg-info/requires.txt
writing top-level names to ../../../../build/px4_offboard_position/px4_offboard_position.egg-info/top_level.txt
writing manifest file '../../../../build/px4_offboard_position/px4_offboard_position.egg-info/SOURCES.txt'
reading manifest file '../../../../build/px4_offboard_position/px4_offboard_position.egg-info/SOURCES.txt'
writing manifest file '../../../../build/px4_offboard_position/px4_offboard_position.egg-info/SOURCES.txt'
running build
running build_py
creating /home/nb_adm/SWARMz4/ros2_ws/build/px4_offboard_position/build
creating /home/nb_adm/SWARMz4/ros2_ws/build/px4_offboard_position/build/lib
creating /home/nb_adm/SWARMz4/ros2_ws/build/px4_offboard_position/build/lib/px4_offboard_position
copying px4_offboard_position/offboard_control.py -> /home/nb_adm/SWARMz4/ros2_ws/build/px4_offboard_position/build/lib/px4_offboard_position
copying px4_offboard_position/__init__.py -> /home/nb_adm/SWARMz4/ros2_ws/build/px4_offboard_position/build/lib/px4_offboard_position
copying px4_offboard_position/visualizer.py -> /home/nb_adm/SWARMz4/ros2_ws/build/px4_offboard_position/build/lib/px4_offboard_position
running install
running install_lib
creating /home/nb_adm/SWARMz4/ros2_ws/install/px4_offboard_position/lib/python3.10/site-packages/px4_offboard_position
copying /home/nb_adm/SWARMz4/ros2_ws/build/px4_offboard_position/build/lib/px4_offboard_position/offboard_control.py -> /home/nb_adm/SWARMz4/ros2_ws/install/px4_offboard_position/lib/python3.10/site-packages/px4_offboard_position
copying /home/nb_adm/SWARMz4/ros2_ws/build/px4_offboard_position/build/lib/px4_offboard_position/__init__.py -> /home/nb_adm/SWARMz4/ros2_ws/install/px4_offboard_position/lib/python3.10/site-packages/px4_offboard_position
copying /home/nb_adm/SWARMz4/ros2_ws/build/px4_offboard_position/build/lib/px4_offboard_position/visualizer.py -> /home/nb_adm/SWARMz4/ros2_ws/install/px4_offboard_position/lib/python3.10/site-packages/px4_offboard_position
byte-compiling /home/nb_adm/SWARMz4/ros2_ws/install/px4_offboard_position/lib/python3.10/site-packages/px4_offboard_position/offboard_control.py to offboard_control.cpython-310.pyc
byte-compiling /home/nb_adm/SWARMz4/ros2_ws/install/px4_offboard_position/lib/python3.10/site-packages/px4_offboard_position/__init__.py to __init__.cpython-310.pyc
byte-compiling /home/nb_adm/SWARMz4/ros2_ws/install/px4_offboard_position/lib/python3.10/site-packages/px4_offboard_position/visualizer.py to visualizer.cpython-310.pyc
running install_data
creating /home/nb_adm/SWARMz4/ros2_ws/install/px4_offboard_position/share/ament_index
creating /home/nb_adm/SWARMz4/ros2_ws/install/px4_offboard_position/share/ament_index/resource_index
creating /home/nb_adm/SWARMz4/ros2_ws/install/px4_offboard_position/share/ament_index/resource_index/packages
copying resource/px4_offboard_position -> /home/nb_adm/SWARMz4/ros2_ws/install/px4_offboard_position/share/ament_index/resource_index/packages
copying resource/visualize.rviz -> /home/nb_adm/SWARMz4/ros2_ws/install/px4_offboard_position/share/ament_index/resource_index/packages
copying package.xml -> /home/nb_adm/SWARMz4/ros2_ws/install/px4_offboard_position/share/px4_offboard_position
copying launch/offboard_hardware_position_control.launch.py -> /home/nb_adm/SWARMz4/ros2_ws/install/px4_offboard_position/share/px4_offboard_position
copying launch/offboard_position_control.launch.py -> /home/nb_adm/SWARMz4/ros2_ws/install/px4_offboard_position/share/px4_offboard_position
copying launch/visualize.launch.py -> /home/nb_adm/SWARMz4/ros2_ws/install/px4_offboard_position/share/px4_offboard_position
copying resource/visualize.rviz -> /home/nb_adm/SWARMz4/ros2_ws/install/px4_offboard_position/share/px4_offboard_position
running install_egg_info
Copying ../../../../build/px4_offboard_position/px4_offboard_position.egg-info to /home/nb_adm/SWARMz4/ros2_ws/install/px4_offboard_position/lib/python3.10/site-packages/px4_offboard_position-0.0.0-py3.10.egg-info
running install_scripts
Installing offboard_control script to /home/nb_adm/SWARMz4/ros2_ws/install/px4_offboard_position/lib/px4_offboard_position
Installing visualizer script to /home/nb_adm/SWARMz4/ros2_ws/install/px4_offboard_position/lib/px4_offboard_position
writing list of installed files to '/home/nb_adm/SWARMz4/ros2_ws/build/px4_offboard_position/install.log'
