[0.973s] Invoking command in '/home/nb_adm/SWARMz4/ros2_ws/src/px4_pkgs/px4_controllers/px4_offboard_position': CMAKE_PREFIX_PATH=/home/nb_adm/SWARMz4/ros2_ws/install/px4_msgs:/home/nb_adm/SWARMz4/ros2_ws/install/swarmz_interfaces:/home/nb_adm/SWARMz4/ros2_ws/install/px4_ros_com:/home/nb_adm/SWARMz4/ros2_ws/install/example_mode_with_executor_cpp:/home/nb_adm/SWARMz4/ros2_ws/install/example_mode_rtl_replacement_cpp:/home/nb_adm/SWARMz4/ros2_ws/install/example_mode_manual_cpp:/home/nb_adm/SWARMz4/ros2_ws/install/example_mode_goto_global_cpp:/home/nb_adm/SWARMz4/ros2_ws/install/example_mode_goto_cpp:/home/nb_adm/SWARMz4/ros2_ws/install/example_mode_fw_attitude_cpp:/home/nb_adm/SWARMz4/ros2_ws/install/example_local_navigation_cpp:/home/nb_adm/SWARMz4/ros2_ws/install/example_global_navigation_cpp:/home/nb_adm/SWARMz4/ros2_ws/install/px4_ros2_cpp:/home/nb_adm/SWARMz4/ros2_ws/install/offboard_control_cpp LD_LIBRARY_PATH=/home/nb_adm/SWARMz4/ros2_ws/install/px4_msgs/lib:/home/nb_adm/SWARMz4/ros2_ws/install/swarmz_interfaces/lib:/home/nb_adm/SWARMz4/ros2_ws/install/px4_ros_com/lib:/home/nb_adm/SWARMz4/ros2_ws/install/px4_ros2_cpp/lib:/opt/ros/humble/opt/rviz_ogre_vendor/lib:/opt/ros/humble/lib/x86_64-linux-gnu:/opt/ros/humble/lib PYTHONPATH=/home/nb_adm/SWARMz4/ros2_ws/build/px4_offboard_position/prefix_override:/usr/lib/python3/dist-packages/colcon_core/task/python/colcon_distutils_commands:/home/nb_adm/SWARMz4/ros2_ws/install/px4_offboard_position/lib/python3.10/site-packages:${PYTHONPATH} /usr/bin/python3 -W ignore:setup.py install is deprecated -W ignore:easy_install command is deprecated setup.py egg_info --egg-base ../../../../build/px4_offboard_position build --build-base /home/nb_adm/SWARMz4/ros2_ws/build/px4_offboard_position/build install --record /home/nb_adm/SWARMz4/ros2_ws/build/px4_offboard_position/install.log --single-version-externally-managed install_data
[1.337s] running egg_info
[1.338s] creating ../../../../build/px4_offboard_position/px4_offboard_position.egg-info
[1.338s] writing ../../../../build/px4_offboard_position/px4_offboard_position.egg-info/PKG-INFO
[1.338s] writing dependency_links to ../../../../build/px4_offboard_position/px4_offboard_position.egg-info/dependency_links.txt
[1.338s] writing entry points to ../../../../build/px4_offboard_position/px4_offboard_position.egg-info/entry_points.txt
[1.339s] writing requirements to ../../../../build/px4_offboard_position/px4_offboard_position.egg-info/requires.txt
[1.339s] writing top-level names to ../../../../build/px4_offboard_position/px4_offboard_position.egg-info/top_level.txt
[1.339s] writing manifest file '../../../../build/px4_offboard_position/px4_offboard_position.egg-info/SOURCES.txt'
[1.341s] reading manifest file '../../../../build/px4_offboard_position/px4_offboard_position.egg-info/SOURCES.txt'
[1.342s] writing manifest file '../../../../build/px4_offboard_position/px4_offboard_position.egg-info/SOURCES.txt'
[1.342s] running build
[1.343s] running build_py
[1.343s] creating /home/nb_adm/SWARMz4/ros2_ws/build/px4_offboard_position/build
[1.343s] creating /home/nb_adm/SWARMz4/ros2_ws/build/px4_offboard_position/build/lib
[1.343s] creating /home/nb_adm/SWARMz4/ros2_ws/build/px4_offboard_position/build/lib/px4_offboard_position
[1.343s] copying px4_offboard_position/offboard_control.py -> /home/nb_adm/SWARMz4/ros2_ws/build/px4_offboard_position/build/lib/px4_offboard_position
[1.343s] copying px4_offboard_position/__init__.py -> /home/nb_adm/SWARMz4/ros2_ws/build/px4_offboard_position/build/lib/px4_offboard_position
[1.343s] copying px4_offboard_position/visualizer.py -> /home/nb_adm/SWARMz4/ros2_ws/build/px4_offboard_position/build/lib/px4_offboard_position
[1.343s] running install
[1.343s] running install_lib
[1.344s] creating /home/nb_adm/SWARMz4/ros2_ws/install/px4_offboard_position/lib/python3.10/site-packages/px4_offboard_position
[1.344s] copying /home/nb_adm/SWARMz4/ros2_ws/build/px4_offboard_position/build/lib/px4_offboard_position/offboard_control.py -> /home/nb_adm/SWARMz4/ros2_ws/install/px4_offboard_position/lib/python3.10/site-packages/px4_offboard_position
[1.345s] copying /home/nb_adm/SWARMz4/ros2_ws/build/px4_offboard_position/build/lib/px4_offboard_position/__init__.py -> /home/nb_adm/SWARMz4/ros2_ws/install/px4_offboard_position/lib/python3.10/site-packages/px4_offboard_position
[1.345s] copying /home/nb_adm/SWARMz4/ros2_ws/build/px4_offboard_position/build/lib/px4_offboard_position/visualizer.py -> /home/nb_adm/SWARMz4/ros2_ws/install/px4_offboard_position/lib/python3.10/site-packages/px4_offboard_position
[1.346s] byte-compiling /home/nb_adm/SWARMz4/ros2_ws/install/px4_offboard_position/lib/python3.10/site-packages/px4_offboard_position/offboard_control.py to offboard_control.cpython-310.pyc
[1.347s] byte-compiling /home/nb_adm/SWARMz4/ros2_ws/install/px4_offboard_position/lib/python3.10/site-packages/px4_offboard_position/__init__.py to __init__.cpython-310.pyc
[1.347s] byte-compiling /home/nb_adm/SWARMz4/ros2_ws/install/px4_offboard_position/lib/python3.10/site-packages/px4_offboard_position/visualizer.py to visualizer.cpython-310.pyc
[1.348s] running install_data
[1.348s] creating /home/nb_adm/SWARMz4/ros2_ws/install/px4_offboard_position/share/ament_index
[1.348s] creating /home/nb_adm/SWARMz4/ros2_ws/install/px4_offboard_position/share/ament_index/resource_index
[1.348s] creating /home/nb_adm/SWARMz4/ros2_ws/install/px4_offboard_position/share/ament_index/resource_index/packages
[1.348s] copying resource/px4_offboard_position -> /home/nb_adm/SWARMz4/ros2_ws/install/px4_offboard_position/share/ament_index/resource_index/packages
[1.349s] copying resource/visualize.rviz -> /home/nb_adm/SWARMz4/ros2_ws/install/px4_offboard_position/share/ament_index/resource_index/packages
[1.349s] copying package.xml -> /home/nb_adm/SWARMz4/ros2_ws/install/px4_offboard_position/share/px4_offboard_position
[1.349s] copying launch/offboard_hardware_position_control.launch.py -> /home/nb_adm/SWARMz4/ros2_ws/install/px4_offboard_position/share/px4_offboard_position
[1.349s] copying launch/offboard_position_control.launch.py -> /home/nb_adm/SWARMz4/ros2_ws/install/px4_offboard_position/share/px4_offboard_position
[1.349s] copying launch/visualize.launch.py -> /home/nb_adm/SWARMz4/ros2_ws/install/px4_offboard_position/share/px4_offboard_position
[1.349s] copying resource/visualize.rviz -> /home/nb_adm/SWARMz4/ros2_ws/install/px4_offboard_position/share/px4_offboard_position
[1.349s] running install_egg_info
[1.351s] Copying ../../../../build/px4_offboard_position/px4_offboard_position.egg-info to /home/nb_adm/SWARMz4/ros2_ws/install/px4_offboard_position/lib/python3.10/site-packages/px4_offboard_position-0.0.0-py3.10.egg-info
[1.352s] running install_scripts
[1.375s] Installing offboard_control script to /home/nb_adm/SWARMz4/ros2_ws/install/px4_offboard_position/lib/px4_offboard_position
[1.375s] Installing visualizer script to /home/nb_adm/SWARMz4/ros2_ws/install/px4_offboard_position/lib/px4_offboard_position
[1.375s] writing list of installed files to '/home/nb_adm/SWARMz4/ros2_ws/build/px4_offboard_position/install.log'
[1.408s] Invoked command in '/home/nb_adm/SWARMz4/ros2_ws/src/px4_pkgs/px4_controllers/px4_offboard_position' returned '0': CMAKE_PREFIX_PATH=/home/nb_adm/SWARMz4/ros2_ws/install/px4_msgs:/home/nb_adm/SWARMz4/ros2_ws/install/swarmz_interfaces:/home/nb_adm/SWARMz4/ros2_ws/install/px4_ros_com:/home/nb_adm/SWARMz4/ros2_ws/install/example_mode_with_executor_cpp:/home/nb_adm/SWARMz4/ros2_ws/install/example_mode_rtl_replacement_cpp:/home/nb_adm/SWARMz4/ros2_ws/install/example_mode_manual_cpp:/home/nb_adm/SWARMz4/ros2_ws/install/example_mode_goto_global_cpp:/home/nb_adm/SWARMz4/ros2_ws/install/example_mode_goto_cpp:/home/nb_adm/SWARMz4/ros2_ws/install/example_mode_fw_attitude_cpp:/home/nb_adm/SWARMz4/ros2_ws/install/example_local_navigation_cpp:/home/nb_adm/SWARMz4/ros2_ws/install/example_global_navigation_cpp:/home/nb_adm/SWARMz4/ros2_ws/install/px4_ros2_cpp:/home/nb_adm/SWARMz4/ros2_ws/install/offboard_control_cpp LD_LIBRARY_PATH=/home/nb_adm/SWARMz4/ros2_ws/install/px4_msgs/lib:/home/nb_adm/SWARMz4/ros2_ws/install/swarmz_interfaces/lib:/home/nb_adm/SWARMz4/ros2_ws/install/px4_ros_com/lib:/home/nb_adm/SWARMz4/ros2_ws/install/px4_ros2_cpp/lib:/opt/ros/humble/opt/rviz_ogre_vendor/lib:/opt/ros/humble/lib/x86_64-linux-gnu:/opt/ros/humble/lib PYTHONPATH=/home/nb_adm/SWARMz4/ros2_ws/build/px4_offboard_position/prefix_override:/usr/lib/python3/dist-packages/colcon_core/task/python/colcon_distutils_commands:/home/nb_adm/SWARMz4/ros2_ws/install/px4_offboard_position/lib/python3.10/site-packages:${PYTHONPATH} /usr/bin/python3 -W ignore:setup.py install is deprecated -W ignore:easy_install command is deprecated setup.py egg_info --egg-base ../../../../build/px4_offboard_position build --build-base /home/nb_adm/SWARMz4/ros2_ws/build/px4_offboard_position/build install --record /home/nb_adm/SWARMz4/ros2_ws/build/px4_offboard_position/install.log --single-version-externally-managed install_data
