[0.498s] Invoking command in '/home/nb_adm/SWARMz4/ros2_ws/build/px4_ros_com': CMAKE_PREFIX_PATH=/home/nb_adm/SWARMz4/ros2_ws/install/px4_msgs:/home/nb_adm/SWARMz4/ros2_ws/install/swarmz_interfaces:/home/nb_adm/SWARMz4/ros2_ws/install/px4_ros_com:/home/nb_adm/SWARMz4/ros2_ws/install/example_mode_with_executor_cpp:/home/nb_adm/SWARMz4/ros2_ws/install/example_mode_rtl_replacement_cpp:/home/nb_adm/SWARMz4/ros2_ws/install/example_mode_manual_cpp:/home/nb_adm/SWARMz4/ros2_ws/install/example_mode_goto_global_cpp:/home/nb_adm/SWARMz4/ros2_ws/install/example_mode_goto_cpp:/home/nb_adm/SWARMz4/ros2_ws/install/example_mode_fw_attitude_cpp:/home/nb_adm/SWARMz4/ros2_ws/install/example_local_navigation_cpp:/home/nb_adm/SWARMz4/ros2_ws/install/example_global_navigation_cpp:/home/nb_adm/SWARMz4/ros2_ws/install/px4_ros2_cpp:/home/nb_adm/SWARMz4/ros2_ws/install/offboard_control_cpp:/home/nb_adm/SWARMz4/ros2_ws/install/px4_offboard_velocity:/home/nb_adm/SWARMz4/ros2_ws/install/px4_offboard_position:/home/nb_adm/SWARMz4/ros2_ws/install/px4_gz_bridge:/home/nb_adm/SWARMz4/ros2_ws/install/offboard_control_py:/home/nb_adm/SWARMz4/ros2_ws/install/game_master:/home/nb_adm/SWARMz4/ros2_ws/install/flag_ship:/opt/ros/humble LD_LIBRARY_PATH=/home/nb_adm/SWARMz4/ros2_ws/install/px4_msgs/lib:/home/nb_adm/SWARMz4/ros2_ws/install/swarmz_interfaces/lib:/home/nb_adm/SWARMz4/ros2_ws/install/px4_ros_com/lib:/home/nb_adm/SWARMz4/ros2_ws/install/px4_ros2_cpp/lib:/opt/ros/humble/opt/rviz_ogre_vendor/lib:/opt/ros/humble/lib/x86_64-linux-gnu:/opt/ros/humble/lib /usr/bin/cmake --build /home/nb_adm/SWARMz4/ros2_ws/build/px4_ros_com -- -j24 -l24
[0.535s] [35m[1mConsolidate compiler generated dependencies of target vehicle_gps_position_listener[0m
[0.535s] [35m[1mConsolidate compiler generated dependencies of target offboard_control[0m
[0.535s] [35m[1mConsolidate compiler generated dependencies of target offboard_control_srv[0m
[0.538s] [35m[1mConsolidate compiler generated dependencies of target frame_transforms[0m
[0.538s] [35m[1mConsolidate compiler generated dependencies of target debug_vect_advertiser[0m
[0.538s] [35m[1mConsolidate compiler generated dependencies of target sensor_combined_listener[0m
[0.545s] [ 41%] Built target ament_cmake_python_copy_px4_ros_com
[0.546s] [ 41%] Built target offboard_control
[0.546s] [ 50%] Built target offboard_control_srv
[0.546s] [ 50%] Built target vehicle_gps_position_listener
[0.550s] [ 66%] Built target frame_transforms
[0.553s] [ 83%] Built target debug_vect_advertiser
[0.556s] [100%] Built target sensor_combined_listener
[0.907s] running egg_info
[0.908s] writing px4_ros_com.egg-info/PKG-INFO
[0.908s] writing dependency_links to px4_ros_com.egg-info/dependency_links.txt
[0.908s] writing top-level names to px4_ros_com.egg-info/top_level.txt
[0.910s] reading manifest file 'px4_ros_com.egg-info/SOURCES.txt'
[0.911s] writing manifest file 'px4_ros_com.egg-info/SOURCES.txt'
[0.938s] [100%] Built target ament_cmake_python_build_px4_ros_com_egg
[0.948s] Invoked command in '/home/nb_adm/SWARMz4/ros2_ws/build/px4_ros_com' returned '0': CMAKE_PREFIX_PATH=/home/nb_adm/SWARMz4/ros2_ws/install/px4_msgs:/home/nb_adm/SWARMz4/ros2_ws/install/swarmz_interfaces:/home/nb_adm/SWARMz4/ros2_ws/install/px4_ros_com:/home/nb_adm/SWARMz4/ros2_ws/install/example_mode_with_executor_cpp:/home/nb_adm/SWARMz4/ros2_ws/install/example_mode_rtl_replacement_cpp:/home/nb_adm/SWARMz4/ros2_ws/install/example_mode_manual_cpp:/home/nb_adm/SWARMz4/ros2_ws/install/example_mode_goto_global_cpp:/home/nb_adm/SWARMz4/ros2_ws/install/example_mode_goto_cpp:/home/nb_adm/SWARMz4/ros2_ws/install/example_mode_fw_attitude_cpp:/home/nb_adm/SWARMz4/ros2_ws/install/example_local_navigation_cpp:/home/nb_adm/SWARMz4/ros2_ws/install/example_global_navigation_cpp:/home/nb_adm/SWARMz4/ros2_ws/install/px4_ros2_cpp:/home/nb_adm/SWARMz4/ros2_ws/install/offboard_control_cpp:/home/nb_adm/SWARMz4/ros2_ws/install/px4_offboard_velocity:/home/nb_adm/SWARMz4/ros2_ws/install/px4_offboard_position:/home/nb_adm/SWARMz4/ros2_ws/install/px4_gz_bridge:/home/nb_adm/SWARMz4/ros2_ws/install/offboard_control_py:/home/nb_adm/SWARMz4/ros2_ws/install/game_master:/home/nb_adm/SWARMz4/ros2_ws/install/flag_ship:/opt/ros/humble LD_LIBRARY_PATH=/home/nb_adm/SWARMz4/ros2_ws/install/px4_msgs/lib:/home/nb_adm/SWARMz4/ros2_ws/install/swarmz_interfaces/lib:/home/nb_adm/SWARMz4/ros2_ws/install/px4_ros_com/lib:/home/nb_adm/SWARMz4/ros2_ws/install/px4_ros2_cpp/lib:/opt/ros/humble/opt/rviz_ogre_vendor/lib:/opt/ros/humble/lib/x86_64-linux-gnu:/opt/ros/humble/lib /usr/bin/cmake --build /home/nb_adm/SWARMz4/ros2_ws/build/px4_ros_com -- -j24 -l24
[0.949s] Invoking command in '/home/nb_adm/SWARMz4/ros2_ws/build/px4_ros_com': CMAKE_PREFIX_PATH=/home/nb_adm/SWARMz4/ros2_ws/install/px4_msgs:/home/nb_adm/SWARMz4/ros2_ws/install/swarmz_interfaces:/home/nb_adm/SWARMz4/ros2_ws/install/px4_ros_com:/home/nb_adm/SWARMz4/ros2_ws/install/example_mode_with_executor_cpp:/home/nb_adm/SWARMz4/ros2_ws/install/example_mode_rtl_replacement_cpp:/home/nb_adm/SWARMz4/ros2_ws/install/example_mode_manual_cpp:/home/nb_adm/SWARMz4/ros2_ws/install/example_mode_goto_global_cpp:/home/nb_adm/SWARMz4/ros2_ws/install/example_mode_goto_cpp:/home/nb_adm/SWARMz4/ros2_ws/install/example_mode_fw_attitude_cpp:/home/nb_adm/SWARMz4/ros2_ws/install/example_local_navigation_cpp:/home/nb_adm/SWARMz4/ros2_ws/install/example_global_navigation_cpp:/home/nb_adm/SWARMz4/ros2_ws/install/px4_ros2_cpp:/home/nb_adm/SWARMz4/ros2_ws/install/offboard_control_cpp:/home/nb_adm/SWARMz4/ros2_ws/install/px4_offboard_velocity:/home/nb_adm/SWARMz4/ros2_ws/install/px4_offboard_position:/home/nb_adm/SWARMz4/ros2_ws/install/px4_gz_bridge:/home/nb_adm/SWARMz4/ros2_ws/install/offboard_control_py:/home/nb_adm/SWARMz4/ros2_ws/install/game_master:/home/nb_adm/SWARMz4/ros2_ws/install/flag_ship:/opt/ros/humble LD_LIBRARY_PATH=/home/nb_adm/SWARMz4/ros2_ws/install/px4_msgs/lib:/home/nb_adm/SWARMz4/ros2_ws/install/swarmz_interfaces/lib:/home/nb_adm/SWARMz4/ros2_ws/install/px4_ros_com/lib:/home/nb_adm/SWARMz4/ros2_ws/install/px4_ros2_cpp/lib:/opt/ros/humble/opt/rviz_ogre_vendor/lib:/opt/ros/humble/lib/x86_64-linux-gnu:/opt/ros/humble/lib /usr/bin/cmake --install /home/nb_adm/SWARMz4/ros2_ws/build/px4_ros_com
[0.957s] -- Install configuration: ""
[0.958s] -- Up-to-date: /home/nb_adm/SWARMz4/ros2_ws/install/px4_ros_com/lib/px4_ros_com/sensor_combined_listener
[0.958s] -- Up-to-date: /home/nb_adm/SWARMz4/ros2_ws/install/px4_ros_com/lib/px4_ros_com/vehicle_gps_position_listener
[0.958s] -- Up-to-date: /home/nb_adm/SWARMz4/ros2_ws/install/px4_ros_com/lib/px4_ros_com/debug_vect_advertiser
[0.958s] -- Up-to-date: /home/nb_adm/SWARMz4/ros2_ws/install/px4_ros_com/lib/px4_ros_com/offboard_control
[0.959s] -- Up-to-date: /home/nb_adm/SWARMz4/ros2_ws/install/px4_ros_com/lib/px4_ros_com/offboard_control_srv
[0.959s] -- Up-to-date: /home/nb_adm/SWARMz4/ros2_ws/install/px4_ros_com/share/px4_ros_com/environment/library_path.sh
[0.959s] -- Up-to-date: /home/nb_adm/SWARMz4/ros2_ws/install/px4_ros_com/share/px4_ros_com/environment/library_path.dsv
[0.959s] -- Up-to-date: /home/nb_adm/SWARMz4/ros2_ws/install/px4_ros_com/include/px4_ros_com
[0.959s] -- Up-to-date: /home/nb_adm/SWARMz4/ros2_ws/install/px4_ros_com/include/px4_ros_com/frame_transforms.h
[0.959s] -- Up-to-date: /home/nb_adm/SWARMz4/ros2_ws/install/px4_ros_com/lib/libframe_transforms.so
[0.959s] -- Up-to-date: /home/nb_adm/SWARMz4/ros2_ws/install/px4_ros_com/share/px4_ros_com//launch
[0.959s] -- Up-to-date: /home/nb_adm/SWARMz4/ros2_ws/install/px4_ros_com/share/px4_ros_com//launch/sensor_combined_listener.launch.py
[0.959s] -- Up-to-date: /home/nb_adm/SWARMz4/ros2_ws/install/px4_ros_com/share/px4_ros_com//launch/offboard_control_launch.yaml
[0.959s] -- Up-to-date: /home/nb_adm/SWARMz4/ros2_ws/install/px4_ros_com/share/px4_ros_com//test
[0.959s] -- Up-to-date: /home/nb_adm/SWARMz4/ros2_ws/install/px4_ros_com/share/px4_ros_com//test/__init__.py
[0.959s] -- Up-to-date: /home/nb_adm/SWARMz4/ros2_ws/install/px4_ros_com/share/px4_ros_com//test/test_input.py
[0.959s] -- Up-to-date: /home/nb_adm/SWARMz4/ros2_ws/install/px4_ros_com/share/px4_ros_com//test/pipeline_io_test.py
[0.960s] -- Up-to-date: /home/nb_adm/SWARMz4/ros2_ws/install/px4_ros_com/share/px4_ros_com//test/test_output.py
[0.960s] -- Up-to-date: /home/nb_adm/SWARMz4/ros2_ws/install/px4_ros_com/share/px4_ros_com/environment/pythonpath.sh
[0.960s] -- Up-to-date: /home/nb_adm/SWARMz4/ros2_ws/install/px4_ros_com/share/px4_ros_com/environment/pythonpath.dsv
[0.960s] -- Up-to-date: /home/nb_adm/SWARMz4/ros2_ws/install/px4_ros_com/local/lib/python3.10/dist-packages/px4_ros_com-0.1.0-py3.10.egg-info
[0.960s] -- Installing: /home/nb_adm/SWARMz4/ros2_ws/install/px4_ros_com/local/lib/python3.10/dist-packages/px4_ros_com-0.1.0-py3.10.egg-info/dependency_links.txt
[0.960s] -- Installing: /home/nb_adm/SWARMz4/ros2_ws/install/px4_ros_com/local/lib/python3.10/dist-packages/px4_ros_com-0.1.0-py3.10.egg-info/PKG-INFO
[0.960s] -- Installing: /home/nb_adm/SWARMz4/ros2_ws/install/px4_ros_com/local/lib/python3.10/dist-packages/px4_ros_com-0.1.0-py3.10.egg-info/SOURCES.txt
[0.960s] -- Installing: /home/nb_adm/SWARMz4/ros2_ws/install/px4_ros_com/local/lib/python3.10/dist-packages/px4_ros_com-0.1.0-py3.10.egg-info/top_level.txt
[0.960s] -- Up-to-date: /home/nb_adm/SWARMz4/ros2_ws/install/px4_ros_com/local/lib/python3.10/dist-packages/px4_ros_com
[0.960s] -- Up-to-date: /home/nb_adm/SWARMz4/ros2_ws/install/px4_ros_com/local/lib/python3.10/dist-packages/px4_ros_com/module_to_import.py
[0.960s] -- Up-to-date: /home/nb_adm/SWARMz4/ros2_ws/install/px4_ros_com/local/lib/python3.10/dist-packages/px4_ros_com/__init__.py
[1.001s] Listing '/home/nb_adm/SWARMz4/ros2_ws/install/px4_ros_com/local/lib/python3.10/dist-packages/px4_ros_com'...
[1.007s] -- Up-to-date: /home/nb_adm/SWARMz4/ros2_ws/install/px4_ros_com/lib/px4_ros_com/offboard_control.py
[1.007s] -- Up-to-date: /home/nb_adm/SWARMz4/ros2_ws/install/px4_ros_com/share/ament_index/resource_index/package_run_dependencies/px4_ros_com
[1.007s] -- Up-to-date: /home/nb_adm/SWARMz4/ros2_ws/install/px4_ros_com/share/ament_index/resource_index/parent_prefix_path/px4_ros_com
[1.007s] -- Up-to-date: /home/nb_adm/SWARMz4/ros2_ws/install/px4_ros_com/share/px4_ros_com/environment/ament_prefix_path.sh
[1.007s] -- Up-to-date: /home/nb_adm/SWARMz4/ros2_ws/install/px4_ros_com/share/px4_ros_com/environment/ament_prefix_path.dsv
[1.007s] -- Up-to-date: /home/nb_adm/SWARMz4/ros2_ws/install/px4_ros_com/share/px4_ros_com/environment/path.sh
[1.007s] -- Up-to-date: /home/nb_adm/SWARMz4/ros2_ws/install/px4_ros_com/share/px4_ros_com/environment/path.dsv
[1.007s] -- Up-to-date: /home/nb_adm/SWARMz4/ros2_ws/install/px4_ros_com/share/px4_ros_com/local_setup.bash
[1.007s] -- Up-to-date: /home/nb_adm/SWARMz4/ros2_ws/install/px4_ros_com/share/px4_ros_com/local_setup.sh
[1.007s] -- Up-to-date: /home/nb_adm/SWARMz4/ros2_ws/install/px4_ros_com/share/px4_ros_com/local_setup.zsh
[1.007s] -- Up-to-date: /home/nb_adm/SWARMz4/ros2_ws/install/px4_ros_com/share/px4_ros_com/local_setup.dsv
[1.007s] -- Installing: /home/nb_adm/SWARMz4/ros2_ws/install/px4_ros_com/share/px4_ros_com/package.dsv
[1.007s] -- Up-to-date: /home/nb_adm/SWARMz4/ros2_ws/install/px4_ros_com/share/ament_index/resource_index/packages/px4_ros_com
[1.007s] -- Up-to-date: /home/nb_adm/SWARMz4/ros2_ws/install/px4_ros_com/share/px4_ros_com/cmake/export_frame_transformsExport.cmake
[1.007s] -- Up-to-date: /home/nb_adm/SWARMz4/ros2_ws/install/px4_ros_com/share/px4_ros_com/cmake/export_frame_transformsExport-noconfig.cmake
[1.008s] -- Up-to-date: /home/nb_adm/SWARMz4/ros2_ws/install/px4_ros_com/share/px4_ros_com/cmake/ament_cmake_export_dependencies-extras.cmake
[1.008s] -- Up-to-date: /home/nb_adm/SWARMz4/ros2_ws/install/px4_ros_com/share/px4_ros_com/cmake/ament_cmake_export_targets-extras.cmake
[1.008s] -- Up-to-date: /home/nb_adm/SWARMz4/ros2_ws/install/px4_ros_com/share/px4_ros_com/cmake/ament_cmake_export_include_directories-extras.cmake
[1.008s] -- Up-to-date: /home/nb_adm/SWARMz4/ros2_ws/install/px4_ros_com/share/px4_ros_com/cmake/ament_cmake_export_libraries-extras.cmake
[1.008s] -- Up-to-date: /home/nb_adm/SWARMz4/ros2_ws/install/px4_ros_com/share/px4_ros_com/cmake/px4_ros_comConfig.cmake
[1.008s] -- Up-to-date: /home/nb_adm/SWARMz4/ros2_ws/install/px4_ros_com/share/px4_ros_com/cmake/px4_ros_comConfig-version.cmake
[1.008s] -- Up-to-date: /home/nb_adm/SWARMz4/ros2_ws/install/px4_ros_com/share/px4_ros_com/package.xml
[1.010s] Invoked command in '/home/nb_adm/SWARMz4/ros2_ws/build/px4_ros_com' returned '0': CMAKE_PREFIX_PATH=/home/nb_adm/SWARMz4/ros2_ws/install/px4_msgs:/home/nb_adm/SWARMz4/ros2_ws/install/swarmz_interfaces:/home/nb_adm/SWARMz4/ros2_ws/install/px4_ros_com:/home/nb_adm/SWARMz4/ros2_ws/install/example_mode_with_executor_cpp:/home/nb_adm/SWARMz4/ros2_ws/install/example_mode_rtl_replacement_cpp:/home/nb_adm/SWARMz4/ros2_ws/install/example_mode_manual_cpp:/home/nb_adm/SWARMz4/ros2_ws/install/example_mode_goto_global_cpp:/home/nb_adm/SWARMz4/ros2_ws/install/example_mode_goto_cpp:/home/nb_adm/SWARMz4/ros2_ws/install/example_mode_fw_attitude_cpp:/home/nb_adm/SWARMz4/ros2_ws/install/example_local_navigation_cpp:/home/nb_adm/SWARMz4/ros2_ws/install/example_global_navigation_cpp:/home/nb_adm/SWARMz4/ros2_ws/install/px4_ros2_cpp:/home/nb_adm/SWARMz4/ros2_ws/install/offboard_control_cpp:/home/nb_adm/SWARMz4/ros2_ws/install/px4_offboard_velocity:/home/nb_adm/SWARMz4/ros2_ws/install/px4_offboard_position:/home/nb_adm/SWARMz4/ros2_ws/install/px4_gz_bridge:/home/nb_adm/SWARMz4/ros2_ws/install/offboard_control_py:/home/nb_adm/SWARMz4/ros2_ws/install/game_master:/home/nb_adm/SWARMz4/ros2_ws/install/flag_ship:/opt/ros/humble LD_LIBRARY_PATH=/home/nb_adm/SWARMz4/ros2_ws/install/px4_msgs/lib:/home/nb_adm/SWARMz4/ros2_ws/install/swarmz_interfaces/lib:/home/nb_adm/SWARMz4/ros2_ws/install/px4_ros_com/lib:/home/nb_adm/SWARMz4/ros2_ws/install/px4_ros2_cpp/lib:/opt/ros/humble/opt/rviz_ogre_vendor/lib:/opt/ros/humble/lib/x86_64-linux-gnu:/opt/ros/humble/lib /usr/bin/cmake --install /home/nb_adm/SWARMz4/ros2_ws/build/px4_ros_com
