/home/nb_adm/SWARMz4/ros2_ws/install/px4_offboard_velocity/lib/python3.10/site-packages/px4_offboard_velocity/velocity_control.py
/home/nb_adm/SWARMz4/ros2_ws/install/px4_offboard_velocity/lib/python3.10/site-packages/px4_offboard_velocity/__init__.py
/home/nb_adm/SWARMz4/ros2_ws/install/px4_offboard_velocity/lib/python3.10/site-packages/px4_offboard_velocity/control.py
/home/nb_adm/SWARMz4/ros2_ws/install/px4_offboard_velocity/lib/python3.10/site-packages/px4_offboard_velocity/processes.py
/home/nb_adm/SWARMz4/ros2_ws/install/px4_offboard_velocity/lib/python3.10/site-packages/px4_offboard_velocity/visualizer.py
/home/nb_adm/SWARMz4/ros2_ws/install/px4_offboard_velocity/lib/python3.10/site-packages/px4_offboard_velocity/__pycache__/velocity_control.cpython-310.pyc
/home/nb_adm/SWARMz4/ros2_ws/install/px4_offboard_velocity/lib/python3.10/site-packages/px4_offboard_velocity/__pycache__/__init__.cpython-310.pyc
/home/nb_adm/SWARMz4/ros2_ws/install/px4_offboard_velocity/lib/python3.10/site-packages/px4_offboard_velocity/__pycache__/control.cpython-310.pyc
/home/nb_adm/SWARMz4/ros2_ws/install/px4_offboard_velocity/lib/python3.10/site-packages/px4_offboard_velocity/__pycache__/processes.cpython-310.pyc
/home/nb_adm/SWARMz4/ros2_ws/install/px4_offboard_velocity/lib/python3.10/site-packages/px4_offboard_velocity/__pycache__/visualizer.cpython-310.pyc
/home/nb_adm/SWARMz4/ros2_ws/install/px4_offboard_velocity/share/ament_index/resource_index/packages/px4_offboard_velocity
/home/nb_adm/SWARMz4/ros2_ws/install/px4_offboard_velocity/share/ament_index/resource_index/packages/visualize.rviz
/home/nb_adm/SWARMz4/ros2_ws/install/px4_offboard_velocity/share/px4_offboard_velocity/package.xml
/home/nb_adm/SWARMz4/ros2_ws/install/px4_offboard_velocity/share/px4_offboard_velocity/offboard_velocity_control.launch.py
/home/nb_adm/SWARMz4/ros2_ws/install/px4_offboard_velocity/share/px4_offboard_velocity/visualize.rviz
/home/nb_adm/SWARMz4/ros2_ws/install/px4_offboard_velocity/lib/python3.10/site-packages/px4_offboard_velocity-0.0.0-py3.10.egg-info/dependency_links.txt
/home/nb_adm/SWARMz4/ros2_ws/install/px4_offboard_velocity/lib/python3.10/site-packages/px4_offboard_velocity-0.0.0-py3.10.egg-info/PKG-INFO
/home/nb_adm/SWARMz4/ros2_ws/install/px4_offboard_velocity/lib/python3.10/site-packages/px4_offboard_velocity-0.0.0-py3.10.egg-info/requires.txt
/home/nb_adm/SWARMz4/ros2_ws/install/px4_offboard_velocity/lib/python3.10/site-packages/px4_offboard_velocity-0.0.0-py3.10.egg-info/SOURCES.txt
/home/nb_adm/SWARMz4/ros2_ws/install/px4_offboard_velocity/lib/python3.10/site-packages/px4_offboard_velocity-0.0.0-py3.10.egg-info/entry_points.txt
/home/nb_adm/SWARMz4/ros2_ws/install/px4_offboard_velocity/lib/python3.10/site-packages/px4_offboard_velocity-0.0.0-py3.10.egg-info/top_level.txt
/home/nb_adm/SWARMz4/ros2_ws/install/px4_offboard_velocity/lib/python3.10/site-packages/px4_offboard_velocity-0.0.0-py3.10.egg-info/zip-safe
/home/nb_adm/SWARMz4/ros2_ws/install/px4_offboard_velocity/lib/px4_offboard_velocity/control
/home/nb_adm/SWARMz4/ros2_ws/install/px4_offboard_velocity/lib/px4_offboard_velocity/offboard_control
/home/nb_adm/SWARMz4/ros2_ws/install/px4_offboard_velocity/lib/px4_offboard_velocity/processes
/home/nb_adm/SWARMz4/ros2_ws/install/px4_offboard_velocity/lib/px4_offboard_velocity/velocity_control
/home/nb_adm/SWARMz4/ros2_ws/install/px4_offboard_velocity/lib/px4_offboard_velocity/visualizer
