/home/nb_adm/SWARMz4/ros2_ws/install/game_master/lib/python3.10/site-packages/exemple/game_master_client.py
/home/nb_adm/SWARMz4/ros2_ws/install/game_master/lib/python3.10/site-packages/exemple/__init__.py
/home/nb_adm/SWARMz4/ros2_ws/install/game_master/lib/python3.10/site-packages/utils/__init__.py
/home/nb_adm/SWARMz4/ros2_ws/install/game_master/lib/python3.10/site-packages/utils/tools.py
/home/nb_adm/SWARMz4/ros2_ws/install/game_master/lib/python3.10/site-packages/utils/kill_drone.py
/home/nb_adm/SWARMz4/ros2_ws/install/game_master/lib/python3.10/site-packages/utils/gazebo_subscriber.py
/home/nb_adm/SWARMz4/ros2_ws/install/game_master/lib/python3.10/site-packages/game_master/missile_server.py
/home/nb_adm/SWARMz4/ros2_ws/install/game_master/lib/python3.10/site-packages/game_master/__init__.py
/home/nb_adm/SWARMz4/ros2_ws/install/game_master/lib/python3.10/site-packages/game_master/kamikaze_server.py
/home/nb_adm/SWARMz4/ros2_ws/install/game_master/lib/python3.10/site-packages/game_master/game_master_node.py
/home/nb_adm/SWARMz4/ros2_ws/install/game_master/lib/python3.10/site-packages/exemple/__pycache__/game_master_client.cpython-310.pyc
/home/nb_adm/SWARMz4/ros2_ws/install/game_master/lib/python3.10/site-packages/exemple/__pycache__/__init__.cpython-310.pyc
/home/nb_adm/SWARMz4/ros2_ws/install/game_master/lib/python3.10/site-packages/utils/__pycache__/__init__.cpython-310.pyc
/home/nb_adm/SWARMz4/ros2_ws/install/game_master/lib/python3.10/site-packages/utils/__pycache__/tools.cpython-310.pyc
/home/nb_adm/SWARMz4/ros2_ws/install/game_master/lib/python3.10/site-packages/utils/__pycache__/kill_drone.cpython-310.pyc
/home/nb_adm/SWARMz4/ros2_ws/install/game_master/lib/python3.10/site-packages/utils/__pycache__/gazebo_subscriber.cpython-310.pyc
/home/nb_adm/SWARMz4/ros2_ws/install/game_master/lib/python3.10/site-packages/game_master/__pycache__/missile_server.cpython-310.pyc
/home/nb_adm/SWARMz4/ros2_ws/install/game_master/lib/python3.10/site-packages/game_master/__pycache__/__init__.cpython-310.pyc
/home/nb_adm/SWARMz4/ros2_ws/install/game_master/lib/python3.10/site-packages/game_master/__pycache__/kamikaze_server.cpython-310.pyc
/home/nb_adm/SWARMz4/ros2_ws/install/game_master/lib/python3.10/site-packages/game_master/__pycache__/game_master_node.cpython-310.pyc
/home/nb_adm/SWARMz4/ros2_ws/install/game_master/share/ament_index/resource_index/packages/game_master
/home/nb_adm/SWARMz4/ros2_ws/install/game_master/share/game_master/package.xml
/home/nb_adm/SWARMz4/ros2_ws/install/game_master/share/game_master/launch/start_game.launch.py
/home/nb_adm/SWARMz4/ros2_ws/install/game_master/share/game_master/launch/game_client.launch.py
/home/nb_adm/SWARMz4/ros2_ws/install/game_master/share/game_master/launch/game_master.launch.py
/home/nb_adm/SWARMz4/ros2_ws/install/game_master/share/game_master/config/game_master_params.yaml
/home/nb_adm/SWARMz4/ros2_ws/install/game_master/share/game_master/utils/__init__.py
/home/nb_adm/SWARMz4/ros2_ws/install/game_master/share/game_master/utils/tools.py
/home/nb_adm/SWARMz4/ros2_ws/install/game_master/share/game_master/utils/kill_drone.py
/home/nb_adm/SWARMz4/ros2_ws/install/game_master/share/game_master/utils/gazebo_subscriber.py
/home/nb_adm/SWARMz4/ros2_ws/install/game_master/lib/python3.10/site-packages/game_master-0.0.0-py3.10.egg-info/dependency_links.txt
/home/nb_adm/SWARMz4/ros2_ws/install/game_master/lib/python3.10/site-packages/game_master-0.0.0-py3.10.egg-info/PKG-INFO
/home/nb_adm/SWARMz4/ros2_ws/install/game_master/lib/python3.10/site-packages/game_master-0.0.0-py3.10.egg-info/requires.txt
/home/nb_adm/SWARMz4/ros2_ws/install/game_master/lib/python3.10/site-packages/game_master-0.0.0-py3.10.egg-info/SOURCES.txt
/home/nb_adm/SWARMz4/ros2_ws/install/game_master/lib/python3.10/site-packages/game_master-0.0.0-py3.10.egg-info/entry_points.txt
/home/nb_adm/SWARMz4/ros2_ws/install/game_master/lib/python3.10/site-packages/game_master-0.0.0-py3.10.egg-info/top_level.txt
/home/nb_adm/SWARMz4/ros2_ws/install/game_master/lib/python3.10/site-packages/game_master-0.0.0-py3.10.egg-info/zip-safe
/home/nb_adm/SWARMz4/ros2_ws/install/game_master/lib/game_master/game_master_client_node
/home/nb_adm/SWARMz4/ros2_ws/install/game_master/lib/game_master/game_master_node
/home/nb_adm/SWARMz4/ros2_ws/install/game_master/lib/game_master/kamikaze_server
/home/nb_adm/SWARMz4/ros2_ws/install/game_master/lib/game_master/missile_server
