running egg_info
writing ../../../build/game_master/game_master.egg-info/PKG-INFO
writing dependency_links to ../../../build/game_master/game_master.egg-info/dependency_links.txt
writing entry points to ../../../build/game_master/game_master.egg-info/entry_points.txt
writing requirements to ../../../build/game_master/game_master.egg-info/requires.txt
writing top-level names to ../../../build/game_master/game_master.egg-info/top_level.txt
reading manifest file '../../../build/game_master/game_master.egg-info/SOURCES.txt'
writing manifest file '../../../build/game_master/game_master.egg-info/SOURCES.txt'
running build
running build_py
copying game_master/game_master_node.py -> /home/nb_adm/SWARMz4/ros2_ws/build/game_master/build/lib/game_master
running install
running install_lib
copying /home/nb_adm/SWARMz4/ros2_ws/build/game_master/build/lib/game_master/game_master_node.py -> /home/nb_adm/SWARMz4/ros2_ws/install/game_master/lib/python3.10/site-packages/game_master
byte-compiling /home/nb_adm/SWARMz4/ros2_ws/install/game_master/lib/python3.10/site-packages/game_master/game_master_node.py to game_master_node.cpython-310.pyc
running install_data
running install_egg_info
removing '/home/nb_adm/SWARMz4/ros2_ws/install/game_master/lib/python3.10/site-packages/game_master-0.0.0-py3.10.egg-info' (and everything under it)
Copying ../../../build/game_master/game_master.egg-info to /home/nb_adm/SWARMz4/ros2_ws/install/game_master/lib/python3.10/site-packages/game_master-0.0.0-py3.10.egg-info
running install_scripts
Installing game_master_client_node script to /home/nb_adm/SWARMz4/ros2_ws/install/game_master/lib/game_master
Installing game_master_node script to /home/nb_adm/SWARMz4/ros2_ws/install/game_master/lib/game_master
Installing kamikaze_server script to /home/nb_adm/SWARMz4/ros2_ws/install/game_master/lib/game_master
Installing missile_server script to /home/nb_adm/SWARMz4/ros2_ws/install/game_master/lib/game_master
writing list of installed files to '/home/nb_adm/SWARMz4/ros2_ws/build/game_master/install.log'
