[0.070s] Invoking command in '/home/nb_adm/SWARMz4/ros2_ws/build/example_mode_fw_attitude_cpp': CMAKE_PREFIX_PATH=/home/nb_adm/SWARMz4/ros2_ws/install/px4_ros2_cpp:/home/nb_adm/SWARMz4/ros2_ws/install/px4_msgs:/home/nb_adm/SWARMz4/ros2_ws/install/swarmz_interfaces:/home/nb_adm/SWARMz4/ros2_ws/install/px4_ros_com:/home/nb_adm/SWARMz4/ros2_ws/install/example_mode_with_executor_cpp:/home/nb_adm/SWARMz4/ros2_ws/install/example_mode_rtl_replacement_cpp:/home/nb_adm/SWARMz4/ros2_ws/install/example_mode_manual_cpp:/home/nb_adm/SWARMz4/ros2_ws/install/example_mode_goto_global_cpp:/home/nb_adm/SWARMz4/ros2_ws/install/example_mode_goto_cpp:/home/nb_adm/SWARMz4/ros2_ws/install/example_mode_fw_attitude_cpp:/home/nb_adm/SWARMz4/ros2_ws/install/example_local_navigation_cpp:/home/nb_adm/SWARMz4/ros2_ws/install/example_global_navigation_cpp:/home/nb_adm/SWARMz4/ros2_ws/install/offboard_control_cpp:/home/nb_adm/SWARMz4/ros2_ws/install/px4_offboard_velocity:/home/nb_adm/SWARMz4/ros2_ws/install/px4_offboard_position:/home/nb_adm/SWARMz4/ros2_ws/install/px4_gz_bridge:/home/nb_adm/SWARMz4/ros2_ws/install/offboard_control_py:/home/nb_adm/SWARMz4/ros2_ws/install/game_master:/home/nb_adm/SWARMz4/ros2_ws/install/flag_ship:/opt/ros/humble LD_LIBRARY_PATH=/home/nb_adm/SWARMz4/ros2_ws/install/px4_ros2_cpp/lib:/home/nb_adm/SWARMz4/ros2_ws/install/px4_msgs/lib:/home/nb_adm/SWARMz4/ros2_ws/install/swarmz_interfaces/lib:/home/nb_adm/SWARMz4/ros2_ws/install/px4_ros_com/lib:/opt/ros/humble/opt/rviz_ogre_vendor/lib:/opt/ros/humble/lib/x86_64-linux-gnu:/opt/ros/humble/lib /usr/bin/cmake /home/nb_adm/SWARMz4/ros2_ws/src/px4_pkgs/px4-ros2-interface-lib/examples/cpp/modes/fw_attitude -DCMAKE_INSTALL_PREFIX=/home/nb_adm/SWARMz4/ros2_ws/install/example_mode_fw_attitude_cpp
[0.153s] -- The C compiler identification is GNU 11.4.0
[0.202s] -- The CXX compiler identification is GNU 11.4.0
[0.210s] -- Detecting C compiler ABI info
[0.269s] -- Detecting C compiler ABI info - done
[0.274s] -- Check for working C compiler: /usr/bin/cc - skipped
[0.274s] -- Detecting C compile features
[0.274s] -- Detecting C compile features - done
[0.276s] -- Detecting CXX compiler ABI info
[0.332s] -- Detecting CXX compiler ABI info - done
[0.341s] -- Check for working CXX compiler: /usr/bin/c++ - skipped
[0.341s] -- Detecting CXX compile features
[0.342s] -- Detecting CXX compile features - done
[0.345s] -- Found ament_cmake: 1.3.11 (/opt/ros/humble/share/ament_cmake/cmake)
[0.537s] -- Found Python3: /usr/bin/python3 (found version "3.10.12") found components: Interpreter 
[0.640s] -- Found rclcpp: 16.0.11 (/opt/ros/humble/share/rclcpp/cmake)
[0.671s] -- Found rosidl_generator_c: 3.1.6 (/opt/ros/humble/share/rosidl_generator_c/cmake)
[0.674s] -- Found rosidl_adapter: 3.1.6 (/opt/ros/humble/share/rosidl_adapter/cmake)
[0.680s] -- Found rosidl_generator_cpp: 3.1.6 (/opt/ros/humble/share/rosidl_generator_cpp/cmake)
[0.688s] -- Using all available rosidl_typesupport_c: rosidl_typesupport_fastrtps_c;rosidl_typesupport_introspection_c
[0.700s] -- Using all available rosidl_typesupport_cpp: rosidl_typesupport_fastrtps_cpp;rosidl_typesupport_introspection_cpp
[0.731s] -- Found rmw_implementation_cmake: 6.1.2 (/opt/ros/humble/share/rmw_implementation_cmake/cmake)
[0.733s] -- Found rmw_fastrtps_cpp: 6.2.7 (/opt/ros/humble/share/rmw_fastrtps_cpp/cmake)
[0.787s] -- Found OpenSSL: /usr/lib/x86_64-linux-gnu/libcrypto.so (found version "3.0.2")  
[0.807s] -- Found FastRTPS: /opt/ros/humble/include  
[0.839s] -- Using RMW implementation 'rmw_fastrtps_cpp' as default
[0.846s] -- Looking for pthread.h
[0.918s] -- Looking for pthread.h - found
[0.919s] -- Performing Test CMAKE_HAVE_LIBC_PTHREAD
[0.980s] -- Performing Test CMAKE_HAVE_LIBC_PTHREAD - Success
[0.981s] -- Found Threads: TRUE  
[1.022s] -- Found px4_ros2_cpp: 0.0.1 (/home/nb_adm/SWARMz4/ros2_ws/install/px4_ros2_cpp/share/px4_ros2_cpp/cmake)
[1.051s] -- Found ament_lint_auto: 0.12.11 (/opt/ros/humble/share/ament_lint_auto/cmake)
[1.177s] -- Added test 'copyright' to check source files copyright and LICENSE
[1.179s] -- Added test 'cppcheck' to perform static code analysis on C / C++ code
[1.179s] -- Configured cppcheck include dirs: /home/nb_adm/SWARMz4/ros2_ws/src/px4_pkgs/px4-ros2-interface-lib/examples/cpp/modes/fw_attitude/include
[1.179s] -- Configured cppcheck exclude dirs and/or files: 
[1.180s] -- Added test 'cpplint' to check C / C++ code against the Google style
[1.180s] -- Configured cpplint exclude dirs and/or files: 
[1.181s] -- Added test 'lint_cmake' to check CMake code style
[1.182s] -- Added test 'uncrustify' to check C / C++ code style
[1.182s] -- Configured uncrustify additional arguments: 
[1.183s] -- Added test 'xmllint' to check XML markup files
[1.185s] -- Configuring done
[1.194s] -- Generating done
[1.199s] -- Build files have been written to: /home/nb_adm/SWARMz4/ros2_ws/build/example_mode_fw_attitude_cpp
[1.210s] Invoked command in '/home/nb_adm/SWARMz4/ros2_ws/build/example_mode_fw_attitude_cpp' returned '0': CMAKE_PREFIX_PATH=/home/nb_adm/SWARMz4/ros2_ws/install/px4_ros2_cpp:/home/nb_adm/SWARMz4/ros2_ws/install/px4_msgs:/home/nb_adm/SWARMz4/ros2_ws/install/swarmz_interfaces:/home/nb_adm/SWARMz4/ros2_ws/install/px4_ros_com:/home/nb_adm/SWARMz4/ros2_ws/install/example_mode_with_executor_cpp:/home/nb_adm/SWARMz4/ros2_ws/install/example_mode_rtl_replacement_cpp:/home/nb_adm/SWARMz4/ros2_ws/install/example_mode_manual_cpp:/home/nb_adm/SWARMz4/ros2_ws/install/example_mode_goto_global_cpp:/home/nb_adm/SWARMz4/ros2_ws/install/example_mode_goto_cpp:/home/nb_adm/SWARMz4/ros2_ws/install/example_mode_fw_attitude_cpp:/home/nb_adm/SWARMz4/ros2_ws/install/example_local_navigation_cpp:/home/nb_adm/SWARMz4/ros2_ws/install/example_global_navigation_cpp:/home/nb_adm/SWARMz4/ros2_ws/install/offboard_control_cpp:/home/nb_adm/SWARMz4/ros2_ws/install/px4_offboard_velocity:/home/nb_adm/SWARMz4/ros2_ws/install/px4_offboard_position:/home/nb_adm/SWARMz4/ros2_ws/install/px4_gz_bridge:/home/nb_adm/SWARMz4/ros2_ws/install/offboard_control_py:/home/nb_adm/SWARMz4/ros2_ws/install/game_master:/home/nb_adm/SWARMz4/ros2_ws/install/flag_ship:/opt/ros/humble LD_LIBRARY_PATH=/home/nb_adm/SWARMz4/ros2_ws/install/px4_ros2_cpp/lib:/home/nb_adm/SWARMz4/ros2_ws/install/px4_msgs/lib:/home/nb_adm/SWARMz4/ros2_ws/install/swarmz_interfaces/lib:/home/nb_adm/SWARMz4/ros2_ws/install/px4_ros_com/lib:/opt/ros/humble/opt/rviz_ogre_vendor/lib:/opt/ros/humble/lib/x86_64-linux-gnu:/opt/ros/humble/lib /usr/bin/cmake /home/nb_adm/SWARMz4/ros2_ws/src/px4_pkgs/px4-ros2-interface-lib/examples/cpp/modes/fw_attitude -DCMAKE_INSTALL_PREFIX=/home/nb_adm/SWARMz4/ros2_ws/install/example_mode_fw_attitude_cpp
[1.211s] Invoking command in '/home/nb_adm/SWARMz4/ros2_ws/build/example_mode_fw_attitude_cpp': CMAKE_PREFIX_PATH=/home/nb_adm/SWARMz4/ros2_ws/install/px4_ros2_cpp:/home/nb_adm/SWARMz4/ros2_ws/install/px4_msgs:/home/nb_adm/SWARMz4/ros2_ws/install/swarmz_interfaces:/home/nb_adm/SWARMz4/ros2_ws/install/px4_ros_com:/home/nb_adm/SWARMz4/ros2_ws/install/example_mode_with_executor_cpp:/home/nb_adm/SWARMz4/ros2_ws/install/example_mode_rtl_replacement_cpp:/home/nb_adm/SWARMz4/ros2_ws/install/example_mode_manual_cpp:/home/nb_adm/SWARMz4/ros2_ws/install/example_mode_goto_global_cpp:/home/nb_adm/SWARMz4/ros2_ws/install/example_mode_goto_cpp:/home/nb_adm/SWARMz4/ros2_ws/install/example_mode_fw_attitude_cpp:/home/nb_adm/SWARMz4/ros2_ws/install/example_local_navigation_cpp:/home/nb_adm/SWARMz4/ros2_ws/install/example_global_navigation_cpp:/home/nb_adm/SWARMz4/ros2_ws/install/offboard_control_cpp:/home/nb_adm/SWARMz4/ros2_ws/install/px4_offboard_velocity:/home/nb_adm/SWARMz4/ros2_ws/install/px4_offboard_position:/home/nb_adm/SWARMz4/ros2_ws/install/px4_gz_bridge:/home/nb_adm/SWARMz4/ros2_ws/install/offboard_control_py:/home/nb_adm/SWARMz4/ros2_ws/install/game_master:/home/nb_adm/SWARMz4/ros2_ws/install/flag_ship:/opt/ros/humble LD_LIBRARY_PATH=/home/nb_adm/SWARMz4/ros2_ws/install/px4_ros2_cpp/lib:/home/nb_adm/SWARMz4/ros2_ws/install/px4_msgs/lib:/home/nb_adm/SWARMz4/ros2_ws/install/swarmz_interfaces/lib:/home/nb_adm/SWARMz4/ros2_ws/install/px4_ros_com/lib:/opt/ros/humble/opt/rviz_ogre_vendor/lib:/opt/ros/humble/lib/x86_64-linux-gnu:/opt/ros/humble/lib /usr/bin/cmake --build /home/nb_adm/SWARMz4/ros2_ws/build/example_mode_fw_attitude_cpp -- -j24 -l24
[1.256s] [ 50%] [32mBuilding CXX object CMakeFiles/example_mode_fw_attitude.dir/src/main.cpp.o[0m
[6.127s] [100%] [32m[1mLinking CXX executable example_mode_fw_attitude[0m
[6.712s] [100%] Built target example_mode_fw_attitude
[6.722s] Invoked command in '/home/nb_adm/SWARMz4/ros2_ws/build/example_mode_fw_attitude_cpp' returned '0': CMAKE_PREFIX_PATH=/home/nb_adm/SWARMz4/ros2_ws/install/px4_ros2_cpp:/home/nb_adm/SWARMz4/ros2_ws/install/px4_msgs:/home/nb_adm/SWARMz4/ros2_ws/install/swarmz_interfaces:/home/nb_adm/SWARMz4/ros2_ws/install/px4_ros_com:/home/nb_adm/SWARMz4/ros2_ws/install/example_mode_with_executor_cpp:/home/nb_adm/SWARMz4/ros2_ws/install/example_mode_rtl_replacement_cpp:/home/nb_adm/SWARMz4/ros2_ws/install/example_mode_manual_cpp:/home/nb_adm/SWARMz4/ros2_ws/install/example_mode_goto_global_cpp:/home/nb_adm/SWARMz4/ros2_ws/install/example_mode_goto_cpp:/home/nb_adm/SWARMz4/ros2_ws/install/example_mode_fw_attitude_cpp:/home/nb_adm/SWARMz4/ros2_ws/install/example_local_navigation_cpp:/home/nb_adm/SWARMz4/ros2_ws/install/example_global_navigation_cpp:/home/nb_adm/SWARMz4/ros2_ws/install/offboard_control_cpp:/home/nb_adm/SWARMz4/ros2_ws/install/px4_offboard_velocity:/home/nb_adm/SWARMz4/ros2_ws/install/px4_offboard_position:/home/nb_adm/SWARMz4/ros2_ws/install/px4_gz_bridge:/home/nb_adm/SWARMz4/ros2_ws/install/offboard_control_py:/home/nb_adm/SWARMz4/ros2_ws/install/game_master:/home/nb_adm/SWARMz4/ros2_ws/install/flag_ship:/opt/ros/humble LD_LIBRARY_PATH=/home/nb_adm/SWARMz4/ros2_ws/install/px4_ros2_cpp/lib:/home/nb_adm/SWARMz4/ros2_ws/install/px4_msgs/lib:/home/nb_adm/SWARMz4/ros2_ws/install/swarmz_interfaces/lib:/home/nb_adm/SWARMz4/ros2_ws/install/px4_ros_com/lib:/opt/ros/humble/opt/rviz_ogre_vendor/lib:/opt/ros/humble/lib/x86_64-linux-gnu:/opt/ros/humble/lib /usr/bin/cmake --build /home/nb_adm/SWARMz4/ros2_ws/build/example_mode_fw_attitude_cpp -- -j24 -l24
[6.723s] Invoking command in '/home/nb_adm/SWARMz4/ros2_ws/build/example_mode_fw_attitude_cpp': CMAKE_PREFIX_PATH=/home/nb_adm/SWARMz4/ros2_ws/install/px4_ros2_cpp:/home/nb_adm/SWARMz4/ros2_ws/install/px4_msgs:/home/nb_adm/SWARMz4/ros2_ws/install/swarmz_interfaces:/home/nb_adm/SWARMz4/ros2_ws/install/px4_ros_com:/home/nb_adm/SWARMz4/ros2_ws/install/example_mode_with_executor_cpp:/home/nb_adm/SWARMz4/ros2_ws/install/example_mode_rtl_replacement_cpp:/home/nb_adm/SWARMz4/ros2_ws/install/example_mode_manual_cpp:/home/nb_adm/SWARMz4/ros2_ws/install/example_mode_goto_global_cpp:/home/nb_adm/SWARMz4/ros2_ws/install/example_mode_goto_cpp:/home/nb_adm/SWARMz4/ros2_ws/install/example_mode_fw_attitude_cpp:/home/nb_adm/SWARMz4/ros2_ws/install/example_local_navigation_cpp:/home/nb_adm/SWARMz4/ros2_ws/install/example_global_navigation_cpp:/home/nb_adm/SWARMz4/ros2_ws/install/offboard_control_cpp:/home/nb_adm/SWARMz4/ros2_ws/install/px4_offboard_velocity:/home/nb_adm/SWARMz4/ros2_ws/install/px4_offboard_position:/home/nb_adm/SWARMz4/ros2_ws/install/px4_gz_bridge:/home/nb_adm/SWARMz4/ros2_ws/install/offboard_control_py:/home/nb_adm/SWARMz4/ros2_ws/install/game_master:/home/nb_adm/SWARMz4/ros2_ws/install/flag_ship:/opt/ros/humble LD_LIBRARY_PATH=/home/nb_adm/SWARMz4/ros2_ws/install/px4_ros2_cpp/lib:/home/nb_adm/SWARMz4/ros2_ws/install/px4_msgs/lib:/home/nb_adm/SWARMz4/ros2_ws/install/swarmz_interfaces/lib:/home/nb_adm/SWARMz4/ros2_ws/install/px4_ros_com/lib:/opt/ros/humble/opt/rviz_ogre_vendor/lib:/opt/ros/humble/lib/x86_64-linux-gnu:/opt/ros/humble/lib /usr/bin/cmake --install /home/nb_adm/SWARMz4/ros2_ws/build/example_mode_fw_attitude_cpp
[6.728s] -- Install configuration: ""
[6.729s] -- Installing: /home/nb_adm/SWARMz4/ros2_ws/install/example_mode_fw_attitude_cpp/lib/example_mode_fw_attitude_cpp/example_mode_fw_attitude
[6.729s] -- Set runtime path of "/home/nb_adm/SWARMz4/ros2_ws/install/example_mode_fw_attitude_cpp/lib/example_mode_fw_attitude_cpp/example_mode_fw_attitude" to ""
[6.729s] -- Installing: /home/nb_adm/SWARMz4/ros2_ws/install/example_mode_fw_attitude_cpp/share/ament_index/resource_index/package_run_dependencies/example_mode_fw_attitude_cpp
[6.729s] -- Installing: /home/nb_adm/SWARMz4/ros2_ws/install/example_mode_fw_attitude_cpp/share/ament_index/resource_index/parent_prefix_path/example_mode_fw_attitude_cpp
[6.729s] -- Installing: /home/nb_adm/SWARMz4/ros2_ws/install/example_mode_fw_attitude_cpp/share/example_mode_fw_attitude_cpp/environment/ament_prefix_path.sh
[6.729s] -- Installing: /home/nb_adm/SWARMz4/ros2_ws/install/example_mode_fw_attitude_cpp/share/example_mode_fw_attitude_cpp/environment/ament_prefix_path.dsv
[6.729s] -- Installing: /home/nb_adm/SWARMz4/ros2_ws/install/example_mode_fw_attitude_cpp/share/example_mode_fw_attitude_cpp/environment/path.sh
[6.729s] -- Installing: /home/nb_adm/SWARMz4/ros2_ws/install/example_mode_fw_attitude_cpp/share/example_mode_fw_attitude_cpp/environment/path.dsv
[6.730s] -- Installing: /home/nb_adm/SWARMz4/ros2_ws/install/example_mode_fw_attitude_cpp/share/example_mode_fw_attitude_cpp/local_setup.bash
[6.730s] -- Installing: /home/nb_adm/SWARMz4/ros2_ws/install/example_mode_fw_attitude_cpp/share/example_mode_fw_attitude_cpp/local_setup.sh
[6.730s] -- Installing: /home/nb_adm/SWARMz4/ros2_ws/install/example_mode_fw_attitude_cpp/share/example_mode_fw_attitude_cpp/local_setup.zsh
[6.730s] -- Installing: /home/nb_adm/SWARMz4/ros2_ws/install/example_mode_fw_attitude_cpp/share/example_mode_fw_attitude_cpp/local_setup.dsv
[6.730s] -- Installing: /home/nb_adm/SWARMz4/ros2_ws/install/example_mode_fw_attitude_cpp/share/example_mode_fw_attitude_cpp/package.dsv
[6.730s] -- Installing: /home/nb_adm/SWARMz4/ros2_ws/install/example_mode_fw_attitude_cpp/share/ament_index/resource_index/packages/example_mode_fw_attitude_cpp
[6.730s] -- Installing: /home/nb_adm/SWARMz4/ros2_ws/install/example_mode_fw_attitude_cpp/share/example_mode_fw_attitude_cpp/cmake/example_mode_fw_attitude_cppConfig.cmake
[6.730s] -- Installing: /home/nb_adm/SWARMz4/ros2_ws/install/example_mode_fw_attitude_cpp/share/example_mode_fw_attitude_cpp/cmake/example_mode_fw_attitude_cppConfig-version.cmake
[6.730s] -- Installing: /home/nb_adm/SWARMz4/ros2_ws/install/example_mode_fw_attitude_cpp/share/example_mode_fw_attitude_cpp/package.xml
[6.732s] Invoked command in '/home/nb_adm/SWARMz4/ros2_ws/build/example_mode_fw_attitude_cpp' returned '0': CMAKE_PREFIX_PATH=/home/nb_adm/SWARMz4/ros2_ws/install/px4_ros2_cpp:/home/nb_adm/SWARMz4/ros2_ws/install/px4_msgs:/home/nb_adm/SWARMz4/ros2_ws/install/swarmz_interfaces:/home/nb_adm/SWARMz4/ros2_ws/install/px4_ros_com:/home/nb_adm/SWARMz4/ros2_ws/install/example_mode_with_executor_cpp:/home/nb_adm/SWARMz4/ros2_ws/install/example_mode_rtl_replacement_cpp:/home/nb_adm/SWARMz4/ros2_ws/install/example_mode_manual_cpp:/home/nb_adm/SWARMz4/ros2_ws/install/example_mode_goto_global_cpp:/home/nb_adm/SWARMz4/ros2_ws/install/example_mode_goto_cpp:/home/nb_adm/SWARMz4/ros2_ws/install/example_mode_fw_attitude_cpp:/home/nb_adm/SWARMz4/ros2_ws/install/example_local_navigation_cpp:/home/nb_adm/SWARMz4/ros2_ws/install/example_global_navigation_cpp:/home/nb_adm/SWARMz4/ros2_ws/install/offboard_control_cpp:/home/nb_adm/SWARMz4/ros2_ws/install/px4_offboard_velocity:/home/nb_adm/SWARMz4/ros2_ws/install/px4_offboard_position:/home/nb_adm/SWARMz4/ros2_ws/install/px4_gz_bridge:/home/nb_adm/SWARMz4/ros2_ws/install/offboard_control_py:/home/nb_adm/SWARMz4/ros2_ws/install/game_master:/home/nb_adm/SWARMz4/ros2_ws/install/flag_ship:/opt/ros/humble LD_LIBRARY_PATH=/home/nb_adm/SWARMz4/ros2_ws/install/px4_ros2_cpp/lib:/home/nb_adm/SWARMz4/ros2_ws/install/px4_msgs/lib:/home/nb_adm/SWARMz4/ros2_ws/install/swarmz_interfaces/lib:/home/nb_adm/SWARMz4/ros2_ws/install/px4_ros_com/lib:/opt/ros/humble/opt/rviz_ogre_vendor/lib:/opt/ros/humble/lib/x86_64-linux-gnu:/opt/ros/humble/lib /usr/bin/cmake --install /home/nb_adm/SWARMz4/ros2_ws/build/example_mode_fw_attitude_cpp
