[0.070s] Invoking command in '/home/nb_adm/SWARMz4/ros2_ws/build/example_mode_manual_cpp': CMAKE_PREFIX_PATH=/home/nb_adm/SWARMz4/ros2_ws/install/px4_ros2_cpp:/home/nb_adm/SWARMz4/ros2_ws/install/px4_msgs:/home/nb_adm/SWARMz4/ros2_ws/install/swarmz_interfaces:/home/nb_adm/SWARMz4/ros2_ws/install/px4_ros_com:/home/nb_adm/SWARMz4/ros2_ws/install/example_mode_with_executor_cpp:/home/nb_adm/SWARMz4/ros2_ws/install/example_mode_rtl_replacement_cpp:/home/nb_adm/SWARMz4/ros2_ws/install/example_mode_manual_cpp:/home/nb_adm/SWARMz4/ros2_ws/install/example_mode_goto_global_cpp:/home/nb_adm/SWARMz4/ros2_ws/install/example_mode_goto_cpp:/home/nb_adm/SWARMz4/ros2_ws/install/example_mode_fw_attitude_cpp:/home/nb_adm/SWARMz4/ros2_ws/install/example_local_navigation_cpp:/home/nb_adm/SWARMz4/ros2_ws/install/example_global_navigation_cpp:/home/nb_adm/SWARMz4/ros2_ws/install/offboard_control_cpp:/home/nb_adm/SWARMz4/ros2_ws/install/px4_offboard_velocity:/home/nb_adm/SWARMz4/ros2_ws/install/px4_offboard_position:/home/nb_adm/SWARMz4/ros2_ws/install/px4_gz_bridge:/home/nb_adm/SWARMz4/ros2_ws/install/offboard_control_py:/home/nb_adm/SWARMz4/ros2_ws/install/game_master:/home/nb_adm/SWARMz4/ros2_ws/install/flag_ship:/opt/ros/humble LD_LIBRARY_PATH=/home/nb_adm/SWARMz4/ros2_ws/install/px4_ros2_cpp/lib:/home/nb_adm/SWARMz4/ros2_ws/install/px4_msgs/lib:/home/nb_adm/SWARMz4/ros2_ws/install/swarmz_interfaces/lib:/home/nb_adm/SWARMz4/ros2_ws/install/px4_ros_com/lib:/opt/ros/humble/opt/rviz_ogre_vendor/lib:/opt/ros/humble/lib/x86_64-linux-gnu:/opt/ros/humble/lib /usr/bin/cmake /home/nb_adm/SWARMz4/ros2_ws/src/px4_pkgs/px4-ros2-interface-lib/examples/cpp/modes/manual -DCMAKE_INSTALL_PREFIX=/home/nb_adm/SWARMz4/ros2_ws/install/example_mode_manual_cpp
[0.153s] -- The C compiler identification is GNU 11.4.0
[0.201s] -- The CXX compiler identification is GNU 11.4.0
[0.206s] -- Detecting C compiler ABI info
[0.264s] -- Detecting C compiler ABI info - done
[0.273s] -- Check for working C compiler: /usr/bin/cc - skipped
[0.273s] -- Detecting C compile features
[0.273s] -- Detecting C compile features - done
[0.276s] -- Detecting CXX compiler ABI info
[0.329s] -- Detecting CXX compiler ABI info - done
[0.334s] -- Check for working CXX compiler: /usr/bin/c++ - skipped
[0.334s] -- Detecting CXX compile features
[0.335s] -- Detecting CXX compile features - done
[0.337s] -- Found eigen3_cmake_module: 0.1.1 (/opt/ros/humble/share/eigen3_cmake_module/cmake)
[0.344s] -- Found Eigen3: TRUE (found version "3.4.0") 
[0.347s] -- Found ament_cmake: 1.3.11 (/opt/ros/humble/share/ament_cmake/cmake)
[0.511s] -- Found Python3: /usr/bin/python3 (found version "3.10.12") found components: Interpreter 
[0.589s] -- Found rclcpp: 16.0.11 (/opt/ros/humble/share/rclcpp/cmake)
[0.624s] -- Found rosidl_generator_c: 3.1.6 (/opt/ros/humble/share/rosidl_generator_c/cmake)
[0.628s] -- Found rosidl_adapter: 3.1.6 (/opt/ros/humble/share/rosidl_adapter/cmake)
[0.634s] -- Found rosidl_generator_cpp: 3.1.6 (/opt/ros/humble/share/rosidl_generator_cpp/cmake)
[0.642s] -- Using all available rosidl_typesupport_c: rosidl_typesupport_fastrtps_c;rosidl_typesupport_introspection_c
[0.654s] -- Using all available rosidl_typesupport_cpp: rosidl_typesupport_fastrtps_cpp;rosidl_typesupport_introspection_cpp
[0.684s] -- Found rmw_implementation_cmake: 6.1.2 (/opt/ros/humble/share/rmw_implementation_cmake/cmake)
[0.687s] -- Found rmw_fastrtps_cpp: 6.2.7 (/opt/ros/humble/share/rmw_fastrtps_cpp/cmake)
[0.740s] -- Found OpenSSL: /usr/lib/x86_64-linux-gnu/libcrypto.so (found version "3.0.2")  
[0.765s] -- Found FastRTPS: /opt/ros/humble/include  
[0.802s] -- Using RMW implementation 'rmw_fastrtps_cpp' as default
[0.808s] -- Looking for pthread.h
[0.852s] -- Looking for pthread.h - found
[0.852s] -- Performing Test CMAKE_HAVE_LIBC_PTHREAD
[0.910s] -- Performing Test CMAKE_HAVE_LIBC_PTHREAD - Success
[0.911s] -- Found Threads: TRUE  
[0.947s] -- Found px4_ros2_cpp: 0.0.1 (/home/nb_adm/SWARMz4/ros2_ws/install/px4_ros2_cpp/share/px4_ros2_cpp/cmake)
[0.959s] -- Found ament_lint_auto: 0.12.11 (/opt/ros/humble/share/ament_lint_auto/cmake)
[1.043s] -- Added test 'copyright' to check source files copyright and LICENSE
[1.044s] -- Added test 'cppcheck' to perform static code analysis on C / C++ code
[1.044s] -- Configured cppcheck include dirs: /home/nb_adm/SWARMz4/ros2_ws/src/px4_pkgs/px4-ros2-interface-lib/examples/cpp/modes/manual/include
[1.044s] -- Configured cppcheck exclude dirs and/or files: 
[1.045s] -- Added test 'cpplint' to check C / C++ code against the Google style
[1.045s] -- Configured cpplint exclude dirs and/or files: 
[1.046s] -- Added test 'lint_cmake' to check CMake code style
[1.048s] -- Added test 'uncrustify' to check C / C++ code style
[1.048s] -- Configured uncrustify additional arguments: 
[1.048s] -- Added test 'xmllint' to check XML markup files
[1.049s] -- Configuring done
[1.058s] -- Generating done
[1.061s] -- Build files have been written to: /home/nb_adm/SWARMz4/ros2_ws/build/example_mode_manual_cpp
[1.072s] Invoked command in '/home/nb_adm/SWARMz4/ros2_ws/build/example_mode_manual_cpp' returned '0': CMAKE_PREFIX_PATH=/home/nb_adm/SWARMz4/ros2_ws/install/px4_ros2_cpp:/home/nb_adm/SWARMz4/ros2_ws/install/px4_msgs:/home/nb_adm/SWARMz4/ros2_ws/install/swarmz_interfaces:/home/nb_adm/SWARMz4/ros2_ws/install/px4_ros_com:/home/nb_adm/SWARMz4/ros2_ws/install/example_mode_with_executor_cpp:/home/nb_adm/SWARMz4/ros2_ws/install/example_mode_rtl_replacement_cpp:/home/nb_adm/SWARMz4/ros2_ws/install/example_mode_manual_cpp:/home/nb_adm/SWARMz4/ros2_ws/install/example_mode_goto_global_cpp:/home/nb_adm/SWARMz4/ros2_ws/install/example_mode_goto_cpp:/home/nb_adm/SWARMz4/ros2_ws/install/example_mode_fw_attitude_cpp:/home/nb_adm/SWARMz4/ros2_ws/install/example_local_navigation_cpp:/home/nb_adm/SWARMz4/ros2_ws/install/example_global_navigation_cpp:/home/nb_adm/SWARMz4/ros2_ws/install/offboard_control_cpp:/home/nb_adm/SWARMz4/ros2_ws/install/px4_offboard_velocity:/home/nb_adm/SWARMz4/ros2_ws/install/px4_offboard_position:/home/nb_adm/SWARMz4/ros2_ws/install/px4_gz_bridge:/home/nb_adm/SWARMz4/ros2_ws/install/offboard_control_py:/home/nb_adm/SWARMz4/ros2_ws/install/game_master:/home/nb_adm/SWARMz4/ros2_ws/install/flag_ship:/opt/ros/humble LD_LIBRARY_PATH=/home/nb_adm/SWARMz4/ros2_ws/install/px4_ros2_cpp/lib:/home/nb_adm/SWARMz4/ros2_ws/install/px4_msgs/lib:/home/nb_adm/SWARMz4/ros2_ws/install/swarmz_interfaces/lib:/home/nb_adm/SWARMz4/ros2_ws/install/px4_ros_com/lib:/opt/ros/humble/opt/rviz_ogre_vendor/lib:/opt/ros/humble/lib/x86_64-linux-gnu:/opt/ros/humble/lib /usr/bin/cmake /home/nb_adm/SWARMz4/ros2_ws/src/px4_pkgs/px4-ros2-interface-lib/examples/cpp/modes/manual -DCMAKE_INSTALL_PREFIX=/home/nb_adm/SWARMz4/ros2_ws/install/example_mode_manual_cpp
[1.073s] Invoking command in '/home/nb_adm/SWARMz4/ros2_ws/build/example_mode_manual_cpp': CMAKE_PREFIX_PATH=/home/nb_adm/SWARMz4/ros2_ws/install/px4_ros2_cpp:/home/nb_adm/SWARMz4/ros2_ws/install/px4_msgs:/home/nb_adm/SWARMz4/ros2_ws/install/swarmz_interfaces:/home/nb_adm/SWARMz4/ros2_ws/install/px4_ros_com:/home/nb_adm/SWARMz4/ros2_ws/install/example_mode_with_executor_cpp:/home/nb_adm/SWARMz4/ros2_ws/install/example_mode_rtl_replacement_cpp:/home/nb_adm/SWARMz4/ros2_ws/install/example_mode_manual_cpp:/home/nb_adm/SWARMz4/ros2_ws/install/example_mode_goto_global_cpp:/home/nb_adm/SWARMz4/ros2_ws/install/example_mode_goto_cpp:/home/nb_adm/SWARMz4/ros2_ws/install/example_mode_fw_attitude_cpp:/home/nb_adm/SWARMz4/ros2_ws/install/example_local_navigation_cpp:/home/nb_adm/SWARMz4/ros2_ws/install/example_global_navigation_cpp:/home/nb_adm/SWARMz4/ros2_ws/install/offboard_control_cpp:/home/nb_adm/SWARMz4/ros2_ws/install/px4_offboard_velocity:/home/nb_adm/SWARMz4/ros2_ws/install/px4_offboard_position:/home/nb_adm/SWARMz4/ros2_ws/install/px4_gz_bridge:/home/nb_adm/SWARMz4/ros2_ws/install/offboard_control_py:/home/nb_adm/SWARMz4/ros2_ws/install/game_master:/home/nb_adm/SWARMz4/ros2_ws/install/flag_ship:/opt/ros/humble LD_LIBRARY_PATH=/home/nb_adm/SWARMz4/ros2_ws/install/px4_ros2_cpp/lib:/home/nb_adm/SWARMz4/ros2_ws/install/px4_msgs/lib:/home/nb_adm/SWARMz4/ros2_ws/install/swarmz_interfaces/lib:/home/nb_adm/SWARMz4/ros2_ws/install/px4_ros_com/lib:/opt/ros/humble/opt/rviz_ogre_vendor/lib:/opt/ros/humble/lib/x86_64-linux-gnu:/opt/ros/humble/lib /usr/bin/cmake --build /home/nb_adm/SWARMz4/ros2_ws/build/example_mode_manual_cpp -- -j24 -l24
[1.117s] [ 50%] [32mBuilding CXX object CMakeFiles/example_mode_manual.dir/src/main.cpp.o[0m
[4.159s] [100%] [32m[1mLinking CXX executable example_mode_manual[0m
[4.874s] [100%] Built target example_mode_manual
[4.885s] Invoked command in '/home/nb_adm/SWARMz4/ros2_ws/build/example_mode_manual_cpp' returned '0': CMAKE_PREFIX_PATH=/home/nb_adm/SWARMz4/ros2_ws/install/px4_ros2_cpp:/home/nb_adm/SWARMz4/ros2_ws/install/px4_msgs:/home/nb_adm/SWARMz4/ros2_ws/install/swarmz_interfaces:/home/nb_adm/SWARMz4/ros2_ws/install/px4_ros_com:/home/nb_adm/SWARMz4/ros2_ws/install/example_mode_with_executor_cpp:/home/nb_adm/SWARMz4/ros2_ws/install/example_mode_rtl_replacement_cpp:/home/nb_adm/SWARMz4/ros2_ws/install/example_mode_manual_cpp:/home/nb_adm/SWARMz4/ros2_ws/install/example_mode_goto_global_cpp:/home/nb_adm/SWARMz4/ros2_ws/install/example_mode_goto_cpp:/home/nb_adm/SWARMz4/ros2_ws/install/example_mode_fw_attitude_cpp:/home/nb_adm/SWARMz4/ros2_ws/install/example_local_navigation_cpp:/home/nb_adm/SWARMz4/ros2_ws/install/example_global_navigation_cpp:/home/nb_adm/SWARMz4/ros2_ws/install/offboard_control_cpp:/home/nb_adm/SWARMz4/ros2_ws/install/px4_offboard_velocity:/home/nb_adm/SWARMz4/ros2_ws/install/px4_offboard_position:/home/nb_adm/SWARMz4/ros2_ws/install/px4_gz_bridge:/home/nb_adm/SWARMz4/ros2_ws/install/offboard_control_py:/home/nb_adm/SWARMz4/ros2_ws/install/game_master:/home/nb_adm/SWARMz4/ros2_ws/install/flag_ship:/opt/ros/humble LD_LIBRARY_PATH=/home/nb_adm/SWARMz4/ros2_ws/install/px4_ros2_cpp/lib:/home/nb_adm/SWARMz4/ros2_ws/install/px4_msgs/lib:/home/nb_adm/SWARMz4/ros2_ws/install/swarmz_interfaces/lib:/home/nb_adm/SWARMz4/ros2_ws/install/px4_ros_com/lib:/opt/ros/humble/opt/rviz_ogre_vendor/lib:/opt/ros/humble/lib/x86_64-linux-gnu:/opt/ros/humble/lib /usr/bin/cmake --build /home/nb_adm/SWARMz4/ros2_ws/build/example_mode_manual_cpp -- -j24 -l24
[4.887s] Invoking command in '/home/nb_adm/SWARMz4/ros2_ws/build/example_mode_manual_cpp': CMAKE_PREFIX_PATH=/home/nb_adm/SWARMz4/ros2_ws/install/px4_ros2_cpp:/home/nb_adm/SWARMz4/ros2_ws/install/px4_msgs:/home/nb_adm/SWARMz4/ros2_ws/install/swarmz_interfaces:/home/nb_adm/SWARMz4/ros2_ws/install/px4_ros_com:/home/nb_adm/SWARMz4/ros2_ws/install/example_mode_with_executor_cpp:/home/nb_adm/SWARMz4/ros2_ws/install/example_mode_rtl_replacement_cpp:/home/nb_adm/SWARMz4/ros2_ws/install/example_mode_manual_cpp:/home/nb_adm/SWARMz4/ros2_ws/install/example_mode_goto_global_cpp:/home/nb_adm/SWARMz4/ros2_ws/install/example_mode_goto_cpp:/home/nb_adm/SWARMz4/ros2_ws/install/example_mode_fw_attitude_cpp:/home/nb_adm/SWARMz4/ros2_ws/install/example_local_navigation_cpp:/home/nb_adm/SWARMz4/ros2_ws/install/example_global_navigation_cpp:/home/nb_adm/SWARMz4/ros2_ws/install/offboard_control_cpp:/home/nb_adm/SWARMz4/ros2_ws/install/px4_offboard_velocity:/home/nb_adm/SWARMz4/ros2_ws/install/px4_offboard_position:/home/nb_adm/SWARMz4/ros2_ws/install/px4_gz_bridge:/home/nb_adm/SWARMz4/ros2_ws/install/offboard_control_py:/home/nb_adm/SWARMz4/ros2_ws/install/game_master:/home/nb_adm/SWARMz4/ros2_ws/install/flag_ship:/opt/ros/humble LD_LIBRARY_PATH=/home/nb_adm/SWARMz4/ros2_ws/install/px4_ros2_cpp/lib:/home/nb_adm/SWARMz4/ros2_ws/install/px4_msgs/lib:/home/nb_adm/SWARMz4/ros2_ws/install/swarmz_interfaces/lib:/home/nb_adm/SWARMz4/ros2_ws/install/px4_ros_com/lib:/opt/ros/humble/opt/rviz_ogre_vendor/lib:/opt/ros/humble/lib/x86_64-linux-gnu:/opt/ros/humble/lib /usr/bin/cmake --install /home/nb_adm/SWARMz4/ros2_ws/build/example_mode_manual_cpp
[4.896s] -- Install configuration: ""
[4.896s] -- Installing: /home/nb_adm/SWARMz4/ros2_ws/install/example_mode_manual_cpp/lib/example_mode_manual_cpp/example_mode_manual
[4.897s] -- Set runtime path of "/home/nb_adm/SWARMz4/ros2_ws/install/example_mode_manual_cpp/lib/example_mode_manual_cpp/example_mode_manual" to ""
[4.897s] -- Installing: /home/nb_adm/SWARMz4/ros2_ws/install/example_mode_manual_cpp/share/ament_index/resource_index/package_run_dependencies/example_mode_manual_cpp
[4.898s] -- Installing: /home/nb_adm/SWARMz4/ros2_ws/install/example_mode_manual_cpp/share/ament_index/resource_index/parent_prefix_path/example_mode_manual_cpp
[4.898s] -- Installing: /home/nb_adm/SWARMz4/ros2_ws/install/example_mode_manual_cpp/share/example_mode_manual_cpp/environment/ament_prefix_path.sh
[4.898s] -- Installing: /home/nb_adm/SWARMz4/ros2_ws/install/example_mode_manual_cpp/share/example_mode_manual_cpp/environment/ament_prefix_path.dsv
[4.898s] -- Installing: /home/nb_adm/SWARMz4/ros2_ws/install/example_mode_manual_cpp/share/example_mode_manual_cpp/environment/path.sh
[4.898s] -- Installing: /home/nb_adm/SWARMz4/ros2_ws/install/example_mode_manual_cpp/share/example_mode_manual_cpp/environment/path.dsv
[4.898s] -- Installing: /home/nb_adm/SWARMz4/ros2_ws/install/example_mode_manual_cpp/share/example_mode_manual_cpp/local_setup.bash
[4.898s] -- Installing: /home/nb_adm/SWARMz4/ros2_ws/install/example_mode_manual_cpp/share/example_mode_manual_cpp/local_setup.sh
[4.899s] -- Installing: /home/nb_adm/SWARMz4/ros2_ws/install/example_mode_manual_cpp/share/example_mode_manual_cpp/local_setup.zsh
[4.899s] -- Installing: /home/nb_adm/SWARMz4/ros2_ws/install/example_mode_manual_cpp/share/example_mode_manual_cpp/local_setup.dsv
[4.899s] -- Installing: /home/nb_adm/SWARMz4/ros2_ws/install/example_mode_manual_cpp/share/example_mode_manual_cpp/package.dsv
[4.899s] -- Installing: /home/nb_adm/SWARMz4/ros2_ws/install/example_mode_manual_cpp/share/ament_index/resource_index/packages/example_mode_manual_cpp
[4.899s] -- Installing: /home/nb_adm/SWARMz4/ros2_ws/install/example_mode_manual_cpp/share/example_mode_manual_cpp/cmake/example_mode_manual_cppConfig.cmake
[4.899s] -- Installing: /home/nb_adm/SWARMz4/ros2_ws/install/example_mode_manual_cpp/share/example_mode_manual_cpp/cmake/example_mode_manual_cppConfig-version.cmake
[4.900s] -- Installing: /home/nb_adm/SWARMz4/ros2_ws/install/example_mode_manual_cpp/share/example_mode_manual_cpp/package.xml
[4.903s] Invoked command in '/home/nb_adm/SWARMz4/ros2_ws/build/example_mode_manual_cpp' returned '0': CMAKE_PREFIX_PATH=/home/nb_adm/SWARMz4/ros2_ws/install/px4_ros2_cpp:/home/nb_adm/SWARMz4/ros2_ws/install/px4_msgs:/home/nb_adm/SWARMz4/ros2_ws/install/swarmz_interfaces:/home/nb_adm/SWARMz4/ros2_ws/install/px4_ros_com:/home/nb_adm/SWARMz4/ros2_ws/install/example_mode_with_executor_cpp:/home/nb_adm/SWARMz4/ros2_ws/install/example_mode_rtl_replacement_cpp:/home/nb_adm/SWARMz4/ros2_ws/install/example_mode_manual_cpp:/home/nb_adm/SWARMz4/ros2_ws/install/example_mode_goto_global_cpp:/home/nb_adm/SWARMz4/ros2_ws/install/example_mode_goto_cpp:/home/nb_adm/SWARMz4/ros2_ws/install/example_mode_fw_attitude_cpp:/home/nb_adm/SWARMz4/ros2_ws/install/example_local_navigation_cpp:/home/nb_adm/SWARMz4/ros2_ws/install/example_global_navigation_cpp:/home/nb_adm/SWARMz4/ros2_ws/install/offboard_control_cpp:/home/nb_adm/SWARMz4/ros2_ws/install/px4_offboard_velocity:/home/nb_adm/SWARMz4/ros2_ws/install/px4_offboard_position:/home/nb_adm/SWARMz4/ros2_ws/install/px4_gz_bridge:/home/nb_adm/SWARMz4/ros2_ws/install/offboard_control_py:/home/nb_adm/SWARMz4/ros2_ws/install/game_master:/home/nb_adm/SWARMz4/ros2_ws/install/flag_ship:/opt/ros/humble LD_LIBRARY_PATH=/home/nb_adm/SWARMz4/ros2_ws/install/px4_ros2_cpp/lib:/home/nb_adm/SWARMz4/ros2_ws/install/px4_msgs/lib:/home/nb_adm/SWARMz4/ros2_ws/install/swarmz_interfaces/lib:/home/nb_adm/SWARMz4/ros2_ws/install/px4_ros_com/lib:/opt/ros/humble/opt/rviz_ogre_vendor/lib:/opt/ros/humble/lib/x86_64-linux-gnu:/opt/ros/humble/lib /usr/bin/cmake --install /home/nb_adm/SWARMz4/ros2_ws/build/example_mode_manual_cpp
