/home/nb_adm/SWARMz4/ros2_ws/install/px4_offboard_position/lib/python3.10/site-packages/px4_offboard_position/offboard_control.py
/home/nb_adm/SWARMz4/ros2_ws/install/px4_offboard_position/lib/python3.10/site-packages/px4_offboard_position/__init__.py
/home/nb_adm/SWARMz4/ros2_ws/install/px4_offboard_position/lib/python3.10/site-packages/px4_offboard_position/visualizer.py
/home/nb_adm/SWARMz4/ros2_ws/install/px4_offboard_position/lib/python3.10/site-packages/px4_offboard_position/__pycache__/offboard_control.cpython-310.pyc
/home/nb_adm/SWARMz4/ros2_ws/install/px4_offboard_position/lib/python3.10/site-packages/px4_offboard_position/__pycache__/__init__.cpython-310.pyc
/home/nb_adm/SWARMz4/ros2_ws/install/px4_offboard_position/lib/python3.10/site-packages/px4_offboard_position/__pycache__/visualizer.cpython-310.pyc
/home/nb_adm/SWARMz4/ros2_ws/install/px4_offboard_position/share/ament_index/resource_index/packages/px4_offboard_position
/home/nb_adm/SWARMz4/ros2_ws/install/px4_offboard_position/share/ament_index/resource_index/packages/visualize.rviz
/home/nb_adm/SWARMz4/ros2_ws/install/px4_offboard_position/share/px4_offboard_position/package.xml
/home/nb_adm/SWARMz4/ros2_ws/install/px4_offboard_position/share/px4_offboard_position/offboard_hardware_position_control.launch.py
/home/nb_adm/SWARMz4/ros2_ws/install/px4_offboard_position/share/px4_offboard_position/offboard_position_control.launch.py
/home/nb_adm/SWARMz4/ros2_ws/install/px4_offboard_position/share/px4_offboard_position/visualize.launch.py
/home/nb_adm/SWARMz4/ros2_ws/install/px4_offboard_position/share/px4_offboard_position/visualize.rviz
/home/nb_adm/SWARMz4/ros2_ws/install/px4_offboard_position/lib/python3.10/site-packages/px4_offboard_position-0.0.0-py3.10.egg-info/dependency_links.txt
/home/nb_adm/SWARMz4/ros2_ws/install/px4_offboard_position/lib/python3.10/site-packages/px4_offboard_position-0.0.0-py3.10.egg-info/PKG-INFO
/home/nb_adm/SWARMz4/ros2_ws/install/px4_offboard_position/lib/python3.10/site-packages/px4_offboard_position-0.0.0-py3.10.egg-info/requires.txt
/home/nb_adm/SWARMz4/ros2_ws/install/px4_offboard_position/lib/python3.10/site-packages/px4_offboard_position-0.0.0-py3.10.egg-info/SOURCES.txt
/home/nb_adm/SWARMz4/ros2_ws/install/px4_offboard_position/lib/python3.10/site-packages/px4_offboard_position-0.0.0-py3.10.egg-info/entry_points.txt
/home/nb_adm/SWARMz4/ros2_ws/install/px4_offboard_position/lib/python3.10/site-packages/px4_offboard_position-0.0.0-py3.10.egg-info/top_level.txt
/home/nb_adm/SWARMz4/ros2_ws/install/px4_offboard_position/lib/python3.10/site-packages/px4_offboard_position-0.0.0-py3.10.egg-info/zip-safe
/home/nb_adm/SWARMz4/ros2_ws/install/px4_offboard_position/lib/px4_offboard_position/offboard_control
/home/nb_adm/SWARMz4/ros2_ws/install/px4_offboard_position/lib/px4_offboard_position/visualizer
