[1.671s] Invoking command in '/home/nb_adm/SWARMz4/ros2_ws/src/px4_pkgs/px4_gz_bridge': PYTHONPATH=/home/nb_adm/SWARMz4/ros2_ws/build/px4_gz_bridge/prefix_override:/usr/lib/python3/dist-packages/colcon_core/task/python/colcon_distutils_commands:/home/nb_adm/SWARMz4/ros2_ws/install/px4_gz_bridge/lib/python3.10/site-packages:${PYTHONPATH} /usr/bin/python3 -W ignore:setup.py install is deprecated -W ignore:easy_install command is deprecated setup.py egg_info --egg-base ../../../build/px4_gz_bridge build --build-base /home/nb_adm/SWARMz4/ros2_ws/build/px4_gz_bridge/build install --record /home/nb_adm/SWARMz4/ros2_ws/build/px4_gz_bridge/install.log --single-version-externally-managed install_data
[1.850s] running egg_info
[1.850s] writing ../../../build/px4_gz_bridge/px4_gz_bridge.egg-info/PKG-INFO
[1.850s] writing dependency_links to ../../../build/px4_gz_bridge/px4_gz_bridge.egg-info/dependency_links.txt
[1.851s] writing entry points to ../../../build/px4_gz_bridge/px4_gz_bridge.egg-info/entry_points.txt
[1.852s] writing requirements to ../../../build/px4_gz_bridge/px4_gz_bridge.egg-info/requires.txt
[1.852s] writing top-level names to ../../../build/px4_gz_bridge/px4_gz_bridge.egg-info/top_level.txt
[1.852s] reading manifest file '../../../build/px4_gz_bridge/px4_gz_bridge.egg-info/SOURCES.txt'
[1.852s] adding license file 'LICENSE'
[1.853s] writing manifest file '../../../build/px4_gz_bridge/px4_gz_bridge.egg-info/SOURCES.txt'
[1.853s] running build
[1.853s] running build_py
[1.853s] running install
[1.853s] running install_lib
[1.855s] running install_data
[1.855s] running install_egg_info
[1.855s] removing '/home/nb_adm/SWARMz4/ros2_ws/install/px4_gz_bridge/lib/python3.10/site-packages/px4_gz_bridge-0.0.0-py3.10.egg-info' (and everything under it)
[1.856s] Copying ../../../build/px4_gz_bridge/px4_gz_bridge.egg-info to /home/nb_adm/SWARMz4/ros2_ws/install/px4_gz_bridge/lib/python3.10/site-packages/px4_gz_bridge-0.0.0-py3.10.egg-info
[1.856s] running install_scripts
[1.870s] writing list of installed files to '/home/nb_adm/SWARMz4/ros2_ws/build/px4_gz_bridge/install.log'
[2.323s] Invoked command in '/home/nb_adm/SWARMz4/ros2_ws/src/px4_pkgs/px4_gz_bridge' returned '0': PYTHONPATH=/home/nb_adm/SWARMz4/ros2_ws/build/px4_gz_bridge/prefix_override:/usr/lib/python3/dist-packages/colcon_core/task/python/colcon_distutils_commands:/home/nb_adm/SWARMz4/ros2_ws/install/px4_gz_bridge/lib/python3.10/site-packages:${PYTHONPATH} /usr/bin/python3 -W ignore:setup.py install is deprecated -W ignore:easy_install command is deprecated setup.py egg_info --egg-base ../../../build/px4_gz_bridge build --build-base /home/nb_adm/SWARMz4/ros2_ws/build/px4_gz_bridge/build install --record /home/nb_adm/SWARMz4/ros2_ws/build/px4_gz_bridge/install.log --single-version-externally-managed install_data
