[1.672s] Invoking command in '/home/nb_adm/SWARMz4/ros2_ws/src/px4_pkgs/px4_controllers/offboard_control_py': PYTHONPATH=/home/nb_adm/SWARMz4/ros2_ws/build/offboard_control_py/prefix_override:/usr/lib/python3/dist-packages/colcon_core/task/python/colcon_distutils_commands:/home/nb_adm/SWARMz4/ros2_ws/install/offboard_control_py/lib/python3.10/site-packages:${PYTHONPATH} /usr/bin/python3 -W ignore:setup.py install is deprecated -W ignore:easy_install command is deprecated setup.py egg_info --egg-base ../../../../build/offboard_control_py build --build-base /home/nb_adm/SWARMz4/ros2_ws/build/offboard_control_py/build install --record /home/nb_adm/SWARMz4/ros2_ws/build/offboard_control_py/install.log --single-version-externally-managed install_data
[2.029s] running egg_info
[2.030s] writing ../../../../build/offboard_control_py/offboard_control_py.egg-info/PKG-INFO
[2.030s] writing dependency_links to ../../../../build/offboard_control_py/offboard_control_py.egg-info/dependency_links.txt
[2.030s] writing entry points to ../../../../build/offboard_control_py/offboard_control_py.egg-info/entry_points.txt
[2.030s] writing requirements to ../../../../build/offboard_control_py/offboard_control_py.egg-info/requires.txt
[2.030s] writing top-level names to ../../../../build/offboard_control_py/offboard_control_py.egg-info/top_level.txt
[2.032s] reading manifest file '../../../../build/offboard_control_py/offboard_control_py.egg-info/SOURCES.txt'
[2.033s] writing manifest file '../../../../build/offboard_control_py/offboard_control_py.egg-info/SOURCES.txt'
[2.034s] running build
[2.034s] running build_py
[2.034s] running install
[2.035s] running install_lib
[2.037s] running install_data
[2.037s] running install_egg_info
[2.039s] removing '/home/nb_adm/SWARMz4/ros2_ws/install/offboard_control_py/lib/python3.10/site-packages/offboard_control_py-0.0.0-py3.10.egg-info' (and everything under it)
[2.039s] Copying ../../../../build/offboard_control_py/offboard_control_py.egg-info to /home/nb_adm/SWARMz4/ros2_ws/install/offboard_control_py/lib/python3.10/site-packages/offboard_control_py-0.0.0-py3.10.egg-info
[2.040s] running install_scripts
[2.063s] Installing mission_control script to /home/nb_adm/SWARMz4/ros2_ws/install/offboard_control_py/lib/offboard_control_py
[2.063s] Installing offboard_control script to /home/nb_adm/SWARMz4/ros2_ws/install/offboard_control_py/lib/offboard_control_py
[2.063s] Installing offboard_control_goto script to /home/nb_adm/SWARMz4/ros2_ws/install/offboard_control_py/lib/offboard_control_py
[2.063s] Installing simu_circle script to /home/nb_adm/SWARMz4/ros2_ws/install/offboard_control_py/lib/offboard_control_py
[2.063s] Installing simu_processes script to /home/nb_adm/SWARMz4/ros2_ws/install/offboard_control_py/lib/offboard_control_py
[2.063s] Installing tight_circle script to /home/nb_adm/SWARMz4/ros2_ws/install/offboard_control_py/lib/offboard_control_py
[2.063s] writing list of installed files to '/home/nb_adm/SWARMz4/ros2_ws/build/offboard_control_py/install.log'
[2.339s] Invoked command in '/home/nb_adm/SWARMz4/ros2_ws/src/px4_pkgs/px4_controllers/offboard_control_py' returned '0': PYTHONPATH=/home/nb_adm/SWARMz4/ros2_ws/build/offboard_control_py/prefix_override:/usr/lib/python3/dist-packages/colcon_core/task/python/colcon_distutils_commands:/home/nb_adm/SWARMz4/ros2_ws/install/offboard_control_py/lib/python3.10/site-packages:${PYTHONPATH} /usr/bin/python3 -W ignore:setup.py install is deprecated -W ignore:easy_install command is deprecated setup.py egg_info --egg-base ../../../../build/offboard_control_py build --build-base /home/nb_adm/SWARMz4/ros2_ws/build/offboard_control_py/build install --record /home/nb_adm/SWARMz4/ros2_ws/build/offboard_control_py/install.log --single-version-externally-managed install_data
