running egg_info
creating ../../../build/px4_gz_bridge/px4_gz_bridge.egg-info
writing ../../../build/px4_gz_bridge/px4_gz_bridge.egg-info/PKG-INFO
writing dependency_links to ../../../build/px4_gz_bridge/px4_gz_bridge.egg-info/dependency_links.txt
writing entry points to ../../../build/px4_gz_bridge/px4_gz_bridge.egg-info/entry_points.txt
writing requirements to ../../../build/px4_gz_bridge/px4_gz_bridge.egg-info/requires.txt
writing top-level names to ../../../build/px4_gz_bridge/px4_gz_bridge.egg-info/top_level.txt
writing manifest file '../../../build/px4_gz_bridge/px4_gz_bridge.egg-info/SOURCES.txt'
reading manifest file '../../../build/px4_gz_bridge/px4_gz_bridge.egg-info/SOURCES.txt'
adding license file 'LICENSE'
writing manifest file '../../../build/px4_gz_bridge/px4_gz_bridge.egg-info/SOURCES.txt'
running build
running build_py
creating /home/nb_adm/SWARMz4/ros2_ws/build/px4_gz_bridge/build
creating /home/nb_adm/SWARMz4/ros2_ws/build/px4_gz_bridge/build/lib
creating /home/nb_adm/SWARMz4/ros2_ws/build/px4_gz_bridge/build/lib/px4_gz_bridge
copying px4_gz_bridge/__init__.py -> /home/nb_adm/SWARMz4/ros2_ws/build/px4_gz_bridge/build/lib/px4_gz_bridge
running install
running install_lib
creating /home/nb_adm/SWARMz4/ros2_ws/install/px4_gz_bridge/lib/python3.10/site-packages/px4_gz_bridge
copying /home/nb_adm/SWARMz4/ros2_ws/build/px4_gz_bridge/build/lib/px4_gz_bridge/__init__.py -> /home/nb_adm/SWARMz4/ros2_ws/install/px4_gz_bridge/lib/python3.10/site-packages/px4_gz_bridge
byte-compiling /home/nb_adm/SWARMz4/ros2_ws/install/px4_gz_bridge/lib/python3.10/site-packages/px4_gz_bridge/__init__.py to __init__.cpython-310.pyc
running install_data
creating /home/nb_adm/SWARMz4/ros2_ws/install/px4_gz_bridge/share/ament_index
creating /home/nb_adm/SWARMz4/ros2_ws/install/px4_gz_bridge/share/ament_index/resource_index
creating /home/nb_adm/SWARMz4/ros2_ws/install/px4_gz_bridge/share/ament_index/resource_index/packages
copying resource/px4_gz_bridge -> /home/nb_adm/SWARMz4/ros2_ws/install/px4_gz_bridge/share/ament_index/resource_index/packages
copying package.xml -> /home/nb_adm/SWARMz4/ros2_ws/install/px4_gz_bridge/share/px4_gz_bridge
creating /home/nb_adm/SWARMz4/ros2_ws/install/px4_gz_bridge/share/px4_gz_bridge/launch
copying launch/px4_laser_gz_bridge.launch.py -> /home/nb_adm/SWARMz4/ros2_ws/install/px4_gz_bridge/share/px4_gz_bridge/launch
creating /home/nb_adm/SWARMz4/ros2_ws/install/px4_gz_bridge/share/px4_gz_bridge/config
copying config/px4_gz_bridge_params.yaml -> /home/nb_adm/SWARMz4/ros2_ws/install/px4_gz_bridge/share/px4_gz_bridge/config
running install_egg_info
Copying ../../../build/px4_gz_bridge/px4_gz_bridge.egg-info to /home/nb_adm/SWARMz4/ros2_ws/install/px4_gz_bridge/lib/python3.10/site-packages/px4_gz_bridge-0.0.0-py3.10.egg-info
running install_scripts
writing list of installed files to '/home/nb_adm/SWARMz4/ros2_ws/build/px4_gz_bridge/install.log'
