[1.794s] Invoking command in '/home/nb_adm/SWARMz4/ros2_ws/src/px4_pkgs/px4_gz_bridge': PYTHONPATH=/home/nb_adm/SWARMz4/ros2_ws/build/px4_gz_bridge/prefix_override:/usr/lib/python3/dist-packages/colcon_core/task/python/colcon_distutils_commands:/home/nb_adm/SWARMz4/ros2_ws/install/px4_gz_bridge/lib/python3.10/site-packages:${PYTHONPATH} /usr/bin/python3 -W ignore:setup.py install is deprecated -W ignore:easy_install command is deprecated setup.py egg_info --egg-base ../../../build/px4_gz_bridge build --build-base /home/nb_adm/SWARMz4/ros2_ws/build/px4_gz_bridge/build install --record /home/nb_adm/SWARMz4/ros2_ws/build/px4_gz_bridge/install.log --single-version-externally-managed install_data
[1.985s] running egg_info
[1.985s] creating ../../../build/px4_gz_bridge/px4_gz_bridge.egg-info
[1.986s] writing ../../../build/px4_gz_bridge/px4_gz_bridge.egg-info/PKG-INFO
[1.986s] writing dependency_links to ../../../build/px4_gz_bridge/px4_gz_bridge.egg-info/dependency_links.txt
[1.986s] writing entry points to ../../../build/px4_gz_bridge/px4_gz_bridge.egg-info/entry_points.txt
[1.986s] writing requirements to ../../../build/px4_gz_bridge/px4_gz_bridge.egg-info/requires.txt
[1.986s] writing top-level names to ../../../build/px4_gz_bridge/px4_gz_bridge.egg-info/top_level.txt
[1.986s] writing manifest file '../../../build/px4_gz_bridge/px4_gz_bridge.egg-info/SOURCES.txt'
[1.987s] reading manifest file '../../../build/px4_gz_bridge/px4_gz_bridge.egg-info/SOURCES.txt'
[1.988s] adding license file 'LICENSE'
[1.988s] writing manifest file '../../../build/px4_gz_bridge/px4_gz_bridge.egg-info/SOURCES.txt'
[1.988s] running build
[1.988s] running build_py
[1.988s] creating /home/nb_adm/SWARMz4/ros2_ws/build/px4_gz_bridge/build
[1.988s] creating /home/nb_adm/SWARMz4/ros2_ws/build/px4_gz_bridge/build/lib
[1.988s] creating /home/nb_adm/SWARMz4/ros2_ws/build/px4_gz_bridge/build/lib/px4_gz_bridge
[1.988s] copying px4_gz_bridge/__init__.py -> /home/nb_adm/SWARMz4/ros2_ws/build/px4_gz_bridge/build/lib/px4_gz_bridge
[1.988s] running install
[1.988s] running install_lib
[1.989s] creating /home/nb_adm/SWARMz4/ros2_ws/install/px4_gz_bridge/lib/python3.10/site-packages/px4_gz_bridge
[1.989s] copying /home/nb_adm/SWARMz4/ros2_ws/build/px4_gz_bridge/build/lib/px4_gz_bridge/__init__.py -> /home/nb_adm/SWARMz4/ros2_ws/install/px4_gz_bridge/lib/python3.10/site-packages/px4_gz_bridge
[1.989s] byte-compiling /home/nb_adm/SWARMz4/ros2_ws/install/px4_gz_bridge/lib/python3.10/site-packages/px4_gz_bridge/__init__.py to __init__.cpython-310.pyc
[1.990s] running install_data
[1.990s] creating /home/nb_adm/SWARMz4/ros2_ws/install/px4_gz_bridge/share/ament_index
[1.990s] creating /home/nb_adm/SWARMz4/ros2_ws/install/px4_gz_bridge/share/ament_index/resource_index
[1.990s] creating /home/nb_adm/SWARMz4/ros2_ws/install/px4_gz_bridge/share/ament_index/resource_index/packages
[1.990s] copying resource/px4_gz_bridge -> /home/nb_adm/SWARMz4/ros2_ws/install/px4_gz_bridge/share/ament_index/resource_index/packages
[1.990s] copying package.xml -> /home/nb_adm/SWARMz4/ros2_ws/install/px4_gz_bridge/share/px4_gz_bridge
[1.990s] creating /home/nb_adm/SWARMz4/ros2_ws/install/px4_gz_bridge/share/px4_gz_bridge/launch
[1.990s] copying launch/px4_laser_gz_bridge.launch.py -> /home/nb_adm/SWARMz4/ros2_ws/install/px4_gz_bridge/share/px4_gz_bridge/launch
[1.990s] creating /home/nb_adm/SWARMz4/ros2_ws/install/px4_gz_bridge/share/px4_gz_bridge/config
[1.990s] copying config/px4_gz_bridge_params.yaml -> /home/nb_adm/SWARMz4/ros2_ws/install/px4_gz_bridge/share/px4_gz_bridge/config
[1.990s] running install_egg_info
[1.991s] Copying ../../../build/px4_gz_bridge/px4_gz_bridge.egg-info to /home/nb_adm/SWARMz4/ros2_ws/install/px4_gz_bridge/lib/python3.10/site-packages/px4_gz_bridge-0.0.0-py3.10.egg-info
[1.992s] running install_scripts
[2.005s] writing list of installed files to '/home/nb_adm/SWARMz4/ros2_ws/build/px4_gz_bridge/install.log'
[2.028s] Invoked command in '/home/nb_adm/SWARMz4/ros2_ws/src/px4_pkgs/px4_gz_bridge' returned '0': PYTHONPATH=/home/nb_adm/SWARMz4/ros2_ws/build/px4_gz_bridge/prefix_override:/usr/lib/python3/dist-packages/colcon_core/task/python/colcon_distutils_commands:/home/nb_adm/SWARMz4/ros2_ws/install/px4_gz_bridge/lib/python3.10/site-packages:${PYTHONPATH} /usr/bin/python3 -W ignore:setup.py install is deprecated -W ignore:easy_install command is deprecated setup.py egg_info --egg-base ../../../build/px4_gz_bridge build --build-base /home/nb_adm/SWARMz4/ros2_ws/build/px4_gz_bridge/build install --record /home/nb_adm/SWARMz4/ros2_ws/build/px4_gz_bridge/install.log --single-version-externally-managed install_data
