[0.043s] Invoking command in '/home/nb_adm/SWARMz4/ros2_ws/build/offboard_control_cpp': CMAKE_PREFIX_PATH=/home/nb_adm/SWARMz4/ros2_ws/install/px4_msgs:/home/nb_adm/SWARMz4/ros2_ws/install/swarmz_interfaces:/home/nb_adm/SWARMz4/ros2_ws/install/px4_ros_com:/home/nb_adm/SWARMz4/ros2_ws/install/example_mode_with_executor_cpp:/home/nb_adm/SWARMz4/ros2_ws/install/example_mode_rtl_replacement_cpp:/home/nb_adm/SWARMz4/ros2_ws/install/example_mode_manual_cpp:/home/nb_adm/SWARMz4/ros2_ws/install/example_mode_goto_global_cpp:/home/nb_adm/SWARMz4/ros2_ws/install/example_mode_goto_cpp:/home/nb_adm/SWARMz4/ros2_ws/install/example_mode_fw_attitude_cpp:/home/nb_adm/SWARMz4/ros2_ws/install/example_local_navigation_cpp:/home/nb_adm/SWARMz4/ros2_ws/install/example_global_navigation_cpp:/home/nb_adm/SWARMz4/ros2_ws/install/px4_ros2_cpp:/home/nb_adm/SWARMz4/ros2_ws/install/offboard_control_cpp:/home/nb_adm/SWARMz4/ros2_ws/install/px4_offboard_velocity:/home/nb_adm/SWARMz4/ros2_ws/install/px4_offboard_position:/home/nb_adm/SWARMz4/ros2_ws/install/px4_gz_bridge:/home/nb_adm/SWARMz4/ros2_ws/install/offboard_control_py:/home/nb_adm/SWARMz4/ros2_ws/install/game_master:/home/nb_adm/SWARMz4/ros2_ws/install/flag_ship:/opt/ros/humble LD_LIBRARY_PATH=/home/nb_adm/SWARMz4/ros2_ws/install/px4_msgs/lib:/home/nb_adm/SWARMz4/ros2_ws/install/swarmz_interfaces/lib:/home/nb_adm/SWARMz4/ros2_ws/install/px4_ros_com/lib:/home/nb_adm/SWARMz4/ros2_ws/install/px4_ros2_cpp/lib:/opt/ros/humble/opt/rviz_ogre_vendor/lib:/opt/ros/humble/lib/x86_64-linux-gnu:/opt/ros/humble/lib /usr/bin/cmake /home/nb_adm/SWARMz4/ros2_ws/src/px4_pkgs/px4_controllers/offboard_control_cpp -DCMAKE_INSTALL_PREFIX=/home/nb_adm/SWARMz4/ros2_ws/install/offboard_control_cpp
[0.682s] -- The C compiler identification is GNU 11.4.0
[0.682s] -- The CXX compiler identification is GNU 11.4.0
[0.682s] -- Detecting C compiler ABI info
[0.682s] -- Detecting C compiler ABI info - done
[0.682s] -- Check for working C compiler: /usr/bin/cc - skipped
[0.682s] -- Detecting C compile features
[0.683s] -- Detecting C compile features - done
[0.683s] -- Detecting CXX compiler ABI info
[0.683s] -- Detecting CXX compiler ABI info - done
[0.683s] -- Check for working CXX compiler: /usr/bin/c++ - skipped
[0.683s] -- Detecting CXX compile features
[0.683s] -- Detecting CXX compile features - done
[0.683s] -- Found ament_cmake: 1.3.11 (/opt/ros/humble/share/ament_cmake/cmake)
[0.730s] -- Found Python3: /usr/bin/python3 (found version "3.10.12") found components: Interpreter 
[0.806s] -- Found builtin_interfaces: 1.2.1 (/opt/ros/humble/share/builtin_interfaces/cmake)
[0.830s] -- Found rosidl_generator_c: 3.1.6 (/opt/ros/humble/share/rosidl_generator_c/cmake)
[0.833s] -- Found rosidl_adapter: 3.1.6 (/opt/ros/humble/share/rosidl_adapter/cmake)
[0.839s] -- Found rosidl_generator_cpp: 3.1.6 (/opt/ros/humble/share/rosidl_generator_cpp/cmake)
[0.848s] -- Using all available rosidl_typesupport_c: rosidl_typesupport_fastrtps_c;rosidl_typesupport_introspection_c
[0.860s] -- Using all available rosidl_typesupport_cpp: rosidl_typesupport_fastrtps_cpp;rosidl_typesupport_introspection_cpp
[0.871s] -- Found eigen3_cmake_module: 0.1.1 (/opt/ros/humble/share/eigen3_cmake_module/cmake)
[0.881s] -- Found Eigen3: TRUE (found version "3.4.0") 
[0.882s] -- Found px4_msgs: 2.0.1 (/home/nb_adm/SWARMz4/ros2_ws/install/px4_msgs/share/px4_msgs/cmake)
[0.896s] -- Found rclcpp: 16.0.11 (/opt/ros/humble/share/rclcpp/cmake)
[0.948s] -- Found rmw_implementation_cmake: 6.1.2 (/opt/ros/humble/share/rmw_implementation_cmake/cmake)
[0.951s] -- Found rmw_fastrtps_cpp: 6.2.7 (/opt/ros/humble/share/rmw_fastrtps_cpp/cmake)
[1.014s] -- Found OpenSSL: /usr/lib/x86_64-linux-gnu/libcrypto.so (found version "3.0.2")  
[1.036s] -- Found FastRTPS: /opt/ros/humble/include  
[1.066s] -- Using RMW implementation 'rmw_fastrtps_cpp' as default
[1.074s] -- Looking for pthread.h
[1.136s] -- Looking for pthread.h - found
[1.136s] -- Performing Test CMAKE_HAVE_LIBC_PTHREAD
[1.197s] -- Performing Test CMAKE_HAVE_LIBC_PTHREAD - Success
[1.197s] -- Found Threads: TRUE  
[1.240s] -- Found ament_lint_auto: 0.12.11 (/opt/ros/humble/share/ament_lint_auto/cmake)
[1.300s] -- Added test 'cppcheck' to perform static code analysis on C / C++ code
[1.300s] -- Configured cppcheck include dirs: $<BUILD_INTERFACE:/home/nb_adm/SWARMz4/ros2_ws/src/px4_pkgs/px4_controllers/offboard_control_cpp/include>
[1.300s] -- Configured cppcheck exclude dirs and/or files: 
[1.300s] -- Added test 'lint_cmake' to check CMake code style
[1.301s] -- Added test 'uncrustify' to check C / C++ code style
[1.301s] -- Configured uncrustify additional arguments: 
[1.302s] -- Added test 'xmllint' to check XML markup files
[1.303s] -- Configuring done
[1.308s] -- Generating done
[1.310s] -- Build files have been written to: /home/nb_adm/SWARMz4/ros2_ws/build/offboard_control_cpp
[1.319s] Invoked command in '/home/nb_adm/SWARMz4/ros2_ws/build/offboard_control_cpp' returned '0': CMAKE_PREFIX_PATH=/home/nb_adm/SWARMz4/ros2_ws/install/px4_msgs:/home/nb_adm/SWARMz4/ros2_ws/install/swarmz_interfaces:/home/nb_adm/SWARMz4/ros2_ws/install/px4_ros_com:/home/nb_adm/SWARMz4/ros2_ws/install/example_mode_with_executor_cpp:/home/nb_adm/SWARMz4/ros2_ws/install/example_mode_rtl_replacement_cpp:/home/nb_adm/SWARMz4/ros2_ws/install/example_mode_manual_cpp:/home/nb_adm/SWARMz4/ros2_ws/install/example_mode_goto_global_cpp:/home/nb_adm/SWARMz4/ros2_ws/install/example_mode_goto_cpp:/home/nb_adm/SWARMz4/ros2_ws/install/example_mode_fw_attitude_cpp:/home/nb_adm/SWARMz4/ros2_ws/install/example_local_navigation_cpp:/home/nb_adm/SWARMz4/ros2_ws/install/example_global_navigation_cpp:/home/nb_adm/SWARMz4/ros2_ws/install/px4_ros2_cpp:/home/nb_adm/SWARMz4/ros2_ws/install/offboard_control_cpp:/home/nb_adm/SWARMz4/ros2_ws/install/px4_offboard_velocity:/home/nb_adm/SWARMz4/ros2_ws/install/px4_offboard_position:/home/nb_adm/SWARMz4/ros2_ws/install/px4_gz_bridge:/home/nb_adm/SWARMz4/ros2_ws/install/offboard_control_py:/home/nb_adm/SWARMz4/ros2_ws/install/game_master:/home/nb_adm/SWARMz4/ros2_ws/install/flag_ship:/opt/ros/humble LD_LIBRARY_PATH=/home/nb_adm/SWARMz4/ros2_ws/install/px4_msgs/lib:/home/nb_adm/SWARMz4/ros2_ws/install/swarmz_interfaces/lib:/home/nb_adm/SWARMz4/ros2_ws/install/px4_ros_com/lib:/home/nb_adm/SWARMz4/ros2_ws/install/px4_ros2_cpp/lib:/opt/ros/humble/opt/rviz_ogre_vendor/lib:/opt/ros/humble/lib/x86_64-linux-gnu:/opt/ros/humble/lib /usr/bin/cmake /home/nb_adm/SWARMz4/ros2_ws/src/px4_pkgs/px4_controllers/offboard_control_cpp -DCMAKE_INSTALL_PREFIX=/home/nb_adm/SWARMz4/ros2_ws/install/offboard_control_cpp
[1.320s] Invoking command in '/home/nb_adm/SWARMz4/ros2_ws/build/offboard_control_cpp': CMAKE_PREFIX_PATH=/home/nb_adm/SWARMz4/ros2_ws/install/px4_msgs:/home/nb_adm/SWARMz4/ros2_ws/install/swarmz_interfaces:/home/nb_adm/SWARMz4/ros2_ws/install/px4_ros_com:/home/nb_adm/SWARMz4/ros2_ws/install/example_mode_with_executor_cpp:/home/nb_adm/SWARMz4/ros2_ws/install/example_mode_rtl_replacement_cpp:/home/nb_adm/SWARMz4/ros2_ws/install/example_mode_manual_cpp:/home/nb_adm/SWARMz4/ros2_ws/install/example_mode_goto_global_cpp:/home/nb_adm/SWARMz4/ros2_ws/install/example_mode_goto_cpp:/home/nb_adm/SWARMz4/ros2_ws/install/example_mode_fw_attitude_cpp:/home/nb_adm/SWARMz4/ros2_ws/install/example_local_navigation_cpp:/home/nb_adm/SWARMz4/ros2_ws/install/example_global_navigation_cpp:/home/nb_adm/SWARMz4/ros2_ws/install/px4_ros2_cpp:/home/nb_adm/SWARMz4/ros2_ws/install/offboard_control_cpp:/home/nb_adm/SWARMz4/ros2_ws/install/px4_offboard_velocity:/home/nb_adm/SWARMz4/ros2_ws/install/px4_offboard_position:/home/nb_adm/SWARMz4/ros2_ws/install/px4_gz_bridge:/home/nb_adm/SWARMz4/ros2_ws/install/offboard_control_py:/home/nb_adm/SWARMz4/ros2_ws/install/game_master:/home/nb_adm/SWARMz4/ros2_ws/install/flag_ship:/opt/ros/humble LD_LIBRARY_PATH=/home/nb_adm/SWARMz4/ros2_ws/install/px4_msgs/lib:/home/nb_adm/SWARMz4/ros2_ws/install/swarmz_interfaces/lib:/home/nb_adm/SWARMz4/ros2_ws/install/px4_ros_com/lib:/home/nb_adm/SWARMz4/ros2_ws/install/px4_ros2_cpp/lib:/opt/ros/humble/opt/rviz_ogre_vendor/lib:/opt/ros/humble/lib/x86_64-linux-gnu:/opt/ros/humble/lib /usr/bin/cmake --build /home/nb_adm/SWARMz4/ros2_ws/build/offboard_control_cpp -- -j24 -l24
[1.354s] [ 50%] [32mBuilding CXX object CMakeFiles/offboard_control.dir/src/offboard_control.cpp.o[0m
[11.386s] [100%] [32m[1mLinking CXX executable offboard_control[0m
[11.738s] [100%] Built target offboard_control
[11.756s] Invoked command in '/home/nb_adm/SWARMz4/ros2_ws/build/offboard_control_cpp' returned '0': CMAKE_PREFIX_PATH=/home/nb_adm/SWARMz4/ros2_ws/install/px4_msgs:/home/nb_adm/SWARMz4/ros2_ws/install/swarmz_interfaces:/home/nb_adm/SWARMz4/ros2_ws/install/px4_ros_com:/home/nb_adm/SWARMz4/ros2_ws/install/example_mode_with_executor_cpp:/home/nb_adm/SWARMz4/ros2_ws/install/example_mode_rtl_replacement_cpp:/home/nb_adm/SWARMz4/ros2_ws/install/example_mode_manual_cpp:/home/nb_adm/SWARMz4/ros2_ws/install/example_mode_goto_global_cpp:/home/nb_adm/SWARMz4/ros2_ws/install/example_mode_goto_cpp:/home/nb_adm/SWARMz4/ros2_ws/install/example_mode_fw_attitude_cpp:/home/nb_adm/SWARMz4/ros2_ws/install/example_local_navigation_cpp:/home/nb_adm/SWARMz4/ros2_ws/install/example_global_navigation_cpp:/home/nb_adm/SWARMz4/ros2_ws/install/px4_ros2_cpp:/home/nb_adm/SWARMz4/ros2_ws/install/offboard_control_cpp:/home/nb_adm/SWARMz4/ros2_ws/install/px4_offboard_velocity:/home/nb_adm/SWARMz4/ros2_ws/install/px4_offboard_position:/home/nb_adm/SWARMz4/ros2_ws/install/px4_gz_bridge:/home/nb_adm/SWARMz4/ros2_ws/install/offboard_control_py:/home/nb_adm/SWARMz4/ros2_ws/install/game_master:/home/nb_adm/SWARMz4/ros2_ws/install/flag_ship:/opt/ros/humble LD_LIBRARY_PATH=/home/nb_adm/SWARMz4/ros2_ws/install/px4_msgs/lib:/home/nb_adm/SWARMz4/ros2_ws/install/swarmz_interfaces/lib:/home/nb_adm/SWARMz4/ros2_ws/install/px4_ros_com/lib:/home/nb_adm/SWARMz4/ros2_ws/install/px4_ros2_cpp/lib:/opt/ros/humble/opt/rviz_ogre_vendor/lib:/opt/ros/humble/lib/x86_64-linux-gnu:/opt/ros/humble/lib /usr/bin/cmake --build /home/nb_adm/SWARMz4/ros2_ws/build/offboard_control_cpp -- -j24 -l24
[11.770s] Invoking command in '/home/nb_adm/SWARMz4/ros2_ws/build/offboard_control_cpp': CMAKE_PREFIX_PATH=/home/nb_adm/SWARMz4/ros2_ws/install/px4_msgs:/home/nb_adm/SWARMz4/ros2_ws/install/swarmz_interfaces:/home/nb_adm/SWARMz4/ros2_ws/install/px4_ros_com:/home/nb_adm/SWARMz4/ros2_ws/install/example_mode_with_executor_cpp:/home/nb_adm/SWARMz4/ros2_ws/install/example_mode_rtl_replacement_cpp:/home/nb_adm/SWARMz4/ros2_ws/install/example_mode_manual_cpp:/home/nb_adm/SWARMz4/ros2_ws/install/example_mode_goto_global_cpp:/home/nb_adm/SWARMz4/ros2_ws/install/example_mode_goto_cpp:/home/nb_adm/SWARMz4/ros2_ws/install/example_mode_fw_attitude_cpp:/home/nb_adm/SWARMz4/ros2_ws/install/example_local_navigation_cpp:/home/nb_adm/SWARMz4/ros2_ws/install/example_global_navigation_cpp:/home/nb_adm/SWARMz4/ros2_ws/install/px4_ros2_cpp:/home/nb_adm/SWARMz4/ros2_ws/install/offboard_control_cpp:/home/nb_adm/SWARMz4/ros2_ws/install/px4_offboard_velocity:/home/nb_adm/SWARMz4/ros2_ws/install/px4_offboard_position:/home/nb_adm/SWARMz4/ros2_ws/install/px4_gz_bridge:/home/nb_adm/SWARMz4/ros2_ws/install/offboard_control_py:/home/nb_adm/SWARMz4/ros2_ws/install/game_master:/home/nb_adm/SWARMz4/ros2_ws/install/flag_ship:/opt/ros/humble LD_LIBRARY_PATH=/home/nb_adm/SWARMz4/ros2_ws/install/px4_msgs/lib:/home/nb_adm/SWARMz4/ros2_ws/install/swarmz_interfaces/lib:/home/nb_adm/SWARMz4/ros2_ws/install/px4_ros_com/lib:/home/nb_adm/SWARMz4/ros2_ws/install/px4_ros2_cpp/lib:/opt/ros/humble/opt/rviz_ogre_vendor/lib:/opt/ros/humble/lib/x86_64-linux-gnu:/opt/ros/humble/lib /usr/bin/cmake --install /home/nb_adm/SWARMz4/ros2_ws/build/offboard_control_cpp
[11.771s] -- Install configuration: ""
[11.771s] -- Installing: /home/nb_adm/SWARMz4/ros2_ws/install/offboard_control_cpp/lib/offboard_control_cpp/offboard_control
[11.772s] -- Set runtime path of "/home/nb_adm/SWARMz4/ros2_ws/install/offboard_control_cpp/lib/offboard_control_cpp/offboard_control" to ""
[11.773s] -- Installing: /home/nb_adm/SWARMz4/ros2_ws/install/offboard_control_cpp/share/ament_index/resource_index/package_run_dependencies/offboard_control_cpp
[11.773s] -- Installing: /home/nb_adm/SWARMz4/ros2_ws/install/offboard_control_cpp/share/ament_index/resource_index/parent_prefix_path/offboard_control_cpp
[11.774s] -- Installing: /home/nb_adm/SWARMz4/ros2_ws/install/offboard_control_cpp/share/offboard_control_cpp/environment/ament_prefix_path.sh
[11.774s] -- Installing: /home/nb_adm/SWARMz4/ros2_ws/install/offboard_control_cpp/share/offboard_control_cpp/environment/ament_prefix_path.dsv
[11.774s] -- Installing: /home/nb_adm/SWARMz4/ros2_ws/install/offboard_control_cpp/share/offboard_control_cpp/environment/path.sh
[11.774s] -- Installing: /home/nb_adm/SWARMz4/ros2_ws/install/offboard_control_cpp/share/offboard_control_cpp/environment/path.dsv
[11.774s] -- Installing: /home/nb_adm/SWARMz4/ros2_ws/install/offboard_control_cpp/share/offboard_control_cpp/local_setup.bash
[11.774s] -- Installing: /home/nb_adm/SWARMz4/ros2_ws/install/offboard_control_cpp/share/offboard_control_cpp/local_setup.sh
[11.774s] -- Installing: /home/nb_adm/SWARMz4/ros2_ws/install/offboard_control_cpp/share/offboard_control_cpp/local_setup.zsh
[11.775s] -- Installing: /home/nb_adm/SWARMz4/ros2_ws/install/offboard_control_cpp/share/offboard_control_cpp/local_setup.dsv
[11.775s] -- Installing: /home/nb_adm/SWARMz4/ros2_ws/install/offboard_control_cpp/share/offboard_control_cpp/package.dsv
[11.776s] -- Installing: /home/nb_adm/SWARMz4/ros2_ws/install/offboard_control_cpp/share/ament_index/resource_index/packages/offboard_control_cpp
[11.776s] -- Installing: /home/nb_adm/SWARMz4/ros2_ws/install/offboard_control_cpp/share/offboard_control_cpp/cmake/offboard_control_cppConfig.cmake
[11.776s] -- Installing: /home/nb_adm/SWARMz4/ros2_ws/install/offboard_control_cpp/share/offboard_control_cpp/cmake/offboard_control_cppConfig-version.cmake
[11.777s] -- Installing: /home/nb_adm/SWARMz4/ros2_ws/install/offboard_control_cpp/share/offboard_control_cpp/package.xml
[11.792s] Invoked command in '/home/nb_adm/SWARMz4/ros2_ws/build/offboard_control_cpp' returned '0': CMAKE_PREFIX_PATH=/home/nb_adm/SWARMz4/ros2_ws/install/px4_msgs:/home/nb_adm/SWARMz4/ros2_ws/install/swarmz_interfaces:/home/nb_adm/SWARMz4/ros2_ws/install/px4_ros_com:/home/nb_adm/SWARMz4/ros2_ws/install/example_mode_with_executor_cpp:/home/nb_adm/SWARMz4/ros2_ws/install/example_mode_rtl_replacement_cpp:/home/nb_adm/SWARMz4/ros2_ws/install/example_mode_manual_cpp:/home/nb_adm/SWARMz4/ros2_ws/install/example_mode_goto_global_cpp:/home/nb_adm/SWARMz4/ros2_ws/install/example_mode_goto_cpp:/home/nb_adm/SWARMz4/ros2_ws/install/example_mode_fw_attitude_cpp:/home/nb_adm/SWARMz4/ros2_ws/install/example_local_navigation_cpp:/home/nb_adm/SWARMz4/ros2_ws/install/example_global_navigation_cpp:/home/nb_adm/SWARMz4/ros2_ws/install/px4_ros2_cpp:/home/nb_adm/SWARMz4/ros2_ws/install/offboard_control_cpp:/home/nb_adm/SWARMz4/ros2_ws/install/px4_offboard_velocity:/home/nb_adm/SWARMz4/ros2_ws/install/px4_offboard_position:/home/nb_adm/SWARMz4/ros2_ws/install/px4_gz_bridge:/home/nb_adm/SWARMz4/ros2_ws/install/offboard_control_py:/home/nb_adm/SWARMz4/ros2_ws/install/game_master:/home/nb_adm/SWARMz4/ros2_ws/install/flag_ship:/opt/ros/humble LD_LIBRARY_PATH=/home/nb_adm/SWARMz4/ros2_ws/install/px4_msgs/lib:/home/nb_adm/SWARMz4/ros2_ws/install/swarmz_interfaces/lib:/home/nb_adm/SWARMz4/ros2_ws/install/px4_ros_com/lib:/home/nb_adm/SWARMz4/ros2_ws/install/px4_ros2_cpp/lib:/opt/ros/humble/opt/rviz_ogre_vendor/lib:/opt/ros/humble/lib/x86_64-linux-gnu:/opt/ros/humble/lib /usr/bin/cmake --install /home/nb_adm/SWARMz4/ros2_ws/build/offboard_control_cpp
