[0.042s] Invoking command in '/home/nb_adm/SWARMz4/ros2_ws/build/px4_ros2_cpp': CMAKE_PREFIX_PATH=/home/nb_adm/SWARMz4/ros2_ws/install/px4_msgs:/home/nb_adm/SWARMz4/ros2_ws/install/swarmz_interfaces:/home/nb_adm/SWARMz4/ros2_ws/install/px4_ros_com:/home/nb_adm/SWARMz4/ros2_ws/install/example_mode_with_executor_cpp:/home/nb_adm/SWARMz4/ros2_ws/install/example_mode_rtl_replacement_cpp:/home/nb_adm/SWARMz4/ros2_ws/install/example_mode_manual_cpp:/home/nb_adm/SWARMz4/ros2_ws/install/example_mode_goto_global_cpp:/home/nb_adm/SWARMz4/ros2_ws/install/example_mode_goto_cpp:/home/nb_adm/SWARMz4/ros2_ws/install/example_mode_fw_attitude_cpp:/home/nb_adm/SWARMz4/ros2_ws/install/example_local_navigation_cpp:/home/nb_adm/SWARMz4/ros2_ws/install/example_global_navigation_cpp:/home/nb_adm/SWARMz4/ros2_ws/install/px4_ros2_cpp:/home/nb_adm/SWARMz4/ros2_ws/install/offboard_control_cpp:/home/nb_adm/SWARMz4/ros2_ws/install/px4_offboard_velocity:/home/nb_adm/SWARMz4/ros2_ws/install/px4_offboard_position:/home/nb_adm/SWARMz4/ros2_ws/install/px4_gz_bridge:/home/nb_adm/SWARMz4/ros2_ws/install/offboard_control_py:/home/nb_adm/SWARMz4/ros2_ws/install/game_master:/home/nb_adm/SWARMz4/ros2_ws/install/flag_ship:/opt/ros/humble LD_LIBRARY_PATH=/home/nb_adm/SWARMz4/ros2_ws/install/px4_msgs/lib:/home/nb_adm/SWARMz4/ros2_ws/install/swarmz_interfaces/lib:/home/nb_adm/SWARMz4/ros2_ws/install/px4_ros_com/lib:/home/nb_adm/SWARMz4/ros2_ws/install/px4_ros2_cpp/lib:/opt/ros/humble/opt/rviz_ogre_vendor/lib:/opt/ros/humble/lib/x86_64-linux-gnu:/opt/ros/humble/lib /usr/bin/cmake /home/nb_adm/SWARMz4/ros2_ws/src/px4_pkgs/px4-ros2-interface-lib/px4_ros2_cpp -DCMAKE_INSTALL_PREFIX=/home/nb_adm/SWARMz4/ros2_ws/install/px4_ros2_cpp
[0.687s] -- The C compiler identification is GNU 11.4.0
[0.687s] -- The CXX compiler identification is GNU 11.4.0
[0.687s] -- Detecting C compiler ABI info
[0.687s] -- Detecting C compiler ABI info - done
[0.688s] -- Check for working C compiler: /usr/bin/cc - skipped
[0.688s] -- Detecting C compile features
[0.688s] -- Detecting C compile features - done
[0.688s] -- Detecting CXX compiler ABI info
[0.688s] -- Detecting CXX compiler ABI info - done
[0.688s] -- Check for working CXX compiler: /usr/bin/c++ - skipped
[0.688s] -- Detecting CXX compile features
[0.688s] -- Detecting CXX compile features - done
[0.688s] -- Found ament_cmake: 1.3.11 (/opt/ros/humble/share/ament_cmake/cmake)
[0.753s] -- Found Python3: /usr/bin/python3 (found version "3.10.12") found components: Interpreter 
[0.879s] -- Found ament_index_cpp: 1.4.0 (/opt/ros/humble/share/ament_index_cpp/cmake)
[0.883s] -- Found rclcpp: 16.0.11 (/opt/ros/humble/share/rclcpp/cmake)
[0.936s] -- Found rosidl_generator_c: 3.1.6 (/opt/ros/humble/share/rosidl_generator_c/cmake)
[0.942s] -- Found rosidl_adapter: 3.1.6 (/opt/ros/humble/share/rosidl_adapter/cmake)
[0.952s] -- Found rosidl_generator_cpp: 3.1.6 (/opt/ros/humble/share/rosidl_generator_cpp/cmake)
[0.967s] -- Using all available rosidl_typesupport_c: rosidl_typesupport_fastrtps_c;rosidl_typesupport_introspection_c
[0.987s] -- Using all available rosidl_typesupport_cpp: rosidl_typesupport_fastrtps_cpp;rosidl_typesupport_introspection_cpp
[1.041s] -- Found rmw_implementation_cmake: 6.1.2 (/opt/ros/humble/share/rmw_implementation_cmake/cmake)
[1.045s] -- Found rmw_fastrtps_cpp: 6.2.7 (/opt/ros/humble/share/rmw_fastrtps_cpp/cmake)
[1.142s] -- Found OpenSSL: /usr/lib/x86_64-linux-gnu/libcrypto.so (found version "3.0.2")  
[1.178s] -- Found FastRTPS: /opt/ros/humble/include  
[1.226s] -- Using RMW implementation 'rmw_fastrtps_cpp' as default
[1.236s] -- Looking for pthread.h
[1.310s] -- Looking for pthread.h - found
[1.311s] -- Performing Test CMAKE_HAVE_LIBC_PTHREAD
[1.361s] -- Performing Test CMAKE_HAVE_LIBC_PTHREAD - Success
[1.361s] -- Found Threads: TRUE  
[1.394s] -- Found px4_msgs: 2.0.1 (/home/nb_adm/SWARMz4/ros2_ws/install/px4_msgs/share/px4_msgs/cmake)
[1.403s] -- Found eigen3_cmake_module: 0.1.1 (/opt/ros/humble/share/eigen3_cmake_module/cmake)
[1.409s] -- Found Eigen3: TRUE (found version "3.4.0") 
[1.411s] -- Found ament_lint_auto: 0.12.11 (/opt/ros/humble/share/ament_lint_auto/cmake)
[1.412s] -- Found ament_cmake_gtest: 1.3.11 (/opt/ros/humble/share/ament_cmake_gtest/cmake)
[1.520s] -- Found gtest sources under '/opt/ros/humble/src/gtest_vendor': C++ tests using 'Google Test' will be built
[1.532s] -- Added test 'copyright' to check source files copyright and LICENSE
[1.538s] -- Added test 'cppcheck' to perform static code analysis on C / C++ code
[1.538s] -- Configured cppcheck include dirs: /home/nb_adm/SWARMz4/ros2_ws/src/px4_pkgs/px4-ros2-interface-lib/px4_ros2_cpp/include
[1.538s] -- Configured cppcheck exclude dirs and/or files: 
[1.544s] -- Added test 'cpplint' to check C / C++ code against the Google style
[1.544s] -- Configured cpplint exclude dirs and/or files: 
[1.547s] -- Added test 'lint_cmake' to check CMake code style
[1.554s] -- Added test 'uncrustify' to check C / C++ code style
[1.554s] -- Configured uncrustify additional arguments: 
[1.556s] -- Added test 'xmllint' to check XML markup files
[1.558s] -- Configuring done
[1.588s] -- Generating done
[1.598s] -- Build files have been written to: /home/nb_adm/SWARMz4/ros2_ws/build/px4_ros2_cpp
[1.607s] Invoked command in '/home/nb_adm/SWARMz4/ros2_ws/build/px4_ros2_cpp' returned '0': CMAKE_PREFIX_PATH=/home/nb_adm/SWARMz4/ros2_ws/install/px4_msgs:/home/nb_adm/SWARMz4/ros2_ws/install/swarmz_interfaces:/home/nb_adm/SWARMz4/ros2_ws/install/px4_ros_com:/home/nb_adm/SWARMz4/ros2_ws/install/example_mode_with_executor_cpp:/home/nb_adm/SWARMz4/ros2_ws/install/example_mode_rtl_replacement_cpp:/home/nb_adm/SWARMz4/ros2_ws/install/example_mode_manual_cpp:/home/nb_adm/SWARMz4/ros2_ws/install/example_mode_goto_global_cpp:/home/nb_adm/SWARMz4/ros2_ws/install/example_mode_goto_cpp:/home/nb_adm/SWARMz4/ros2_ws/install/example_mode_fw_attitude_cpp:/home/nb_adm/SWARMz4/ros2_ws/install/example_local_navigation_cpp:/home/nb_adm/SWARMz4/ros2_ws/install/example_global_navigation_cpp:/home/nb_adm/SWARMz4/ros2_ws/install/px4_ros2_cpp:/home/nb_adm/SWARMz4/ros2_ws/install/offboard_control_cpp:/home/nb_adm/SWARMz4/ros2_ws/install/px4_offboard_velocity:/home/nb_adm/SWARMz4/ros2_ws/install/px4_offboard_position:/home/nb_adm/SWARMz4/ros2_ws/install/px4_gz_bridge:/home/nb_adm/SWARMz4/ros2_ws/install/offboard_control_py:/home/nb_adm/SWARMz4/ros2_ws/install/game_master:/home/nb_adm/SWARMz4/ros2_ws/install/flag_ship:/opt/ros/humble LD_LIBRARY_PATH=/home/nb_adm/SWARMz4/ros2_ws/install/px4_msgs/lib:/home/nb_adm/SWARMz4/ros2_ws/install/swarmz_interfaces/lib:/home/nb_adm/SWARMz4/ros2_ws/install/px4_ros_com/lib:/home/nb_adm/SWARMz4/ros2_ws/install/px4_ros2_cpp/lib:/opt/ros/humble/opt/rviz_ogre_vendor/lib:/opt/ros/humble/lib/x86_64-linux-gnu:/opt/ros/humble/lib /usr/bin/cmake /home/nb_adm/SWARMz4/ros2_ws/src/px4_pkgs/px4-ros2-interface-lib/px4_ros2_cpp -DCMAKE_INSTALL_PREFIX=/home/nb_adm/SWARMz4/ros2_ws/install/px4_ros2_cpp
[1.608s] Invoking command in '/home/nb_adm/SWARMz4/ros2_ws/build/px4_ros2_cpp': CMAKE_PREFIX_PATH=/home/nb_adm/SWARMz4/ros2_ws/install/px4_msgs:/home/nb_adm/SWARMz4/ros2_ws/install/swarmz_interfaces:/home/nb_adm/SWARMz4/ros2_ws/install/px4_ros_com:/home/nb_adm/SWARMz4/ros2_ws/install/example_mode_with_executor_cpp:/home/nb_adm/SWARMz4/ros2_ws/install/example_mode_rtl_replacement_cpp:/home/nb_adm/SWARMz4/ros2_ws/install/example_mode_manual_cpp:/home/nb_adm/SWARMz4/ros2_ws/install/example_mode_goto_global_cpp:/home/nb_adm/SWARMz4/ros2_ws/install/example_mode_goto_cpp:/home/nb_adm/SWARMz4/ros2_ws/install/example_mode_fw_attitude_cpp:/home/nb_adm/SWARMz4/ros2_ws/install/example_local_navigation_cpp:/home/nb_adm/SWARMz4/ros2_ws/install/example_global_navigation_cpp:/home/nb_adm/SWARMz4/ros2_ws/install/px4_ros2_cpp:/home/nb_adm/SWARMz4/ros2_ws/install/offboard_control_cpp:/home/nb_adm/SWARMz4/ros2_ws/install/px4_offboard_velocity:/home/nb_adm/SWARMz4/ros2_ws/install/px4_offboard_position:/home/nb_adm/SWARMz4/ros2_ws/install/px4_gz_bridge:/home/nb_adm/SWARMz4/ros2_ws/install/offboard_control_py:/home/nb_adm/SWARMz4/ros2_ws/install/game_master:/home/nb_adm/SWARMz4/ros2_ws/install/flag_ship:/opt/ros/humble LD_LIBRARY_PATH=/home/nb_adm/SWARMz4/ros2_ws/install/px4_msgs/lib:/home/nb_adm/SWARMz4/ros2_ws/install/swarmz_interfaces/lib:/home/nb_adm/SWARMz4/ros2_ws/install/px4_ros_com/lib:/home/nb_adm/SWARMz4/ros2_ws/install/px4_ros2_cpp/lib:/opt/ros/humble/opt/rviz_ogre_vendor/lib:/opt/ros/humble/lib/x86_64-linux-gnu:/opt/ros/humble/lib /usr/bin/cmake --build /home/nb_adm/SWARMz4/ros2_ws/build/px4_ros2_cpp -- -j24 -l24
[1.651s] [  6%] [32mBuilding CXX object gtest/CMakeFiles/gtest_main.dir/src/gtest_main.cc.o[0m
[1.651s] [  6%] [32mBuilding CXX object gtest/CMakeFiles/gtest.dir/src/gtest-all.cc.o[0m
[1.651s] [  6%] [32mBuilding CXX object CMakeFiles/px4_ros2_cpp.dir/src/components/health_and_arming_checks.cpp.o[0m
[1.652s] [  8%] [32mBuilding CXX object CMakeFiles/px4_ros2_cpp.dir/src/components/mode.cpp.o[0m
[1.652s] [ 10%] [32mBuilding CXX object CMakeFiles/px4_ros2_cpp.dir/src/components/mode_executor.cpp.o[0m
[1.652s] [ 14%] [32mBuilding CXX object CMakeFiles/px4_ros2_cpp.dir/src/components/overrides.cpp.o[0m
[1.652s] [ 12%] [32mBuilding CXX object CMakeFiles/px4_ros2_cpp.dir/src/components/registration.cpp.o[0m
[1.652s] [ 17%] [32mBuilding CXX object CMakeFiles/px4_ros2_cpp.dir/src/control/setpoint_types/experimental/attitude.cpp.o[0m
[1.652s] [ 21%] [32mBuilding CXX object CMakeFiles/px4_ros2_cpp.dir/src/components/message_compatibility_check.cpp.o[0m
[1.652s] [ 23%] [32mBuilding CXX object CMakeFiles/px4_ros2_cpp.dir/src/components/wait_for_fmu.cpp.o[0m
[1.654s] [ 25%] [32mBuilding CXX object CMakeFiles/px4_ros2_cpp.dir/src/control/peripheral_actuators.cpp.o[0m
[1.654s] [ 27%] [32mBuilding CXX object CMakeFiles/px4_ros2_cpp.dir/src/navigation/experimental/local_position_measurement_interface.cpp.o[0m
[1.654s] [ 29%] [32mBuilding CXX object CMakeFiles/px4_ros2_cpp.dir/src/control/setpoint_types/direct_actuators.cpp.o[0m
[1.654s] [ 31%] [32mBuilding CXX object CMakeFiles/px4_ros2_cpp.dir/src/control/setpoint_types/experimental/trajectory.cpp.o[0m
[1.655s] [ 36%] [32mBuilding CXX object CMakeFiles/unit_utils.dir/test/unit/utils/util.cpp.o[0m
[1.657s] [ 38%] [32mBuilding CXX object CMakeFiles/px4_ros2_cpp.dir/src/odometry/local_position.cpp.o[0m
[1.657s] [ 40%] [32mBuilding CXX object CMakeFiles/px4_ros2_cpp.dir/src/odometry/global_position.cpp.o[0m
[1.657s] [ 42%] [32mBuilding CXX object CMakeFiles/px4_ros2_cpp.dir/src/odometry/attitude.cpp.o[0m
[1.657s] [ 46%] [32mBuilding CXX object CMakeFiles/px4_ros2_cpp.dir/src/components/manual_control_input.cpp.o[0m
[1.658s] [ 19%] [32mBuilding CXX object CMakeFiles/px4_ros2_cpp.dir/src/navigation/experimental/global_position_measurement_interface.cpp.o[0m
[1.658s] [ 48%] [32mBuilding CXX object CMakeFiles/px4_ros2_cpp.dir/src/control/setpoint_types/goto.cpp.o[0m
[1.659s] [ 48%] [32mBuilding CXX object CMakeFiles/px4_ros2_cpp.dir/src/control/setpoint_types/experimental/rates.cpp.o[0m
[1.659s] [ 48%] [32mBuilding CXX object CMakeFiles/integration_utils.dir/test/integration/util.cpp.o[0m
[1.659s] [ 51%] [32mBuilding CXX object CMakeFiles/px4_ros2_cpp.dir/src/odometry/angular_velocity.cpp.o[0m
[2.800s] [ 53%] [32m[1mLinking CXX static library libgtest_main.a[0m
[3.029s] [ 53%] Built target gtest_main
[3.052s] [ 55%] [32mBuilding CXX object CMakeFiles/px4_ros2_cpp.dir/src/utils/geodesic.cpp.o[0m
[6.999s] [ 57%] [32m[1mLinking CXX shared library libunit_utils.so[0m
[7.147s] [ 57%] Built target unit_utils
[7.159s] [ 59%] [32mBuilding CXX object CMakeFiles/px4_ros2_cpp.dir/src/utils/map_projection_impl.cpp.o[0m
[7.173s] [ 61%] [32m[1mLinking CXX static library libgtest.a[0m
[7.371s] [ 61%] Built target gtest
[15.834s] [ 63%] [32m[1mLinking CXX shared library libintegration_utils.so[0m
[16.314s] [ 63%] Built target integration_utils
[20.441s] [ 65%] [32m[1mLinking CXX shared library libpx4_ros2_cpp.so[0m
[24.214s] [ 65%] Built target px4_ros2_cpp
[24.254s] [ 70%] [32mBuilding CXX object CMakeFiles/integration_tests.dir/test/integration/mode.cpp.o[0m
[24.255s] [ 70%] [32mBuilding CXX object CMakeFiles/integration_tests.dir/test/integration/local_navigation.cpp.o[0m
[24.255s] [ 72%] [32mBuilding CXX object CMakeFiles/integration_tests.dir/test/integration/overrides.cpp.o[0m
[24.255s] [ 76%] [32mBuilding CXX object CMakeFiles/px4_ros2_cpp_unit_tests.dir/test/unit/local_navigation.cpp.o[0m
[24.256s] [ 78%] [32mBuilding CXX object CMakeFiles/px4_ros2_cpp_unit_tests.dir/test/unit/modes.cpp.o[0m
[24.256s] [ 78%] [32mBuilding CXX object CMakeFiles/px4_ros2_cpp_unit_tests.dir/test/unit/utils/geodesic.cpp.o[0m
[24.256s] [ 80%] [32mBuilding CXX object CMakeFiles/integration_tests.dir/test/integration/arming_check.cpp.o[0m
[24.257s] [ 82%] [32mBuilding CXX object CMakeFiles/px4_ros2_cpp_unit_tests.dir/test/unit/main.cpp.o[0m
[24.257s] [ 85%] [32mBuilding CXX object CMakeFiles/integration_tests.dir/test/integration/mode_executor.cpp.o[0m
[24.258s] [ 87%] [32mBuilding CXX object CMakeFiles/px4_ros2_cpp_unit_tests.dir/test/unit/global_navigation.cpp.o[0m
[24.258s] [ 89%] [32mBuilding CXX object CMakeFiles/integration_tests.dir/test/integration/global_navigation.cpp.o[0m
[24.258s] [ 91%] [32mBuilding CXX object CMakeFiles/px4_ros2_cpp_unit_tests.dir/test/unit/utils/frame_conversion.cpp.o[0m
[24.259s] [ 93%] [32mBuilding CXX object CMakeFiles/px4_ros2_cpp_unit_tests.dir/test/unit/utils/map_projection_impl.cpp.o[0m
[24.260s] [ 95%] [32mBuilding CXX object CMakeFiles/px4_ros2_cpp_unit_tests.dir/test/unit/utils/geometry.cpp.o[0m
[32.949s] [ 97%] [32m[1mLinking CXX executable px4_ros2_cpp_unit_tests[0m
[34.737s] [ 97%] Built target px4_ros2_cpp_unit_tests
[35.497s] [100%] [32m[1mLinking CXX executable integration_tests[0m
[36.745s] [100%] Built target integration_tests
[36.759s] Invoked command in '/home/nb_adm/SWARMz4/ros2_ws/build/px4_ros2_cpp' returned '0': CMAKE_PREFIX_PATH=/home/nb_adm/SWARMz4/ros2_ws/install/px4_msgs:/home/nb_adm/SWARMz4/ros2_ws/install/swarmz_interfaces:/home/nb_adm/SWARMz4/ros2_ws/install/px4_ros_com:/home/nb_adm/SWARMz4/ros2_ws/install/example_mode_with_executor_cpp:/home/nb_adm/SWARMz4/ros2_ws/install/example_mode_rtl_replacement_cpp:/home/nb_adm/SWARMz4/ros2_ws/install/example_mode_manual_cpp:/home/nb_adm/SWARMz4/ros2_ws/install/example_mode_goto_global_cpp:/home/nb_adm/SWARMz4/ros2_ws/install/example_mode_goto_cpp:/home/nb_adm/SWARMz4/ros2_ws/install/example_mode_fw_attitude_cpp:/home/nb_adm/SWARMz4/ros2_ws/install/example_local_navigation_cpp:/home/nb_adm/SWARMz4/ros2_ws/install/example_global_navigation_cpp:/home/nb_adm/SWARMz4/ros2_ws/install/px4_ros2_cpp:/home/nb_adm/SWARMz4/ros2_ws/install/offboard_control_cpp:/home/nb_adm/SWARMz4/ros2_ws/install/px4_offboard_velocity:/home/nb_adm/SWARMz4/ros2_ws/install/px4_offboard_position:/home/nb_adm/SWARMz4/ros2_ws/install/px4_gz_bridge:/home/nb_adm/SWARMz4/ros2_ws/install/offboard_control_py:/home/nb_adm/SWARMz4/ros2_ws/install/game_master:/home/nb_adm/SWARMz4/ros2_ws/install/flag_ship:/opt/ros/humble LD_LIBRARY_PATH=/home/nb_adm/SWARMz4/ros2_ws/install/px4_msgs/lib:/home/nb_adm/SWARMz4/ros2_ws/install/swarmz_interfaces/lib:/home/nb_adm/SWARMz4/ros2_ws/install/px4_ros_com/lib:/home/nb_adm/SWARMz4/ros2_ws/install/px4_ros2_cpp/lib:/opt/ros/humble/opt/rviz_ogre_vendor/lib:/opt/ros/humble/lib/x86_64-linux-gnu:/opt/ros/humble/lib /usr/bin/cmake --build /home/nb_adm/SWARMz4/ros2_ws/build/px4_ros2_cpp -- -j24 -l24
[36.760s] Invoking command in '/home/nb_adm/SWARMz4/ros2_ws/build/px4_ros2_cpp': CMAKE_PREFIX_PATH=/home/nb_adm/SWARMz4/ros2_ws/install/px4_msgs:/home/nb_adm/SWARMz4/ros2_ws/install/swarmz_interfaces:/home/nb_adm/SWARMz4/ros2_ws/install/px4_ros_com:/home/nb_adm/SWARMz4/ros2_ws/install/example_mode_with_executor_cpp:/home/nb_adm/SWARMz4/ros2_ws/install/example_mode_rtl_replacement_cpp:/home/nb_adm/SWARMz4/ros2_ws/install/example_mode_manual_cpp:/home/nb_adm/SWARMz4/ros2_ws/install/example_mode_goto_global_cpp:/home/nb_adm/SWARMz4/ros2_ws/install/example_mode_goto_cpp:/home/nb_adm/SWARMz4/ros2_ws/install/example_mode_fw_attitude_cpp:/home/nb_adm/SWARMz4/ros2_ws/install/example_local_navigation_cpp:/home/nb_adm/SWARMz4/ros2_ws/install/example_global_navigation_cpp:/home/nb_adm/SWARMz4/ros2_ws/install/px4_ros2_cpp:/home/nb_adm/SWARMz4/ros2_ws/install/offboard_control_cpp:/home/nb_adm/SWARMz4/ros2_ws/install/px4_offboard_velocity:/home/nb_adm/SWARMz4/ros2_ws/install/px4_offboard_position:/home/nb_adm/SWARMz4/ros2_ws/install/px4_gz_bridge:/home/nb_adm/SWARMz4/ros2_ws/install/offboard_control_py:/home/nb_adm/SWARMz4/ros2_ws/install/game_master:/home/nb_adm/SWARMz4/ros2_ws/install/flag_ship:/opt/ros/humble LD_LIBRARY_PATH=/home/nb_adm/SWARMz4/ros2_ws/install/px4_msgs/lib:/home/nb_adm/SWARMz4/ros2_ws/install/swarmz_interfaces/lib:/home/nb_adm/SWARMz4/ros2_ws/install/px4_ros_com/lib:/home/nb_adm/SWARMz4/ros2_ws/install/px4_ros2_cpp/lib:/opt/ros/humble/opt/rviz_ogre_vendor/lib:/opt/ros/humble/lib/x86_64-linux-gnu:/opt/ros/humble/lib /usr/bin/cmake --install /home/nb_adm/SWARMz4/ros2_ws/build/px4_ros2_cpp
[36.774s] -- Install configuration: ""
[36.774s] -- Installing: /home/nb_adm/SWARMz4/ros2_ws/install/px4_ros2_cpp/share/px4_ros2_cpp/environment/library_path.sh
[36.774s] -- Installing: /home/nb_adm/SWARMz4/ros2_ws/install/px4_ros2_cpp/share/px4_ros2_cpp/environment/library_path.dsv
[36.775s] -- Installing: /home/nb_adm/SWARMz4/ros2_ws/install/px4_ros2_cpp/include/px4_ros2
[36.775s] -- Installing: /home/nb_adm/SWARMz4/ros2_ws/install/px4_ros2_cpp/include/px4_ros2/components
[36.775s] -- Installing: /home/nb_adm/SWARMz4/ros2_ws/install/px4_ros2_cpp/include/px4_ros2/components/health_and_arming_checks.hpp
[36.775s] -- Installing: /home/nb_adm/SWARMz4/ros2_ws/install/px4_ros2_cpp/include/px4_ros2/components/mode_executor.hpp
[36.776s] -- Installing: /home/nb_adm/SWARMz4/ros2_ws/install/px4_ros2_cpp/include/px4_ros2/components/manual_control_input.hpp
[36.776s] -- Installing: /home/nb_adm/SWARMz4/ros2_ws/install/px4_ros2_cpp/include/px4_ros2/components/groups.dox
[36.776s] -- Installing: /home/nb_adm/SWARMz4/ros2_ws/install/px4_ros2_cpp/include/px4_ros2/components/message_compatibility_check.hpp
[36.776s] -- Installing: /home/nb_adm/SWARMz4/ros2_ws/install/px4_ros2_cpp/include/px4_ros2/components/overrides.hpp
[36.777s] -- Installing: /home/nb_adm/SWARMz4/ros2_ws/install/px4_ros2_cpp/include/px4_ros2/components/wait_for_fmu.hpp
[36.777s] -- Installing: /home/nb_adm/SWARMz4/ros2_ws/install/px4_ros2_cpp/include/px4_ros2/components/mode.hpp
[36.777s] -- Installing: /home/nb_adm/SWARMz4/ros2_ws/install/px4_ros2_cpp/include/px4_ros2/components/events.hpp
[36.778s] -- Installing: /home/nb_adm/SWARMz4/ros2_ws/install/px4_ros2_cpp/include/px4_ros2/components/node_with_mode.hpp
[36.778s] -- Installing: /home/nb_adm/SWARMz4/ros2_ws/install/px4_ros2_cpp/include/px4_ros2/control
[36.778s] -- Installing: /home/nb_adm/SWARMz4/ros2_ws/install/px4_ros2_cpp/include/px4_ros2/control/setpoint_types
[36.778s] -- Installing: /home/nb_adm/SWARMz4/ros2_ws/install/px4_ros2_cpp/include/px4_ros2/control/setpoint_types/experimental
[36.779s] -- Installing: /home/nb_adm/SWARMz4/ros2_ws/install/px4_ros2_cpp/include/px4_ros2/control/setpoint_types/experimental/rates.hpp
[36.779s] -- Installing: /home/nb_adm/SWARMz4/ros2_ws/install/px4_ros2_cpp/include/px4_ros2/control/setpoint_types/experimental/trajectory.hpp
[36.779s] -- Installing: /home/nb_adm/SWARMz4/ros2_ws/install/px4_ros2_cpp/include/px4_ros2/control/setpoint_types/experimental/attitude.hpp
[36.780s] -- Installing: /home/nb_adm/SWARMz4/ros2_ws/install/px4_ros2_cpp/include/px4_ros2/control/setpoint_types/groups.dox
[36.780s] -- Installing: /home/nb_adm/SWARMz4/ros2_ws/install/px4_ros2_cpp/include/px4_ros2/control/setpoint_types/goto.hpp
[36.780s] -- Installing: /home/nb_adm/SWARMz4/ros2_ws/install/px4_ros2_cpp/include/px4_ros2/control/setpoint_types/direct_actuators.hpp
[36.780s] -- Installing: /home/nb_adm/SWARMz4/ros2_ws/install/px4_ros2_cpp/include/px4_ros2/control/groups.dox
[36.780s] -- Installing: /home/nb_adm/SWARMz4/ros2_ws/install/px4_ros2_cpp/include/px4_ros2/control/peripheral_actuators.hpp
[36.781s] -- Installing: /home/nb_adm/SWARMz4/ros2_ws/install/px4_ros2_cpp/include/px4_ros2/vehicle_state
[36.781s] -- Installing: /home/nb_adm/SWARMz4/ros2_ws/install/px4_ros2_cpp/include/px4_ros2/vehicle_state/home_position.hpp
[36.781s] -- Installing: /home/nb_adm/SWARMz4/ros2_ws/install/px4_ros2_cpp/include/px4_ros2/vehicle_state/groups.dox
[36.781s] -- Installing: /home/nb_adm/SWARMz4/ros2_ws/install/px4_ros2_cpp/include/px4_ros2/vehicle_state/vtol_status.hpp
[36.781s] -- Installing: /home/nb_adm/SWARMz4/ros2_ws/install/px4_ros2_cpp/include/px4_ros2/vehicle_state/vehicle_status.hpp
[36.782s] -- Installing: /home/nb_adm/SWARMz4/ros2_ws/install/px4_ros2_cpp/include/px4_ros2/vehicle_state/battery.hpp
[36.782s] -- Installing: /home/nb_adm/SWARMz4/ros2_ws/install/px4_ros2_cpp/include/px4_ros2/vehicle_state/land_detected.hpp
[36.782s] -- Installing: /home/nb_adm/SWARMz4/ros2_ws/install/px4_ros2_cpp/include/px4_ros2/utils
[36.782s] -- Installing: /home/nb_adm/SWARMz4/ros2_ws/install/px4_ros2_cpp/include/px4_ros2/utils/subscription.hpp
[36.782s] -- Installing: /home/nb_adm/SWARMz4/ros2_ws/install/px4_ros2_cpp/include/px4_ros2/utils/groups.dox
[36.783s] -- Installing: /home/nb_adm/SWARMz4/ros2_ws/install/px4_ros2_cpp/include/px4_ros2/utils/geodesic.hpp
[36.783s] -- Installing: /home/nb_adm/SWARMz4/ros2_ws/install/px4_ros2_cpp/include/px4_ros2/utils/geometry.hpp
[36.783s] -- Installing: /home/nb_adm/SWARMz4/ros2_ws/install/px4_ros2_cpp/include/px4_ros2/utils/frame_conversion.hpp
[36.783s] -- Installing: /home/nb_adm/SWARMz4/ros2_ws/install/px4_ros2_cpp/include/px4_ros2/odometry
[36.784s] -- Installing: /home/nb_adm/SWARMz4/ros2_ws/install/px4_ros2_cpp/include/px4_ros2/odometry/global_position.hpp
[36.784s] -- Installing: /home/nb_adm/SWARMz4/ros2_ws/install/px4_ros2_cpp/include/px4_ros2/odometry/groups.dox
[36.784s] -- Installing: /home/nb_adm/SWARMz4/ros2_ws/install/px4_ros2_cpp/include/px4_ros2/odometry/local_position.hpp
[36.784s] -- Installing: /home/nb_adm/SWARMz4/ros2_ws/install/px4_ros2_cpp/include/px4_ros2/odometry/angular_velocity.hpp
[36.784s] -- Installing: /home/nb_adm/SWARMz4/ros2_ws/install/px4_ros2_cpp/include/px4_ros2/odometry/attitude.hpp
[36.784s] -- Installing: /home/nb_adm/SWARMz4/ros2_ws/install/px4_ros2_cpp/include/px4_ros2/common
[36.785s] -- Installing: /home/nb_adm/SWARMz4/ros2_ws/install/px4_ros2_cpp/include/px4_ros2/common/setpoint_base.hpp
[36.785s] -- Installing: /home/nb_adm/SWARMz4/ros2_ws/install/px4_ros2_cpp/include/px4_ros2/common/requirement_flags.hpp
[36.785s] -- Installing: /home/nb_adm/SWARMz4/ros2_ws/install/px4_ros2_cpp/include/px4_ros2/common/context.hpp
[36.785s] -- Installing: /home/nb_adm/SWARMz4/ros2_ws/install/px4_ros2_cpp/include/px4_ros2/common/frame.hpp
[36.785s] -- Installing: /home/nb_adm/SWARMz4/ros2_ws/install/px4_ros2_cpp/include/px4_ros2/navigation
[36.785s] -- Installing: /home/nb_adm/SWARMz4/ros2_ws/install/px4_ros2_cpp/include/px4_ros2/navigation/experimental
[36.786s] -- Installing: /home/nb_adm/SWARMz4/ros2_ws/install/px4_ros2_cpp/include/px4_ros2/navigation/experimental/local_position_measurement_interface.hpp
[36.786s] -- Installing: /home/nb_adm/SWARMz4/ros2_ws/install/px4_ros2_cpp/include/px4_ros2/navigation/experimental/global_position_measurement_interface.hpp
[36.786s] -- Installing: /home/nb_adm/SWARMz4/ros2_ws/install/px4_ros2_cpp/include/px4_ros2/navigation/experimental/navigation_interface_base.hpp
[36.786s] -- Installing: /home/nb_adm/SWARMz4/ros2_ws/install/px4_ros2_cpp/include/px4_ros2/navigation/groups.dox
[36.786s] -- Installing: /home/nb_adm/SWARMz4/ros2_ws/install/px4_ros2_cpp/lib/libpx4_ros2_cpp.so
[36.886s] -- Set runtime path of "/home/nb_adm/SWARMz4/ros2_ws/install/px4_ros2_cpp/lib/libpx4_ros2_cpp.so" to ""
[36.887s] -- Installing: /home/nb_adm/SWARMz4/ros2_ws/install/px4_ros2_cpp/share/ament_index/resource_index/package_run_dependencies/px4_ros2_cpp
[36.887s] -- Installing: /home/nb_adm/SWARMz4/ros2_ws/install/px4_ros2_cpp/share/ament_index/resource_index/parent_prefix_path/px4_ros2_cpp
[36.887s] -- Installing: /home/nb_adm/SWARMz4/ros2_ws/install/px4_ros2_cpp/share/px4_ros2_cpp/environment/ament_prefix_path.sh
[36.887s] -- Installing: /home/nb_adm/SWARMz4/ros2_ws/install/px4_ros2_cpp/share/px4_ros2_cpp/environment/ament_prefix_path.dsv
[36.887s] -- Installing: /home/nb_adm/SWARMz4/ros2_ws/install/px4_ros2_cpp/share/px4_ros2_cpp/environment/path.sh
[36.887s] -- Installing: /home/nb_adm/SWARMz4/ros2_ws/install/px4_ros2_cpp/share/px4_ros2_cpp/environment/path.dsv
[36.887s] -- Installing: /home/nb_adm/SWARMz4/ros2_ws/install/px4_ros2_cpp/share/px4_ros2_cpp/local_setup.bash
[36.887s] -- Installing: /home/nb_adm/SWARMz4/ros2_ws/install/px4_ros2_cpp/share/px4_ros2_cpp/local_setup.sh
[36.887s] -- Installing: /home/nb_adm/SWARMz4/ros2_ws/install/px4_ros2_cpp/share/px4_ros2_cpp/local_setup.zsh
[36.887s] -- Installing: /home/nb_adm/SWARMz4/ros2_ws/install/px4_ros2_cpp/share/px4_ros2_cpp/local_setup.dsv
[36.888s] -- Installing: /home/nb_adm/SWARMz4/ros2_ws/install/px4_ros2_cpp/share/px4_ros2_cpp/package.dsv
[36.888s] -- Installing: /home/nb_adm/SWARMz4/ros2_ws/install/px4_ros2_cpp/share/ament_index/resource_index/packages/px4_ros2_cpp
[36.888s] -- Installing: /home/nb_adm/SWARMz4/ros2_ws/install/px4_ros2_cpp/share/px4_ros2_cpp/cmake/px4_ros2_cppExport.cmake
[36.888s] -- Installing: /home/nb_adm/SWARMz4/ros2_ws/install/px4_ros2_cpp/share/px4_ros2_cpp/cmake/px4_ros2_cppExport-noconfig.cmake
[36.888s] -- Installing: /home/nb_adm/SWARMz4/ros2_ws/install/px4_ros2_cpp/share/px4_ros2_cpp/cmake/ament_cmake_export_targets-extras.cmake
[36.888s] -- Installing: /home/nb_adm/SWARMz4/ros2_ws/install/px4_ros2_cpp/share/px4_ros2_cpp/cmake/ament_cmake_export_dependencies-extras.cmake
[36.888s] -- Installing: /home/nb_adm/SWARMz4/ros2_ws/install/px4_ros2_cpp/share/px4_ros2_cpp/cmake/px4_ros2_cppConfig.cmake
[36.888s] -- Installing: /home/nb_adm/SWARMz4/ros2_ws/install/px4_ros2_cpp/share/px4_ros2_cpp/cmake/px4_ros2_cppConfig-version.cmake
[36.889s] -- Installing: /home/nb_adm/SWARMz4/ros2_ws/install/px4_ros2_cpp/share/px4_ros2_cpp/package.xml
[36.891s] Invoked command in '/home/nb_adm/SWARMz4/ros2_ws/build/px4_ros2_cpp' returned '0': CMAKE_PREFIX_PATH=/home/nb_adm/SWARMz4/ros2_ws/install/px4_msgs:/home/nb_adm/SWARMz4/ros2_ws/install/swarmz_interfaces:/home/nb_adm/SWARMz4/ros2_ws/install/px4_ros_com:/home/nb_adm/SWARMz4/ros2_ws/install/example_mode_with_executor_cpp:/home/nb_adm/SWARMz4/ros2_ws/install/example_mode_rtl_replacement_cpp:/home/nb_adm/SWARMz4/ros2_ws/install/example_mode_manual_cpp:/home/nb_adm/SWARMz4/ros2_ws/install/example_mode_goto_global_cpp:/home/nb_adm/SWARMz4/ros2_ws/install/example_mode_goto_cpp:/home/nb_adm/SWARMz4/ros2_ws/install/example_mode_fw_attitude_cpp:/home/nb_adm/SWARMz4/ros2_ws/install/example_local_navigation_cpp:/home/nb_adm/SWARMz4/ros2_ws/install/example_global_navigation_cpp:/home/nb_adm/SWARMz4/ros2_ws/install/px4_ros2_cpp:/home/nb_adm/SWARMz4/ros2_ws/install/offboard_control_cpp:/home/nb_adm/SWARMz4/ros2_ws/install/px4_offboard_velocity:/home/nb_adm/SWARMz4/ros2_ws/install/px4_offboard_position:/home/nb_adm/SWARMz4/ros2_ws/install/px4_gz_bridge:/home/nb_adm/SWARMz4/ros2_ws/install/offboard_control_py:/home/nb_adm/SWARMz4/ros2_ws/install/game_master:/home/nb_adm/SWARMz4/ros2_ws/install/flag_ship:/opt/ros/humble LD_LIBRARY_PATH=/home/nb_adm/SWARMz4/ros2_ws/install/px4_msgs/lib:/home/nb_adm/SWARMz4/ros2_ws/install/swarmz_interfaces/lib:/home/nb_adm/SWARMz4/ros2_ws/install/px4_ros_com/lib:/home/nb_adm/SWARMz4/ros2_ws/install/px4_ros2_cpp/lib:/opt/ros/humble/opt/rviz_ogre_vendor/lib:/opt/ros/humble/lib/x86_64-linux-gnu:/opt/ros/humble/lib /usr/bin/cmake --install /home/nb_adm/SWARMz4/ros2_ws/build/px4_ros2_cpp
