[0.066s] Invoking command in '/home/nb_adm/SWARMz4/ros2_ws/build/example_mode_rtl_replacement_cpp': CMAKE_PREFIX_PATH=/home/nb_adm/SWARMz4/ros2_ws/install/px4_ros2_cpp:/home/nb_adm/SWARMz4/ros2_ws/install/px4_msgs:/home/nb_adm/SWARMz4/ros2_ws/install/swarmz_interfaces:/home/nb_adm/SWARMz4/ros2_ws/install/px4_ros_com:/home/nb_adm/SWARMz4/ros2_ws/install/example_mode_with_executor_cpp:/home/nb_adm/SWARMz4/ros2_ws/install/example_mode_rtl_replacement_cpp:/home/nb_adm/SWARMz4/ros2_ws/install/example_mode_manual_cpp:/home/nb_adm/SWARMz4/ros2_ws/install/example_mode_goto_global_cpp:/home/nb_adm/SWARMz4/ros2_ws/install/example_mode_goto_cpp:/home/nb_adm/SWARMz4/ros2_ws/install/example_mode_fw_attitude_cpp:/home/nb_adm/SWARMz4/ros2_ws/install/example_local_navigation_cpp:/home/nb_adm/SWARMz4/ros2_ws/install/example_global_navigation_cpp:/home/nb_adm/SWARMz4/ros2_ws/install/offboard_control_cpp:/home/nb_adm/SWARMz4/ros2_ws/install/px4_offboard_velocity:/home/nb_adm/SWARMz4/ros2_ws/install/px4_offboard_position:/home/nb_adm/SWARMz4/ros2_ws/install/px4_gz_bridge:/home/nb_adm/SWARMz4/ros2_ws/install/offboard_control_py:/home/nb_adm/SWARMz4/ros2_ws/install/game_master:/home/nb_adm/SWARMz4/ros2_ws/install/flag_ship:/opt/ros/humble LD_LIBRARY_PATH=/home/nb_adm/SWARMz4/ros2_ws/install/px4_ros2_cpp/lib:/home/nb_adm/SWARMz4/ros2_ws/install/px4_msgs/lib:/home/nb_adm/SWARMz4/ros2_ws/install/swarmz_interfaces/lib:/home/nb_adm/SWARMz4/ros2_ws/install/px4_ros_com/lib:/opt/ros/humble/opt/rviz_ogre_vendor/lib:/opt/ros/humble/lib/x86_64-linux-gnu:/opt/ros/humble/lib /usr/bin/cmake /home/nb_adm/SWARMz4/ros2_ws/src/px4_pkgs/px4-ros2-interface-lib/examples/cpp/modes/rtl_replacement -DCMAKE_INSTALL_PREFIX=/home/nb_adm/SWARMz4/ros2_ws/install/example_mode_rtl_replacement_cpp
[0.139s] -- The C compiler identification is GNU 11.4.0
[0.188s] -- The CXX compiler identification is GNU 11.4.0
[0.196s] -- Detecting C compiler ABI info
[0.244s] -- Detecting C compiler ABI info - done
[0.249s] -- Check for working C compiler: /usr/bin/cc - skipped
[0.249s] -- Detecting C compile features
[0.249s] -- Detecting C compile features - done
[0.251s] -- Detecting CXX compiler ABI info
[0.314s] -- Detecting CXX compiler ABI info - done
[0.319s] -- Check for working CXX compiler: /usr/bin/c++ - skipped
[0.320s] -- Detecting CXX compile features
[0.320s] -- Detecting CXX compile features - done
[0.322s] -- Found eigen3_cmake_module: 0.1.1 (/opt/ros/humble/share/eigen3_cmake_module/cmake)
[0.327s] -- Found Eigen3: TRUE (found version "3.4.0") 
[0.328s] -- Found ament_cmake: 1.3.11 (/opt/ros/humble/share/ament_cmake/cmake)
[0.497s] -- Found Python3: /usr/bin/python3 (found version "3.10.12") found components: Interpreter 
[0.615s] -- Found rclcpp: 16.0.11 (/opt/ros/humble/share/rclcpp/cmake)
[0.645s] -- Found rosidl_generator_c: 3.1.6 (/opt/ros/humble/share/rosidl_generator_c/cmake)
[0.648s] -- Found rosidl_adapter: 3.1.6 (/opt/ros/humble/share/rosidl_adapter/cmake)
[0.654s] -- Found rosidl_generator_cpp: 3.1.6 (/opt/ros/humble/share/rosidl_generator_cpp/cmake)
[0.662s] -- Using all available rosidl_typesupport_c: rosidl_typesupport_fastrtps_c;rosidl_typesupport_introspection_c
[0.673s] -- Using all available rosidl_typesupport_cpp: rosidl_typesupport_fastrtps_cpp;rosidl_typesupport_introspection_cpp
[0.702s] -- Found rmw_implementation_cmake: 6.1.2 (/opt/ros/humble/share/rmw_implementation_cmake/cmake)
[0.704s] -- Found rmw_fastrtps_cpp: 6.2.7 (/opt/ros/humble/share/rmw_fastrtps_cpp/cmake)
[0.757s] -- Found OpenSSL: /usr/lib/x86_64-linux-gnu/libcrypto.so (found version "3.0.2")  
[0.777s] -- Found FastRTPS: /opt/ros/humble/include  
[0.807s] -- Using RMW implementation 'rmw_fastrtps_cpp' as default
[0.813s] -- Looking for pthread.h
[0.867s] -- Looking for pthread.h - found
[0.867s] -- Performing Test CMAKE_HAVE_LIBC_PTHREAD
[0.928s] -- Performing Test CMAKE_HAVE_LIBC_PTHREAD - Success
[0.928s] -- Found Threads: TRUE  
[0.964s] -- Found px4_ros2_cpp: 0.0.1 (/home/nb_adm/SWARMz4/ros2_ws/install/px4_ros2_cpp/share/px4_ros2_cpp/cmake)
[0.976s] -- Found ament_lint_auto: 0.12.11 (/opt/ros/humble/share/ament_lint_auto/cmake)
[1.066s] -- Added test 'copyright' to check source files copyright and LICENSE
[1.066s] -- Added test 'cppcheck' to perform static code analysis on C / C++ code
[1.067s] -- Configured cppcheck include dirs: /home/nb_adm/SWARMz4/ros2_ws/src/px4_pkgs/px4-ros2-interface-lib/examples/cpp/modes/rtl_replacement/include
[1.067s] -- Configured cppcheck exclude dirs and/or files: 
[1.068s] -- Added test 'cpplint' to check C / C++ code against the Google style
[1.068s] -- Configured cpplint exclude dirs and/or files: 
[1.069s] -- Added test 'lint_cmake' to check CMake code style
[1.070s] -- Added test 'uncrustify' to check C / C++ code style
[1.070s] -- Configured uncrustify additional arguments: 
[1.070s] -- Added test 'xmllint' to check XML markup files
[1.072s] -- Configuring done
[1.081s] -- Generating done
[1.085s] -- Build files have been written to: /home/nb_adm/SWARMz4/ros2_ws/build/example_mode_rtl_replacement_cpp
[1.097s] Invoked command in '/home/nb_adm/SWARMz4/ros2_ws/build/example_mode_rtl_replacement_cpp' returned '0': CMAKE_PREFIX_PATH=/home/nb_adm/SWARMz4/ros2_ws/install/px4_ros2_cpp:/home/nb_adm/SWARMz4/ros2_ws/install/px4_msgs:/home/nb_adm/SWARMz4/ros2_ws/install/swarmz_interfaces:/home/nb_adm/SWARMz4/ros2_ws/install/px4_ros_com:/home/nb_adm/SWARMz4/ros2_ws/install/example_mode_with_executor_cpp:/home/nb_adm/SWARMz4/ros2_ws/install/example_mode_rtl_replacement_cpp:/home/nb_adm/SWARMz4/ros2_ws/install/example_mode_manual_cpp:/home/nb_adm/SWARMz4/ros2_ws/install/example_mode_goto_global_cpp:/home/nb_adm/SWARMz4/ros2_ws/install/example_mode_goto_cpp:/home/nb_adm/SWARMz4/ros2_ws/install/example_mode_fw_attitude_cpp:/home/nb_adm/SWARMz4/ros2_ws/install/example_local_navigation_cpp:/home/nb_adm/SWARMz4/ros2_ws/install/example_global_navigation_cpp:/home/nb_adm/SWARMz4/ros2_ws/install/offboard_control_cpp:/home/nb_adm/SWARMz4/ros2_ws/install/px4_offboard_velocity:/home/nb_adm/SWARMz4/ros2_ws/install/px4_offboard_position:/home/nb_adm/SWARMz4/ros2_ws/install/px4_gz_bridge:/home/nb_adm/SWARMz4/ros2_ws/install/offboard_control_py:/home/nb_adm/SWARMz4/ros2_ws/install/game_master:/home/nb_adm/SWARMz4/ros2_ws/install/flag_ship:/opt/ros/humble LD_LIBRARY_PATH=/home/nb_adm/SWARMz4/ros2_ws/install/px4_ros2_cpp/lib:/home/nb_adm/SWARMz4/ros2_ws/install/px4_msgs/lib:/home/nb_adm/SWARMz4/ros2_ws/install/swarmz_interfaces/lib:/home/nb_adm/SWARMz4/ros2_ws/install/px4_ros_com/lib:/opt/ros/humble/opt/rviz_ogre_vendor/lib:/opt/ros/humble/lib/x86_64-linux-gnu:/opt/ros/humble/lib /usr/bin/cmake /home/nb_adm/SWARMz4/ros2_ws/src/px4_pkgs/px4-ros2-interface-lib/examples/cpp/modes/rtl_replacement -DCMAKE_INSTALL_PREFIX=/home/nb_adm/SWARMz4/ros2_ws/install/example_mode_rtl_replacement_cpp
[1.099s] Invoking command in '/home/nb_adm/SWARMz4/ros2_ws/build/example_mode_rtl_replacement_cpp': CMAKE_PREFIX_PATH=/home/nb_adm/SWARMz4/ros2_ws/install/px4_ros2_cpp:/home/nb_adm/SWARMz4/ros2_ws/install/px4_msgs:/home/nb_adm/SWARMz4/ros2_ws/install/swarmz_interfaces:/home/nb_adm/SWARMz4/ros2_ws/install/px4_ros_com:/home/nb_adm/SWARMz4/ros2_ws/install/example_mode_with_executor_cpp:/home/nb_adm/SWARMz4/ros2_ws/install/example_mode_rtl_replacement_cpp:/home/nb_adm/SWARMz4/ros2_ws/install/example_mode_manual_cpp:/home/nb_adm/SWARMz4/ros2_ws/install/example_mode_goto_global_cpp:/home/nb_adm/SWARMz4/ros2_ws/install/example_mode_goto_cpp:/home/nb_adm/SWARMz4/ros2_ws/install/example_mode_fw_attitude_cpp:/home/nb_adm/SWARMz4/ros2_ws/install/example_local_navigation_cpp:/home/nb_adm/SWARMz4/ros2_ws/install/example_global_navigation_cpp:/home/nb_adm/SWARMz4/ros2_ws/install/offboard_control_cpp:/home/nb_adm/SWARMz4/ros2_ws/install/px4_offboard_velocity:/home/nb_adm/SWARMz4/ros2_ws/install/px4_offboard_position:/home/nb_adm/SWARMz4/ros2_ws/install/px4_gz_bridge:/home/nb_adm/SWARMz4/ros2_ws/install/offboard_control_py:/home/nb_adm/SWARMz4/ros2_ws/install/game_master:/home/nb_adm/SWARMz4/ros2_ws/install/flag_ship:/opt/ros/humble LD_LIBRARY_PATH=/home/nb_adm/SWARMz4/ros2_ws/install/px4_ros2_cpp/lib:/home/nb_adm/SWARMz4/ros2_ws/install/px4_msgs/lib:/home/nb_adm/SWARMz4/ros2_ws/install/swarmz_interfaces/lib:/home/nb_adm/SWARMz4/ros2_ws/install/px4_ros_com/lib:/opt/ros/humble/opt/rviz_ogre_vendor/lib:/opt/ros/humble/lib/x86_64-linux-gnu:/opt/ros/humble/lib /usr/bin/cmake --build /home/nb_adm/SWARMz4/ros2_ws/build/example_mode_rtl_replacement_cpp -- -j24 -l24
[1.145s] [ 50%] [32mBuilding CXX object CMakeFiles/example_mode_rtl.dir/src/main.cpp.o[0m
[8.101s] [100%] [32m[1mLinking CXX executable example_mode_rtl[0m
[8.882s] [100%] Built target example_mode_rtl
[8.898s] Invoked command in '/home/nb_adm/SWARMz4/ros2_ws/build/example_mode_rtl_replacement_cpp' returned '0': CMAKE_PREFIX_PATH=/home/nb_adm/SWARMz4/ros2_ws/install/px4_ros2_cpp:/home/nb_adm/SWARMz4/ros2_ws/install/px4_msgs:/home/nb_adm/SWARMz4/ros2_ws/install/swarmz_interfaces:/home/nb_adm/SWARMz4/ros2_ws/install/px4_ros_com:/home/nb_adm/SWARMz4/ros2_ws/install/example_mode_with_executor_cpp:/home/nb_adm/SWARMz4/ros2_ws/install/example_mode_rtl_replacement_cpp:/home/nb_adm/SWARMz4/ros2_ws/install/example_mode_manual_cpp:/home/nb_adm/SWARMz4/ros2_ws/install/example_mode_goto_global_cpp:/home/nb_adm/SWARMz4/ros2_ws/install/example_mode_goto_cpp:/home/nb_adm/SWARMz4/ros2_ws/install/example_mode_fw_attitude_cpp:/home/nb_adm/SWARMz4/ros2_ws/install/example_local_navigation_cpp:/home/nb_adm/SWARMz4/ros2_ws/install/example_global_navigation_cpp:/home/nb_adm/SWARMz4/ros2_ws/install/offboard_control_cpp:/home/nb_adm/SWARMz4/ros2_ws/install/px4_offboard_velocity:/home/nb_adm/SWARMz4/ros2_ws/install/px4_offboard_position:/home/nb_adm/SWARMz4/ros2_ws/install/px4_gz_bridge:/home/nb_adm/SWARMz4/ros2_ws/install/offboard_control_py:/home/nb_adm/SWARMz4/ros2_ws/install/game_master:/home/nb_adm/SWARMz4/ros2_ws/install/flag_ship:/opt/ros/humble LD_LIBRARY_PATH=/home/nb_adm/SWARMz4/ros2_ws/install/px4_ros2_cpp/lib:/home/nb_adm/SWARMz4/ros2_ws/install/px4_msgs/lib:/home/nb_adm/SWARMz4/ros2_ws/install/swarmz_interfaces/lib:/home/nb_adm/SWARMz4/ros2_ws/install/px4_ros_com/lib:/opt/ros/humble/opt/rviz_ogre_vendor/lib:/opt/ros/humble/lib/x86_64-linux-gnu:/opt/ros/humble/lib /usr/bin/cmake --build /home/nb_adm/SWARMz4/ros2_ws/build/example_mode_rtl_replacement_cpp -- -j24 -l24
[8.901s] Invoking command in '/home/nb_adm/SWARMz4/ros2_ws/build/example_mode_rtl_replacement_cpp': CMAKE_PREFIX_PATH=/home/nb_adm/SWARMz4/ros2_ws/install/px4_ros2_cpp:/home/nb_adm/SWARMz4/ros2_ws/install/px4_msgs:/home/nb_adm/SWARMz4/ros2_ws/install/swarmz_interfaces:/home/nb_adm/SWARMz4/ros2_ws/install/px4_ros_com:/home/nb_adm/SWARMz4/ros2_ws/install/example_mode_with_executor_cpp:/home/nb_adm/SWARMz4/ros2_ws/install/example_mode_rtl_replacement_cpp:/home/nb_adm/SWARMz4/ros2_ws/install/example_mode_manual_cpp:/home/nb_adm/SWARMz4/ros2_ws/install/example_mode_goto_global_cpp:/home/nb_adm/SWARMz4/ros2_ws/install/example_mode_goto_cpp:/home/nb_adm/SWARMz4/ros2_ws/install/example_mode_fw_attitude_cpp:/home/nb_adm/SWARMz4/ros2_ws/install/example_local_navigation_cpp:/home/nb_adm/SWARMz4/ros2_ws/install/example_global_navigation_cpp:/home/nb_adm/SWARMz4/ros2_ws/install/offboard_control_cpp:/home/nb_adm/SWARMz4/ros2_ws/install/px4_offboard_velocity:/home/nb_adm/SWARMz4/ros2_ws/install/px4_offboard_position:/home/nb_adm/SWARMz4/ros2_ws/install/px4_gz_bridge:/home/nb_adm/SWARMz4/ros2_ws/install/offboard_control_py:/home/nb_adm/SWARMz4/ros2_ws/install/game_master:/home/nb_adm/SWARMz4/ros2_ws/install/flag_ship:/opt/ros/humble LD_LIBRARY_PATH=/home/nb_adm/SWARMz4/ros2_ws/install/px4_ros2_cpp/lib:/home/nb_adm/SWARMz4/ros2_ws/install/px4_msgs/lib:/home/nb_adm/SWARMz4/ros2_ws/install/swarmz_interfaces/lib:/home/nb_adm/SWARMz4/ros2_ws/install/px4_ros_com/lib:/opt/ros/humble/opt/rviz_ogre_vendor/lib:/opt/ros/humble/lib/x86_64-linux-gnu:/opt/ros/humble/lib /usr/bin/cmake --install /home/nb_adm/SWARMz4/ros2_ws/build/example_mode_rtl_replacement_cpp
[8.917s] -- Install configuration: ""
[8.918s] -- Installing: /home/nb_adm/SWARMz4/ros2_ws/install/example_mode_rtl_replacement_cpp/lib/example_mode_rtl_replacement_cpp/example_mode_rtl
[8.927s] -- Set runtime path of "/home/nb_adm/SWARMz4/ros2_ws/install/example_mode_rtl_replacement_cpp/lib/example_mode_rtl_replacement_cpp/example_mode_rtl" to ""
[8.928s] -- Installing: /home/nb_adm/SWARMz4/ros2_ws/install/example_mode_rtl_replacement_cpp/share/ament_index/resource_index/package_run_dependencies/example_mode_rtl_replacement_cpp
[8.928s] -- Installing: /home/nb_adm/SWARMz4/ros2_ws/install/example_mode_rtl_replacement_cpp/share/ament_index/resource_index/parent_prefix_path/example_mode_rtl_replacement_cpp
[8.928s] -- Installing: /home/nb_adm/SWARMz4/ros2_ws/install/example_mode_rtl_replacement_cpp/share/example_mode_rtl_replacement_cpp/environment/ament_prefix_path.sh
[8.928s] -- Installing: /home/nb_adm/SWARMz4/ros2_ws/install/example_mode_rtl_replacement_cpp/share/example_mode_rtl_replacement_cpp/environment/ament_prefix_path.dsv
[8.929s] -- Installing: /home/nb_adm/SWARMz4/ros2_ws/install/example_mode_rtl_replacement_cpp/share/example_mode_rtl_replacement_cpp/environment/path.sh
[8.929s] -- Installing: /home/nb_adm/SWARMz4/ros2_ws/install/example_mode_rtl_replacement_cpp/share/example_mode_rtl_replacement_cpp/environment/path.dsv
[8.929s] -- Installing: /home/nb_adm/SWARMz4/ros2_ws/install/example_mode_rtl_replacement_cpp/share/example_mode_rtl_replacement_cpp/local_setup.bash
[8.930s] -- Installing: /home/nb_adm/SWARMz4/ros2_ws/install/example_mode_rtl_replacement_cpp/share/example_mode_rtl_replacement_cpp/local_setup.sh
[8.930s] -- Installing: /home/nb_adm/SWARMz4/ros2_ws/install/example_mode_rtl_replacement_cpp/share/example_mode_rtl_replacement_cpp/local_setup.zsh
[8.930s] -- Installing: /home/nb_adm/SWARMz4/ros2_ws/install/example_mode_rtl_replacement_cpp/share/example_mode_rtl_replacement_cpp/local_setup.dsv
[8.930s] -- Installing: /home/nb_adm/SWARMz4/ros2_ws/install/example_mode_rtl_replacement_cpp/share/example_mode_rtl_replacement_cpp/package.dsv
[8.931s] -- Installing: /home/nb_adm/SWARMz4/ros2_ws/install/example_mode_rtl_replacement_cpp/share/ament_index/resource_index/packages/example_mode_rtl_replacement_cpp
[8.931s] -- Installing: /home/nb_adm/SWARMz4/ros2_ws/install/example_mode_rtl_replacement_cpp/share/example_mode_rtl_replacement_cpp/cmake/example_mode_rtl_replacement_cppConfig.cmake
[8.931s] -- Installing: /home/nb_adm/SWARMz4/ros2_ws/install/example_mode_rtl_replacement_cpp/share/example_mode_rtl_replacement_cpp/cmake/example_mode_rtl_replacement_cppConfig-version.cmake
[8.932s] -- Installing: /home/nb_adm/SWARMz4/ros2_ws/install/example_mode_rtl_replacement_cpp/share/example_mode_rtl_replacement_cpp/package.xml
[8.936s] Invoked command in '/home/nb_adm/SWARMz4/ros2_ws/build/example_mode_rtl_replacement_cpp' returned '0': CMAKE_PREFIX_PATH=/home/nb_adm/SWARMz4/ros2_ws/install/px4_ros2_cpp:/home/nb_adm/SWARMz4/ros2_ws/install/px4_msgs:/home/nb_adm/SWARMz4/ros2_ws/install/swarmz_interfaces:/home/nb_adm/SWARMz4/ros2_ws/install/px4_ros_com:/home/nb_adm/SWARMz4/ros2_ws/install/example_mode_with_executor_cpp:/home/nb_adm/SWARMz4/ros2_ws/install/example_mode_rtl_replacement_cpp:/home/nb_adm/SWARMz4/ros2_ws/install/example_mode_manual_cpp:/home/nb_adm/SWARMz4/ros2_ws/install/example_mode_goto_global_cpp:/home/nb_adm/SWARMz4/ros2_ws/install/example_mode_goto_cpp:/home/nb_adm/SWARMz4/ros2_ws/install/example_mode_fw_attitude_cpp:/home/nb_adm/SWARMz4/ros2_ws/install/example_local_navigation_cpp:/home/nb_adm/SWARMz4/ros2_ws/install/example_global_navigation_cpp:/home/nb_adm/SWARMz4/ros2_ws/install/offboard_control_cpp:/home/nb_adm/SWARMz4/ros2_ws/install/px4_offboard_velocity:/home/nb_adm/SWARMz4/ros2_ws/install/px4_offboard_position:/home/nb_adm/SWARMz4/ros2_ws/install/px4_gz_bridge:/home/nb_adm/SWARMz4/ros2_ws/install/offboard_control_py:/home/nb_adm/SWARMz4/ros2_ws/install/game_master:/home/nb_adm/SWARMz4/ros2_ws/install/flag_ship:/opt/ros/humble LD_LIBRARY_PATH=/home/nb_adm/SWARMz4/ros2_ws/install/px4_ros2_cpp/lib:/home/nb_adm/SWARMz4/ros2_ws/install/px4_msgs/lib:/home/nb_adm/SWARMz4/ros2_ws/install/swarmz_interfaces/lib:/home/nb_adm/SWARMz4/ros2_ws/install/px4_ros_com/lib:/opt/ros/humble/opt/rviz_ogre_vendor/lib:/opt/ros/humble/lib/x86_64-linux-gnu:/opt/ros/humble/lib /usr/bin/cmake --install /home/nb_adm/SWARMz4/ros2_ws/build/example_mode_rtl_replacement_cpp
