running egg_info
writing ../../../../build/px4_offboard_velocity/px4_offboard_velocity.egg-info/PKG-INFO
writing dependency_links to ../../../../build/px4_offboard_velocity/px4_offboard_velocity.egg-info/dependency_links.txt
writing entry points to ../../../../build/px4_offboard_velocity/px4_offboard_velocity.egg-info/entry_points.txt
writing requirements to ../../../../build/px4_offboard_velocity/px4_offboard_velocity.egg-info/requires.txt
writing top-level names to ../../../../build/px4_offboard_velocity/px4_offboard_velocity.egg-info/top_level.txt
reading manifest file '../../../../build/px4_offboard_velocity/px4_offboard_velocity.egg-info/SOURCES.txt'
writing manifest file '../../../../build/px4_offboard_velocity/px4_offboard_velocity.egg-info/SOURCES.txt'
running build
running build_py
running install
running install_lib
running install_data
running install_egg_info
removing '/home/nb_adm/SWARMz4/ros2_ws/install/px4_offboard_velocity/lib/python3.10/site-packages/px4_offboard_velocity-0.0.0-py3.10.egg-info' (and everything under it)
Copying ../../../../build/px4_offboard_velocity/px4_offboard_velocity.egg-info to /home/nb_adm/SWARMz4/ros2_ws/install/px4_offboard_velocity/lib/python3.10/site-packages/px4_offboard_velocity-0.0.0-py3.10.egg-info
running install_scripts
Installing control script to /home/nb_adm/SWARMz4/ros2_ws/install/px4_offboard_velocity/lib/px4_offboard_velocity
Installing offboard_control script to /home/nb_adm/SWARMz4/ros2_ws/install/px4_offboard_velocity/lib/px4_offboard_velocity
Installing processes script to /home/nb_adm/SWARMz4/ros2_ws/install/px4_offboard_velocity/lib/px4_offboard_velocity
Installing velocity_control script to /home/nb_adm/SWARMz4/ros2_ws/install/px4_offboard_velocity/lib/px4_offboard_velocity
Installing visualizer script to /home/nb_adm/SWARMz4/ros2_ws/install/px4_offboard_velocity/lib/px4_offboard_velocity
writing list of installed files to '/home/nb_adm/SWARMz4/ros2_ws/build/px4_offboard_velocity/install.log'
