[0.773s] Invoking command in '/home/nb_adm/SWARMz4/ros2_ws/src/px4_pkgs/px4_controllers/px4_offboard_velocity': CMAKE_PREFIX_PATH=/home/nb_adm/SWARMz4/ros2_ws/install/px4_msgs:/home/nb_adm/SWARMz4/ros2_ws/install/swarmz_interfaces:/home/nb_adm/SWARMz4/ros2_ws/install/px4_ros_com:/home/nb_adm/SWARMz4/ros2_ws/install/example_mode_with_executor_cpp:/home/nb_adm/SWARMz4/ros2_ws/install/example_mode_rtl_replacement_cpp:/home/nb_adm/SWARMz4/ros2_ws/install/example_mode_manual_cpp:/home/nb_adm/SWARMz4/ros2_ws/install/example_mode_goto_global_cpp:/home/nb_adm/SWARMz4/ros2_ws/install/example_mode_goto_cpp:/home/nb_adm/SWARMz4/ros2_ws/install/example_mode_fw_attitude_cpp:/home/nb_adm/SWARMz4/ros2_ws/install/example_local_navigation_cpp:/home/nb_adm/SWARMz4/ros2_ws/install/example_global_navigation_cpp:/home/nb_adm/SWARMz4/ros2_ws/install/px4_ros2_cpp:/home/nb_adm/SWARMz4/ros2_ws/install/offboard_control_cpp LD_LIBRARY_PATH=/home/nb_adm/SWARMz4/ros2_ws/install/px4_msgs/lib:/home/nb_adm/SWARMz4/ros2_ws/install/swarmz_interfaces/lib:/home/nb_adm/SWARMz4/ros2_ws/install/px4_ros_com/lib:/home/nb_adm/SWARMz4/ros2_ws/install/px4_ros2_cpp/lib:/opt/ros/humble/opt/rviz_ogre_vendor/lib:/opt/ros/humble/lib/x86_64-linux-gnu:/opt/ros/humble/lib PYTHONPATH=/home/nb_adm/SWARMz4/ros2_ws/build/px4_offboard_velocity/prefix_override:/usr/lib/python3/dist-packages/colcon_core/task/python/colcon_distutils_commands:/home/nb_adm/SWARMz4/ros2_ws/install/px4_offboard_velocity/lib/python3.10/site-packages:${PYTHONPATH} /usr/bin/python3 -W ignore:setup.py install is deprecated -W ignore:easy_install command is deprecated setup.py egg_info --egg-base ../../../../build/px4_offboard_velocity build --build-base /home/nb_adm/SWARMz4/ros2_ws/build/px4_offboard_velocity/build install --record /home/nb_adm/SWARMz4/ros2_ws/build/px4_offboard_velocity/install.log --single-version-externally-managed install_data
[1.123s] running egg_info
[1.123s] writing ../../../../build/px4_offboard_velocity/px4_offboard_velocity.egg-info/PKG-INFO
[1.124s] writing dependency_links to ../../../../build/px4_offboard_velocity/px4_offboard_velocity.egg-info/dependency_links.txt
[1.124s] writing entry points to ../../../../build/px4_offboard_velocity/px4_offboard_velocity.egg-info/entry_points.txt
[1.124s] writing requirements to ../../../../build/px4_offboard_velocity/px4_offboard_velocity.egg-info/requires.txt
[1.124s] writing top-level names to ../../../../build/px4_offboard_velocity/px4_offboard_velocity.egg-info/top_level.txt
[1.126s] reading manifest file '../../../../build/px4_offboard_velocity/px4_offboard_velocity.egg-info/SOURCES.txt'
[1.127s] writing manifest file '../../../../build/px4_offboard_velocity/px4_offboard_velocity.egg-info/SOURCES.txt'
[1.127s] running build
[1.127s] running build_py
[1.128s] running install
[1.129s] running install_lib
[1.130s] running install_data
[1.130s] running install_egg_info
[1.132s] removing '/home/nb_adm/SWARMz4/ros2_ws/install/px4_offboard_velocity/lib/python3.10/site-packages/px4_offboard_velocity-0.0.0-py3.10.egg-info' (and everything under it)
[1.132s] Copying ../../../../build/px4_offboard_velocity/px4_offboard_velocity.egg-info to /home/nb_adm/SWARMz4/ros2_ws/install/px4_offboard_velocity/lib/python3.10/site-packages/px4_offboard_velocity-0.0.0-py3.10.egg-info
[1.133s] running install_scripts
[1.149s] Installing control script to /home/nb_adm/SWARMz4/ros2_ws/install/px4_offboard_velocity/lib/px4_offboard_velocity
[1.149s] Installing offboard_control script to /home/nb_adm/SWARMz4/ros2_ws/install/px4_offboard_velocity/lib/px4_offboard_velocity
[1.149s] Installing processes script to /home/nb_adm/SWARMz4/ros2_ws/install/px4_offboard_velocity/lib/px4_offboard_velocity
[1.149s] Installing velocity_control script to /home/nb_adm/SWARMz4/ros2_ws/install/px4_offboard_velocity/lib/px4_offboard_velocity
[1.149s] Installing visualizer script to /home/nb_adm/SWARMz4/ros2_ws/install/px4_offboard_velocity/lib/px4_offboard_velocity
[1.149s] writing list of installed files to '/home/nb_adm/SWARMz4/ros2_ws/build/px4_offboard_velocity/install.log'
[1.166s] Invoked command in '/home/nb_adm/SWARMz4/ros2_ws/src/px4_pkgs/px4_controllers/px4_offboard_velocity' returned '0': CMAKE_PREFIX_PATH=/home/nb_adm/SWARMz4/ros2_ws/install/px4_msgs:/home/nb_adm/SWARMz4/ros2_ws/install/swarmz_interfaces:/home/nb_adm/SWARMz4/ros2_ws/install/px4_ros_com:/home/nb_adm/SWARMz4/ros2_ws/install/example_mode_with_executor_cpp:/home/nb_adm/SWARMz4/ros2_ws/install/example_mode_rtl_replacement_cpp:/home/nb_adm/SWARMz4/ros2_ws/install/example_mode_manual_cpp:/home/nb_adm/SWARMz4/ros2_ws/install/example_mode_goto_global_cpp:/home/nb_adm/SWARMz4/ros2_ws/install/example_mode_goto_cpp:/home/nb_adm/SWARMz4/ros2_ws/install/example_mode_fw_attitude_cpp:/home/nb_adm/SWARMz4/ros2_ws/install/example_local_navigation_cpp:/home/nb_adm/SWARMz4/ros2_ws/install/example_global_navigation_cpp:/home/nb_adm/SWARMz4/ros2_ws/install/px4_ros2_cpp:/home/nb_adm/SWARMz4/ros2_ws/install/offboard_control_cpp LD_LIBRARY_PATH=/home/nb_adm/SWARMz4/ros2_ws/install/px4_msgs/lib:/home/nb_adm/SWARMz4/ros2_ws/install/swarmz_interfaces/lib:/home/nb_adm/SWARMz4/ros2_ws/install/px4_ros_com/lib:/home/nb_adm/SWARMz4/ros2_ws/install/px4_ros2_cpp/lib:/opt/ros/humble/opt/rviz_ogre_vendor/lib:/opt/ros/humble/lib/x86_64-linux-gnu:/opt/ros/humble/lib PYTHONPATH=/home/nb_adm/SWARMz4/ros2_ws/build/px4_offboard_velocity/prefix_override:/usr/lib/python3/dist-packages/colcon_core/task/python/colcon_distutils_commands:/home/nb_adm/SWARMz4/ros2_ws/install/px4_offboard_velocity/lib/python3.10/site-packages:${PYTHONPATH} /usr/bin/python3 -W ignore:setup.py install is deprecated -W ignore:easy_install command is deprecated setup.py egg_info --egg-base ../../../../build/px4_offboard_velocity build --build-base /home/nb_adm/SWARMz4/ros2_ws/build/px4_offboard_velocity/build install --record /home/nb_adm/SWARMz4/ros2_ws/build/px4_offboard_velocity/install.log --single-version-externally-managed install_data
