[1.001s] Invoking command in '/home/nb_adm/SWARMz4/ros2_ws/src/px4_pkgs/px4_controllers/px4_offboard_position': CMAKE_PREFIX_PATH=/home/nb_adm/SWARMz4/ros2_ws/install/px4_msgs:/home/nb_adm/SWARMz4/ros2_ws/install/swarmz_interfaces:/home/nb_adm/SWARMz4/ros2_ws/install/px4_ros_com:/home/nb_adm/SWARMz4/ros2_ws/install/example_mode_with_executor_cpp:/home/nb_adm/SWARMz4/ros2_ws/install/example_mode_rtl_replacement_cpp:/home/nb_adm/SWARMz4/ros2_ws/install/example_mode_manual_cpp:/home/nb_adm/SWARMz4/ros2_ws/install/example_mode_goto_global_cpp:/home/nb_adm/SWARMz4/ros2_ws/install/example_mode_goto_cpp:/home/nb_adm/SWARMz4/ros2_ws/install/example_mode_fw_attitude_cpp:/home/nb_adm/SWARMz4/ros2_ws/install/example_local_navigation_cpp:/home/nb_adm/SWARMz4/ros2_ws/install/example_global_navigation_cpp:/home/nb_adm/SWARMz4/ros2_ws/install/px4_ros2_cpp:/home/nb_adm/SWARMz4/ros2_ws/install/offboard_control_cpp LD_LIBRARY_PATH=/home/nb_adm/SWARMz4/ros2_ws/install/px4_msgs/lib:/home/nb_adm/SWARMz4/ros2_ws/install/swarmz_interfaces/lib:/home/nb_adm/SWARMz4/ros2_ws/install/px4_ros_com/lib:/home/nb_adm/SWARMz4/ros2_ws/install/px4_ros2_cpp/lib:/opt/ros/humble/opt/rviz_ogre_vendor/lib:/opt/ros/humble/lib/x86_64-linux-gnu:/opt/ros/humble/lib PYTHONPATH=/home/nb_adm/SWARMz4/ros2_ws/build/px4_offboard_position/prefix_override:/usr/lib/python3/dist-packages/colcon_core/task/python/colcon_distutils_commands:/home/nb_adm/SWARMz4/ros2_ws/install/px4_offboard_position/lib/python3.10/site-packages:${PYTHONPATH} /usr/bin/python3 -W ignore:setup.py install is deprecated -W ignore:easy_install command is deprecated setup.py egg_info --egg-base ../../../../build/px4_offboard_position build --build-base /home/nb_adm/SWARMz4/ros2_ws/build/px4_offboard_position/build install --record /home/nb_adm/SWARMz4/ros2_ws/build/px4_offboard_position/install.log --single-version-externally-managed install_data
[1.348s] running egg_info
[1.348s] writing ../../../../build/px4_offboard_position/px4_offboard_position.egg-info/PKG-INFO
[1.349s] writing dependency_links to ../../../../build/px4_offboard_position/px4_offboard_position.egg-info/dependency_links.txt
[1.349s] writing entry points to ../../../../build/px4_offboard_position/px4_offboard_position.egg-info/entry_points.txt
[1.349s] writing requirements to ../../../../build/px4_offboard_position/px4_offboard_position.egg-info/requires.txt
[1.349s] writing top-level names to ../../../../build/px4_offboard_position/px4_offboard_position.egg-info/top_level.txt
[1.351s] reading manifest file '../../../../build/px4_offboard_position/px4_offboard_position.egg-info/SOURCES.txt'
[1.358s] writing manifest file '../../../../build/px4_offboard_position/px4_offboard_position.egg-info/SOURCES.txt'
[1.358s] running build
[1.358s] running build_py
[1.359s] running install
[1.359s] running install_lib
[1.361s] running install_data
[1.361s] running install_egg_info
[1.363s] removing '/home/nb_adm/SWARMz4/ros2_ws/install/px4_offboard_position/lib/python3.10/site-packages/px4_offboard_position-0.0.0-py3.10.egg-info' (and everything under it)
[1.363s] Copying ../../../../build/px4_offboard_position/px4_offboard_position.egg-info to /home/nb_adm/SWARMz4/ros2_ws/install/px4_offboard_position/lib/python3.10/site-packages/px4_offboard_position-0.0.0-py3.10.egg-info
[1.364s] running install_scripts
[1.385s] Installing offboard_control script to /home/nb_adm/SWARMz4/ros2_ws/install/px4_offboard_position/lib/px4_offboard_position
[1.385s] Installing visualizer script to /home/nb_adm/SWARMz4/ros2_ws/install/px4_offboard_position/lib/px4_offboard_position
[1.385s] writing list of installed files to '/home/nb_adm/SWARMz4/ros2_ws/build/px4_offboard_position/install.log'
[1.411s] Invoked command in '/home/nb_adm/SWARMz4/ros2_ws/src/px4_pkgs/px4_controllers/px4_offboard_position' returned '0': CMAKE_PREFIX_PATH=/home/nb_adm/SWARMz4/ros2_ws/install/px4_msgs:/home/nb_adm/SWARMz4/ros2_ws/install/swarmz_interfaces:/home/nb_adm/SWARMz4/ros2_ws/install/px4_ros_com:/home/nb_adm/SWARMz4/ros2_ws/install/example_mode_with_executor_cpp:/home/nb_adm/SWARMz4/ros2_ws/install/example_mode_rtl_replacement_cpp:/home/nb_adm/SWARMz4/ros2_ws/install/example_mode_manual_cpp:/home/nb_adm/SWARMz4/ros2_ws/install/example_mode_goto_global_cpp:/home/nb_adm/SWARMz4/ros2_ws/install/example_mode_goto_cpp:/home/nb_adm/SWARMz4/ros2_ws/install/example_mode_fw_attitude_cpp:/home/nb_adm/SWARMz4/ros2_ws/install/example_local_navigation_cpp:/home/nb_adm/SWARMz4/ros2_ws/install/example_global_navigation_cpp:/home/nb_adm/SWARMz4/ros2_ws/install/px4_ros2_cpp:/home/nb_adm/SWARMz4/ros2_ws/install/offboard_control_cpp LD_LIBRARY_PATH=/home/nb_adm/SWARMz4/ros2_ws/install/px4_msgs/lib:/home/nb_adm/SWARMz4/ros2_ws/install/swarmz_interfaces/lib:/home/nb_adm/SWARMz4/ros2_ws/install/px4_ros_com/lib:/home/nb_adm/SWARMz4/ros2_ws/install/px4_ros2_cpp/lib:/opt/ros/humble/opt/rviz_ogre_vendor/lib:/opt/ros/humble/lib/x86_64-linux-gnu:/opt/ros/humble/lib PYTHONPATH=/home/nb_adm/SWARMz4/ros2_ws/build/px4_offboard_position/prefix_override:/usr/lib/python3/dist-packages/colcon_core/task/python/colcon_distutils_commands:/home/nb_adm/SWARMz4/ros2_ws/install/px4_offboard_position/lib/python3.10/site-packages:${PYTHONPATH} /usr/bin/python3 -W ignore:setup.py install is deprecated -W ignore:easy_install command is deprecated setup.py egg_info --egg-base ../../../../build/px4_offboard_position build --build-base /home/nb_adm/SWARMz4/ros2_ws/build/px4_offboard_position/build install --record /home/nb_adm/SWARMz4/ros2_ws/build/px4_offboard_position/install.log --single-version-externally-managed install_data
