/home/nb_adm/SWARMz4/ros2_ws/install/offboard_control_py/lib/python3.10/site-packages/offboard_control_py/offboard_control_goto.py
/home/nb_adm/SWARMz4/ros2_ws/install/offboard_control_py/lib/python3.10/site-packages/offboard_control_py/offboard_control.py
/home/nb_adm/SWARMz4/ros2_ws/install/offboard_control_py/lib/python3.10/site-packages/offboard_control_py/__init__.py
/home/nb_adm/SWARMz4/ros2_ws/install/offboard_control_py/lib/python3.10/site-packages/offboard_control_py/simu_processes.py
/home/nb_adm/SWARMz4/ros2_ws/install/offboard_control_py/lib/python3.10/site-packages/offboard_control_py/tight_circle.py
/home/nb_adm/SWARMz4/ros2_ws/install/offboard_control_py/lib/python3.10/site-packages/offboard_control_py/mission_control.py
/home/nb_adm/SWARMz4/ros2_ws/install/offboard_control_py/lib/python3.10/site-packages/offboard_control_py/simu_circle.py
/home/nb_adm/SWARMz4/ros2_ws/install/offboard_control_py/lib/python3.10/site-packages/offboard_control_py/__pycache__/offboard_control_goto.cpython-310.pyc
/home/nb_adm/SWARMz4/ros2_ws/install/offboard_control_py/lib/python3.10/site-packages/offboard_control_py/__pycache__/offboard_control.cpython-310.pyc
/home/nb_adm/SWARMz4/ros2_ws/install/offboard_control_py/lib/python3.10/site-packages/offboard_control_py/__pycache__/__init__.cpython-310.pyc
/home/nb_adm/SWARMz4/ros2_ws/install/offboard_control_py/lib/python3.10/site-packages/offboard_control_py/__pycache__/simu_processes.cpython-310.pyc
/home/nb_adm/SWARMz4/ros2_ws/install/offboard_control_py/lib/python3.10/site-packages/offboard_control_py/__pycache__/tight_circle.cpython-310.pyc
/home/nb_adm/SWARMz4/ros2_ws/install/offboard_control_py/lib/python3.10/site-packages/offboard_control_py/__pycache__/mission_control.cpython-310.pyc
/home/nb_adm/SWARMz4/ros2_ws/install/offboard_control_py/lib/python3.10/site-packages/offboard_control_py/__pycache__/simu_circle.cpython-310.pyc
/home/nb_adm/SWARMz4/ros2_ws/install/offboard_control_py/share/ament_index/resource_index/packages/offboard_control_py
/home/nb_adm/SWARMz4/ros2_ws/install/offboard_control_py/share/offboard_control_py/package.xml
/home/nb_adm/SWARMz4/ros2_ws/install/offboard_control_py/share/offboard_control_py/launch/SwarmZ_simu_cpp.launch.py
/home/nb_adm/SWARMz4/ros2_ws/install/offboard_control_py/share/offboard_control_py/launch/SwarmZ_mission.launch.py
/home/nb_adm/SWARMz4/ros2_ws/install/offboard_control_py/share/offboard_control_py/launch/SwarmZ_simu.launch.py
/home/nb_adm/SWARMz4/ros2_ws/install/offboard_control_py/share/offboard_control_py/launch/offboard_control_goto.launch.py
/home/nb_adm/SWARMz4/ros2_ws/install/offboard_control_py/share/offboard_control_py/launch/new_mission_launch.py
/home/nb_adm/SWARMz4/ros2_ws/install/offboard_control_py/lib/python3.10/site-packages/offboard_control_py-0.0.0-py3.10.egg-info/dependency_links.txt
/home/nb_adm/SWARMz4/ros2_ws/install/offboard_control_py/lib/python3.10/site-packages/offboard_control_py-0.0.0-py3.10.egg-info/PKG-INFO
/home/nb_adm/SWARMz4/ros2_ws/install/offboard_control_py/lib/python3.10/site-packages/offboard_control_py-0.0.0-py3.10.egg-info/requires.txt
/home/nb_adm/SWARMz4/ros2_ws/install/offboard_control_py/lib/python3.10/site-packages/offboard_control_py-0.0.0-py3.10.egg-info/SOURCES.txt
/home/nb_adm/SWARMz4/ros2_ws/install/offboard_control_py/lib/python3.10/site-packages/offboard_control_py-0.0.0-py3.10.egg-info/entry_points.txt
/home/nb_adm/SWARMz4/ros2_ws/install/offboard_control_py/lib/python3.10/site-packages/offboard_control_py-0.0.0-py3.10.egg-info/top_level.txt
/home/nb_adm/SWARMz4/ros2_ws/install/offboard_control_py/lib/python3.10/site-packages/offboard_control_py-0.0.0-py3.10.egg-info/zip-safe
/home/nb_adm/SWARMz4/ros2_ws/install/offboard_control_py/lib/offboard_control_py/mission_control
/home/nb_adm/SWARMz4/ros2_ws/install/offboard_control_py/lib/offboard_control_py/offboard_control
/home/nb_adm/SWARMz4/ros2_ws/install/offboard_control_py/lib/offboard_control_py/offboard_control_goto
/home/nb_adm/SWARMz4/ros2_ws/install/offboard_control_py/lib/offboard_control_py/simu_circle
/home/nb_adm/SWARMz4/ros2_ws/install/offboard_control_py/lib/offboard_control_py/simu_processes
/home/nb_adm/SWARMz4/ros2_ws/install/offboard_control_py/lib/offboard_control_py/tight_circle
